# JRE version: OpenJDK Runtime Environment Temurin-21.0.7+6 (21.0.7+6) (build 21.0.7+6-LTS)
# Java VM: OpenJDK 64-Bit Server VM Temurin-21.0.7+6 (21.0.7+6-LTS, mixed mode, sharing, tiered, compressed oops, compressed class ptrs, parallel gc, windows-amd64)
GC Precious Log:
 CardTable entry size: 512
 CPUs: 12 total, 12 available
 Memory: 6005M
 Large Page Support: Disabled
 NUMA Support: Disabled
 Compressed Oops: Enabled (32-bit)
 Alignments: Space 512K, Generation 512K, Heap 2M
 Heap Min Capacity: 100M
 Heap Initial Capacity: 100M
 Heap Max Capacity: 2G
 Pre-touch: Disabled
 Parallel Workers: 10
Heap:
 PSYoungGen      total 9216K, used 1012K [0x00000000d5580000, 0x00000000d5f80000, 0x0000000100000000)
  eden space 8192K, 0% used [0x00000000d5580000,0x00000000d5580000,0x00000000d5d80000)
  from space 1024K, 98% used [0x00000000d5e80000,0x00000000d5f7d1d8,0x00000000d5f80000)
  to   space 512K, 0% used [0x00000000d5e00000,0x00000000d5e00000,0x00000000d5e80000)
 ParOldGen       total 527360K, used 526954K [0x0000000080000000, 0x00000000a0300000, 0x00000000d5580000)
  object space 527360K, 99% used [0x0000000080000000,0x00000000a029aa30,0x00000000a0300000)
 Metaspace       used 72984K, committed 74496K, reserved 1179648K
  class space    used 7347K, committed 8000K, reserved 1048576K
GC Heap History (20 events):
Event: 39.556 GC heap before
{Heap before GC invocations=857 (full 3):
 PSYoungGen      total 7680K, used 7407K [0x00000000d5580000, 0x00000000d5f80000, 0x0000000100000000)
  eden space 6656K, 100% used [0x00000000d5580000,0x00000000d5c00000,0x00000000d5c00000)
  from space 1024K, 73% used [0x00000000d5c00000,0x00000000d5cbbfc0,0x00000000d5d00000)
  to   space 1024K, 0% used [0x00000000d5e80000,0x00000000d5e80000,0x00000000d5f80000)
 ParOldGen       total 520704K, used 520304K [0x0000000080000000, 0x000000009fc80000, 0x00000000d5580000)
  object space 520704K, 99% used [0x0000000080000000,0x000000009fc1c168,0x000000009fc80000)
 Metaspace       used 72959K, committed 74432K, reserved 1179648K
  class space    used 7346K, committed 8000K, reserved 1048576K
}
Event: 39.559 GC heap after
{Heap after GC invocations=857 (full 3):
 PSYoungGen      total 9216K, used 608K [0x00000000d5580000, 0x00000000d5f80000, 0x0000000100000000)
  eden space 8192K, 0% used [0x00000000d5580000,0x00000000d5580000,0x00000000d5d80000)
  from space 1024K, 59% used [0x00000000d5e80000,0x00000000d5f18000,0x00000000d5f80000)
  to   space 1024K, 0% used [0x00000000d5d80000,0x00000000d5d80000,0x00000000d5e80000)
 ParOldGen       total 521216K, used 520779K [0x0000000080000000, 0x000000009fd00000, 0x00000000d5580000)
  object space 521216K, 99% used [0x0000000080000000,0x000000009fc92c88,0x000000009fd00000)
 Metaspace       used 72959K, committed 74432K, reserved 1179648K
  class space    used 7346K, committed 8000K, reserved 1048576K
}
Event: 39.579 GC heap before
{Heap before GC invocations=858 (full 3):
 PSYoungGen      total 9216K, used 8800K [0x00000000d5580000, 0x00000000d5f80000, 0x0000000100000000)
  eden space 8192K, 100% used [0x00000000d5580000,0x00000000d5d80000,0x00000000d5d80000)
  from space 1024K, 59% used [0x00000000d5e80000,0x00000000d5f18000,0x00000000d5f80000)
  to   space 1024K, 0% used [0x00000000d5d80000,0x00000000d5d80000,0x00000000d5e80000)
 ParOldGen       total 521216K, used 520779K [0x0000000080000000, 0x000000009fd00000, 0x00000000d5580000)
  object space 521216K, 99% used [0x0000000080000000,0x000000009fc92c88,0x000000009fd00000)
 Metaspace       used 72961K, committed 74432K, reserved 1179648K
  class space    used 7346K, committed 8000K, reserved 1048576K
}
Event: 39.582 GC heap after
{Heap after GC invocations=858 (full 3):
 PSYoungGen      total 9216K, used 672K [0x00000000d5580000, 0x00000000d5f80000, 0x0000000100000000)
  eden space 8192K, 0% used [0x00000000d5580000,0x00000000d5580000,0x00000000d5d80000)
  from space 1024K, 65% used [0x00000000d5d80000,0x00000000d5e28000,0x00000000d5e80000)
  to   space 1024K, 0% used [0x00000000d5e80000,0x00000000d5e80000,0x00000000d5f80000)
 ParOldGen       total 521216K, used 521194K [0x0000000080000000, 0x000000009fd00000, 0x00000000d5580000)
  object space 521216K, 99% used [0x0000000080000000,0x000000009fcfa978,0x000000009fd00000)
 Metaspace       used 72961K, committed 74432K, reserved 1179648K
  class space    used 7346K, committed 8000K, reserved 1048576K
}
Event: 39.600 GC heap before
{Heap before GC invocations=859 (full 3):
 PSYoungGen      total 9216K, used 8864K [0x00000000d5580000, 0x00000000d5f80000, 0x0000000100000000)
  eden space 8192K, 100% used [0x00000000d5580000,0x00000000d5d80000,0x00000000d5d80000)
  from space 1024K, 65% used [0x00000000d5d80000,0x00000000d5e28000,0x00000000d5e80000)
  to   space 1024K, 0% used [0x00000000d5e80000,0x00000000d5e80000,0x00000000d5f80000)
 ParOldGen       total 521216K, used 521194K [0x0000000080000000, 0x000000009fd00000, 0x00000000d5580000)
  object space 521216K, 99% used [0x0000000080000000,0x000000009fcfa978,0x000000009fd00000)
 Metaspace       used 72961K, committed 74432K, reserved 1179648K
  class space    used 7346K, committed 8000K, reserved 1048576K
}
Event: 39.604 GC heap after
{Heap after GC invocations=859 (full 3):
 PSYoungGen      total 9216K, used 480K [0x00000000d5580000, 0x00000000d5f80000, 0x0000000100000000)
  eden space 8192K, 0% used [0x00000000d5580000,0x00000000d5580000,0x00000000d5d80000)
  from space 1024K, 46% used [0x00000000d5e80000,0x00000000d5ef8000,0x00000000d5f80000)
  to   space 1024K, 0% used [0x00000000d5d80000,0x00000000d5d80000,0x00000000d5e80000)
 ParOldGen       total 521728K, used 521698K [0x0000000080000000, 0x000000009fd80000, 0x00000000d5580000)
  object space 521728K, 99% used [0x0000000080000000,0x000000009fd78988,0x000000009fd80000)
 Metaspace       used 72961K, committed 74432K, reserved 1179648K
  class space    used 7346K, committed 8000K, reserved 1048576K
}
Event: 39.623 GC heap before
{Heap before GC invocations=860 (full 3):
 PSYoungGen      total 9216K, used 8672K [0x00000000d5580000, 0x00000000d5f80000, 0x0000000100000000)
  eden space 8192K, 100% used [0x00000000d5580000,0x00000000d5d80000,0x00000000d5d80000)
  from space 1024K, 46% used [0x00000000d5e80000,0x00000000d5ef8000,0x00000000d5f80000)
  to   space 1024K, 0% used [0x00000000d5d80000,0x00000000d5d80000,0x00000000d5e80000)
 ParOldGen       total 521728K, used 521698K [0x0000000080000000, 0x000000009fd80000, 0x00000000d5580000)
  object space 521728K, 99% used [0x0000000080000000,0x000000009fd78988,0x000000009fd80000)
 Metaspace       used 72961K, committed 74432K, reserved 1179648K
  class space    used 7346K, committed 8000K, reserved 1048576K
}
Event: 39.625 GC heap after
{Heap after GC invocations=860 (full 3):
 PSYoungGen      total 9216K, used 450K [0x00000000d5580000, 0x00000000d5f00000, 0x0000000100000000)
  eden space 8192K, 0% used [0x00000000d5580000,0x00000000d5580000,0x00000000d5d80000)
  from space 1024K, 43% used [0x00000000d5d80000,0x00000000d5df0810,0x00000000d5e80000)
  to   space 512K, 0% used [0x00000000d5e80000,0x00000000d5e80000,0x00000000d5f00000)
 ParOldGen       total 522240K, used 522007K [0x0000000080000000, 0x000000009fe00000, 0x00000000d5580000)
  object space 522240K, 99% used [0x0000000080000000,0x000000009fdc5ce0,0x000000009fe00000)
 Metaspace       used 72961K, committed 74432K, reserved 1179648K
  class space    used 7346K, committed 8000K, reserved 1048576K
}
Event: 39.646 GC heap before
{Heap before GC invocations=861 (full 3):
 PSYoungGen      total 9216K, used 8642K [0x00000000d5580000, 0x00000000d5f00000, 0x0000000100000000)
  eden space 8192K, 100% used [0x00000000d5580000,0x00000000d5d80000,0x00000000d5d80000)
  from space 1024K, 43% used [0x00000000d5d80000,0x00000000d5df0810,0x00000000d5e80000)
  to   space 512K, 0% used [0x00000000d5e80000,0x00000000d5e80000,0x00000000d5f00000)
 ParOldGen       total 522240K, used 522007K [0x0000000080000000, 0x000000009fe00000, 0x00000000d5580000)
  object space 522240K, 99% used [0x0000000080000000,0x000000009fdc5ce0,0x000000009fe00000)
 Metaspace       used 72962K, committed 74432K, reserved 1179648K
  class space    used 7346K, committed 8000K, reserved 1048576K
}
Event: 39.650 GC heap after
{Heap after GC invocations=861 (full 3):
 PSYoungGen      total 8704K, used 512K [0x00000000d5580000, 0x00000000d5f80000, 0x0000000100000000)
  eden space 8192K, 0% used [0x00000000d5580000,0x00000000d5580000,0x00000000d5d80000)
  from space 512K, 100% used [0x00000000d5e80000,0x00000000d5f00000,0x00000000d5f00000)
  to   space 1024K, 0% used [0x00000000d5d80000,0x00000000d5d80000,0x00000000d5e80000)
 ParOldGen       total 522752K, used 522240K [0x0000000080000000, 0x000000009fe80000, 0x00000000d5580000)
  object space 522752K, 99% used [0x0000000080000000,0x000000009fe000d0,0x000000009fe80000)
 Metaspace       used 72962K, committed 74432K, reserved 1179648K
  class space    used 7346K, committed 8000K, reserved 1048576K
}
Event: 39.674 GC heap before
{Heap before GC invocations=862 (full 3):
 PSYoungGen      total 8704K, used 8704K [0x00000000d5580000, 0x00000000d5f80000, 0x0000000100000000)
  eden space 8192K, 100% used [0x00000000d5580000,0x00000000d5d80000,0x00000000d5d80000)
  from space 512K, 100% used [0x00000000d5e80000,0x00000000d5f00000,0x00000000d5f00000)
  to   space 1024K, 0% used [0x00000000d5d80000,0x00000000d5d80000,0x00000000d5e80000)
 ParOldGen       total 522752K, used 522240K [0x0000000080000000, 0x000000009fe80000, 0x00000000d5580000)
  object space 522752K, 99% used [0x0000000080000000,0x000000009fe000d0,0x000000009fe80000)
 Metaspace       used 72965K, committed 74496K, reserved 1179648K
  class space    used 7346K, committed 8000K, reserved 1048576K
}
Event: 39.677 GC heap after
{Heap after GC invocations=862 (full 3):
 PSYoungGen      total 9216K, used 608K [0x00000000d5580000, 0x00000000d5f80000, 0x0000000100000000)
  eden space 8192K, 0% used [0x00000000d5580000,0x00000000d5580000,0x00000000d5d80000)
  from space 1024K, 59% used [0x00000000d5d80000,0x00000000d5e18000,0x00000000d5e80000)
  to   space 1024K, 0% used [0x00000000d5e80000,0x00000000d5e80000,0x00000000d5f80000)
 ParOldGen       total 522752K, used 522670K [0x0000000080000000, 0x000000009fe80000, 0x00000000d5580000)
  object space 522752K, 99% used [0x0000000080000000,0x000000009fe6ba50,0x000000009fe80000)
 Metaspace       used 72965K, committed 74496K, reserved 1179648K
  class space    used 7346K, committed 8000K, reserved 1048576K
}
Event: 39.704 GC heap before
{Heap before GC invocations=863 (full 3):
 PSYoungGen      total 9216K, used 8800K [0x00000000d5580000, 0x00000000d5f80000, 0x0000000100000000)
  eden space 8192K, 100% used [0x00000000d5580000,0x00000000d5d80000,0x00000000d5d80000)
  from space 1024K, 59% used [0x00000000d5d80000,0x00000000d5e18000,0x00000000d5e80000)
  to   space 1024K, 0% used [0x00000000d5e80000,0x00000000d5e80000,0x00000000d5f80000)
 ParOldGen       total 522752K, used 522670K [0x0000000080000000, 0x000000009fe80000, 0x00000000d5580000)
  object space 522752K, 99% used [0x0000000080000000,0x000000009fe6ba50,0x000000009fe80000)
 Metaspace       used 72973K, committed 74496K, reserved 1179648K
  class space    used 7347K, committed 8000K, reserved 1048576K
}
Event: 39.708 GC heap after
{Heap after GC invocations=863 (full 3):
 PSYoungGen      total 9216K, used 703K [0x00000000d5580000, 0x00000000d5f80000, 0x0000000100000000)
  eden space 8192K, 0% used [0x00000000d5580000,0x00000000d5580000,0x00000000d5d80000)
  from space 1024K, 68% used [0x00000000d5e80000,0x00000000d5f2fe58,0x00000000d5f80000)
  to   space 1024K, 0% used [0x00000000d5d80000,0x00000000d5d80000,0x00000000d5e80000)
 ParOldGen       total 523264K, used 523095K [0x0000000080000000, 0x000000009ff00000, 0x00000000d5580000)
  object space 523264K, 99% used [0x0000000080000000,0x000000009fed5c18,0x000000009ff00000)
 Metaspace       used 72973K, committed 74496K, reserved 1179648K
  class space    used 7347K, committed 8000K, reserved 1048576K
}
Event: 39.727 GC heap before
{Heap before GC invocations=864 (full 3):
 PSYoungGen      total 9216K, used 8895K [0x00000000d5580000, 0x00000000d5f80000, 0x0000000100000000)
  eden space 8192K, 100% used [0x00000000d5580000,0x00000000d5d80000,0x00000000d5d80000)
  from space 1024K, 68% used [0x00000000d5e80000,0x00000000d5f2fe58,0x00000000d5f80000)
  to   space 1024K, 0% used [0x00000000d5d80000,0x00000000d5d80000,0x00000000d5e80000)
 ParOldGen       total 523264K, used 523095K [0x0000000080000000, 0x000000009ff00000, 0x00000000d5580000)
  object space 523264K, 99% used [0x0000000080000000,0x000000009fed5c18,0x000000009ff00000)
 Metaspace       used 72979K, committed 74496K, reserved 1179648K
  class space    used 7347K, committed 8000K, reserved 1048576K
}
Event: 39.730 GC heap after
{Heap after GC invocations=864 (full 3):
 PSYoungGen      total 9216K, used 448K [0x00000000d5580000, 0x00000000d5f80000, 0x0000000100000000)
  eden space 8192K, 0% used [0x00000000d5580000,0x00000000d5580000,0x00000000d5d80000)
  from space 1024K, 43% used [0x00000000d5d80000,0x00000000d5df0230,0x00000000d5e80000)
  to   space 1024K, 0% used [0x00000000d5e80000,0x00000000d5e80000,0x00000000d5f80000)
 ParOldGen       total 523776K, used 523652K [0x0000000080000000, 0x000000009ff80000, 0x00000000d5580000)
  object space 523776K, 99% used [0x0000000080000000,0x000000009ff61388,0x000000009ff80000)
 Metaspace       used 72979K, committed 74496K, reserved 1179648K
  class space    used 7347K, committed 8000K, reserved 1048576K
}
Event: 39.752 GC heap before
{Heap before GC invocations=865 (full 3):
 PSYoungGen      total 9216K, used 8640K [0x00000000d5580000, 0x00000000d5f80000, 0x0000000100000000)
  eden space 8192K, 100% used [0x00000000d5580000,0x00000000d5d80000,0x00000000d5d80000)
  from space 1024K, 43% used [0x00000000d5d80000,0x00000000d5df0230,0x00000000d5e80000)
  to   space 1024K, 0% used [0x00000000d5e80000,0x00000000d5e80000,0x00000000d5f80000)
 ParOldGen       total 523776K, used 523652K [0x0000000080000000, 0x000000009ff80000, 0x00000000d5580000)
  object space 523776K, 99% used [0x0000000080000000,0x000000009ff61388,0x000000009ff80000)
 Metaspace       used 72981K, committed 74496K, reserved 1179648K
  class space    used 7347K, committed 8000K, reserved 1048576K
}
Event: 39.756 GC heap after
{Heap after GC invocations=865 (full 3):
 PSYoungGen      total 9216K, used 758K [0x00000000d5580000, 0x00000000d5f80000, 0x0000000100000000)
  eden space 8192K, 0% used [0x00000000d5580000,0x00000000d5580000,0x00000000d5d80000)
  from space 1024K, 74% used [0x00000000d5e80000,0x00000000d5f3db00,0x00000000d5f80000)
  to   space 1024K, 0% used [0x00000000d5d80000,0x00000000d5d80000,0x00000000d5e80000)
 ParOldGen       total 524288K, used 523945K [0x0000000080000000, 0x00000000a0000000, 0x00000000d5580000)
  object space 524288K, 99% used [0x0000000080000000,0x000000009ffaa450,0x00000000a0000000)
 Metaspace       used 72981K, committed 74496K, reserved 1179648K
  class space    used 7347K, committed 8000K, reserved 1048576K
}
Event: 39.772 GC heap before
{Heap before GC invocations=866 (full 3):
 PSYoungGen      total 9216K, used 8950K [0x00000000d5580000, 0x00000000d5f80000, 0x0000000100000000)
  eden space 8192K, 100% used [0x00000000d5580000,0x00000000d5d80000,0x00000000d5d80000)
  from space 1024K, 74% used [0x00000000d5e80000,0x00000000d5f3db00,0x00000000d5f80000)
  to   space 1024K, 0% used [0x00000000d5d80000,0x00000000d5d80000,0x00000000d5e80000)
 ParOldGen       total 524288K, used 523945K [0x0000000080000000, 0x00000000a0000000, 0x00000000d5580000)
  object space 524288K, 99% used [0x0000000080000000,0x000000009ffaa450,0x00000000a0000000)
 Metaspace       used 72981K, committed 74496K, reserved 1179648K
  class space    used 7347K, committed 8000K, reserved 1048576K
}
Event: 39.775 GC heap after
{Heap after GC invocations=866 (full 3):
 PSYoungGen      total 9216K, used 470K [0x00000000d5580000, 0x00000000d5f80000, 0x0000000100000000)
  eden space 8192K, 0% used [0x00000000d5580000,0x00000000d5580000,0x00000000d5d80000)
  from space 1024K, 45% used [0x00000000d5d80000,0x00000000d5df5808,0x00000000d5e80000)
  to   space 1024K, 0% used [0x00000000d5e80000,0x00000000d5e80000,0x00000000d5f80000)
 ParOldGen       total 524800K, used 524568K [0x0000000080000000, 0x00000000a0080000, 0x00000000d5580000)
  object space 524800K, 99% used [0x0000000080000000,0x00000000a0046168,0x00000000a0080000)
 Metaspace       used 72981K, committed 74496K, reserved 1179648K
  class space    used 7347K, committed 8000K, reserved 1048576K
}

