# JRE version: OpenJDK Runtime Environment Temurin-21.0.7+6 (21.0.7+6) (build 21.0.7+6-LTS)
# Java VM: OpenJDK 64-Bit Server VM Temurin-21.0.7+6 (21.0.7+6-LTS, mixed mode, sharing, tiered, compressed oops, compressed class ptrs, parallel gc, windows-amd64)
GC Precious Log:
 CardTable entry size: 512
 CPUs: 12 total, 12 available
 Memory: 6005M
 Large Page Support: Disabled
 NUMA Support: Disabled
 Compressed Oops: Enabled (32-bit)
 Alignments: Space 512K, Generation 512K, Heap 2M
 Heap Min Capacity: 100M
 Heap Initial Capacity: 100M
 Heap Max Capacity: 2G
 Pre-touch: Disabled
 Parallel Workers: 10
Heap:
 PSYoungGen      total 8192K, used 5566K [0x00000000d5580000, 0x00000000d5e80000, 0x0000000100000000)
  eden space 7168K, 65% used [0x00000000d5580000,0x00000000d5a179d0,0x00000000d5c80000)
  from space 1024K, 84% used [0x00000000d5c80000,0x00000000d5d58000,0x00000000d5d80000)
  to   space 1024K, 0% used [0x00000000d5d80000,0x00000000d5d80000,0x00000000d5e80000)
 ParOldGen       total 614400K, used 613951K [0x0000000080000000, 0x00000000a5800000, 0x00000000d5580000)
  object space 614400K, 99% used [0x0000000080000000,0x00000000a578fd70,0x00000000a5800000)
 Metaspace       used 74193K, committed 75776K, reserved 1179648K
  class space    used 7442K, committed 8192K, reserved 1048576K
GC Heap History (20 events):
Event: 63.575 GC heap before
{Heap before GC invocations=848 (full 3):
 PSYoungGen      total 11264K, used 10912K [0x00000000d5580000, 0x00000000d6280000, 0x0000000100000000)
  eden space 9728K, 100% used [0x00000000d5580000,0x00000000d5f00000,0x00000000d5f00000)
  from space 1536K, 77% used [0x00000000d6100000,0x00000000d6228000,0x00000000d6280000)
  to   space 1536K, 0% used [0x00000000d5f00000,0x00000000d5f00000,0x00000000d6080000)
 ParOldGen       total 604672K, used 604169K [0x0000000080000000, 0x00000000a4e80000, 0x00000000d5580000)
  object space 604672K, 99% used [0x0000000080000000,0x00000000a4e02448,0x00000000a4e80000)
 Metaspace       used 74188K, committed 75776K, reserved 1179648K
  class space    used 7442K, committed 8192K, reserved 1048576K
}
Event: 63.597 GC heap after
{Heap after GC invocations=848 (full 3):
 PSYoungGen      total 11264K, used 1152K [0x00000000d5580000, 0x00000000d6200000, 0x0000000100000000)
  eden space 9728K, 0% used [0x00000000d5580000,0x00000000d5580000,0x00000000d5f00000)
  from space 1536K, 75% used [0x00000000d5f00000,0x00000000d6020000,0x00000000d6080000)
  to   space 1536K, 0% used [0x00000000d6080000,0x00000000d6080000,0x00000000d6200000)
 ParOldGen       total 605696K, used 605198K [0x0000000080000000, 0x00000000a4f80000, 0x00000000d5580000)
  object space 605696K, 99% used [0x0000000080000000,0x00000000a4f03a58,0x00000000a4f80000)
 Metaspace       used 74188K, committed 75776K, reserved 1179648K
  class space    used 7442K, committed 8192K, reserved 1048576K
}
Event: 63.735 GC heap before
{Heap before GC invocations=849 (full 3):
 PSYoungGen      total 11264K, used 10880K [0x00000000d5580000, 0x00000000d6200000, 0x0000000100000000)
  eden space 9728K, 100% used [0x00000000d5580000,0x00000000d5f00000,0x00000000d5f00000)
  from space 1536K, 75% used [0x00000000d5f00000,0x00000000d6020000,0x00000000d6080000)
  to   space 1536K, 0% used [0x00000000d6080000,0x00000000d6080000,0x00000000d6200000)
 ParOldGen       total 605696K, used 605198K [0x0000000080000000, 0x00000000a4f80000, 0x00000000d5580000)
  object space 605696K, 99% used [0x0000000080000000,0x00000000a4f03a58,0x00000000a4f80000)
 Metaspace       used 74189K, committed 75776K, reserved 1179648K
  class space    used 7442K, committed 8192K, reserved 1048576K
}
Event: 63.748 GC heap after
{Heap after GC invocations=849 (full 3):
 PSYoungGen      total 8704K, used 1509K [0x00000000d5580000, 0x00000000d6700000, 0x0000000100000000)
  eden space 7168K, 0% used [0x00000000d5580000,0x00000000d5580000,0x00000000d5c80000)
  from space 1536K, 98% used [0x00000000d6080000,0x00000000d61f9600,0x00000000d6200000)
  to   space 4096K, 0% used [0x00000000d5c80000,0x00000000d5c80000,0x00000000d6080000)
 ParOldGen       total 607232K, used 607094K [0x0000000080000000, 0x00000000a5100000, 0x00000000d5580000)
  object space 607232K, 99% used [0x0000000080000000,0x00000000a50dda50,0x00000000a5100000)
 Metaspace       used 74189K, committed 75776K, reserved 1179648K
  class space    used 7442K, committed 8192K, reserved 1048576K
}
Event: 63.927 GC heap before
{Heap before GC invocations=850 (full 3):
 PSYoungGen      total 8704K, used 8677K [0x00000000d5580000, 0x00000000d6700000, 0x0000000100000000)
  eden space 7168K, 100% used [0x00000000d5580000,0x00000000d5c80000,0x00000000d5c80000)
  from space 1536K, 98% used [0x00000000d6080000,0x00000000d61f9600,0x00000000d6200000)
  to   space 4096K, 0% used [0x00000000d5c80000,0x00000000d5c80000,0x00000000d6080000)
 ParOldGen       total 607232K, used 607094K [0x0000000080000000, 0x00000000a5100000, 0x00000000d5580000)
  object space 607232K, 99% used [0x0000000080000000,0x00000000a50dda50,0x00000000a5100000)
 Metaspace       used 74189K, committed 75776K, reserved 1179648K
  class space    used 7442K, committed 8192K, reserved 1048576K
}
Event: 63.933 GC heap after
{Heap after GC invocations=850 (full 3):
 PSYoungGen      total 8704K, used 1149K [0x00000000d5580000, 0x00000000d6100000, 0x0000000100000000)
  eden space 7168K, 0% used [0x00000000d5580000,0x00000000d5580000,0x00000000d5c80000)
  from space 1536K, 74% used [0x00000000d5c80000,0x00000000d5d9f7d0,0x00000000d5e00000)
  to   space 2048K, 0% used [0x00000000d5f00000,0x00000000d5f00000,0x00000000d6100000)
 ParOldGen       total 607744K, used 607566K [0x0000000080000000, 0x00000000a5180000, 0x00000000d5580000)
  object space 607744K, 99% used [0x0000000080000000,0x00000000a5153a50,0x00000000a5180000)
 Metaspace       used 74189K, committed 75776K, reserved 1179648K
  class space    used 7442K, committed 8192K, reserved 1048576K
}
Event: 63.980 GC heap before
{Heap before GC invocations=851 (full 3):
 PSYoungGen      total 8704K, used 8317K [0x00000000d5580000, 0x00000000d6100000, 0x0000000100000000)
  eden space 7168K, 100% used [0x00000000d5580000,0x00000000d5c80000,0x00000000d5c80000)
  from space 1536K, 74% used [0x00000000d5c80000,0x00000000d5d9f7d0,0x00000000d5e00000)
  to   space 2048K, 0% used [0x00000000d5f00000,0x00000000d5f00000,0x00000000d6100000)
 ParOldGen       total 607744K, used 607566K [0x0000000080000000, 0x00000000a5180000, 0x00000000d5580000)
  object space 607744K, 99% used [0x0000000080000000,0x00000000a5153a50,0x00000000a5180000)
 Metaspace       used 74189K, committed 75776K, reserved 1179648K
  class space    used 7442K, committed 8192K, reserved 1048576K
}
Event: 63.984 GC heap after
{Heap after GC invocations=851 (full 3):
 PSYoungGen      total 8192K, used 1014K [0x00000000d5580000, 0x00000000d6000000, 0x0000000100000000)
  eden space 7168K, 0% used [0x00000000d5580000,0x00000000d5580000,0x00000000d5c80000)
  from space 1024K, 99% used [0x00000000d5f00000,0x00000000d5ffd808,0x00000000d6000000)
  to   space 1536K, 0% used [0x00000000d5d00000,0x00000000d5d00000,0x00000000d5e80000)
 ParOldGen       total 608768K, used 608437K [0x0000000080000000, 0x00000000a5280000, 0x00000000d5580000)
  object space 608768K, 99% used [0x0000000080000000,0x00000000a522d6c8,0x00000000a5280000)
 Metaspace       used 74189K, committed 75776K, reserved 1179648K
  class space    used 7442K, committed 8192K, reserved 1048576K
}
Event: 64.076 GC heap before
{Heap before GC invocations=852 (full 3):
 PSYoungGen      total 8192K, used 8182K [0x00000000d5580000, 0x00000000d6000000, 0x0000000100000000)
  eden space 7168K, 100% used [0x00000000d5580000,0x00000000d5c80000,0x00000000d5c80000)
  from space 1024K, 99% used [0x00000000d5f00000,0x00000000d5ffd808,0x00000000d6000000)
  to   space 1536K, 0% used [0x00000000d5d00000,0x00000000d5d00000,0x00000000d5e80000)
 ParOldGen       total 608768K, used 608437K [0x0000000080000000, 0x00000000a5280000, 0x00000000d5580000)
  object space 608768K, 99% used [0x0000000080000000,0x00000000a522d6c8,0x00000000a5280000)
 Metaspace       used 74191K, committed 75776K, reserved 1179648K
  class space    used 7442K, committed 8192K, reserved 1048576K
}
Event: 64.082 GC heap after
{Heap after GC invocations=852 (full 3):
 PSYoungGen      total 8704K, used 967K [0x00000000d5580000, 0x00000000d5f80000, 0x0000000100000000)
  eden space 7168K, 0% used [0x00000000d5580000,0x00000000d5580000,0x00000000d5c80000)
  from space 1536K, 62% used [0x00000000d5d00000,0x00000000d5df1c00,0x00000000d5e80000)
  to   space 1024K, 0% used [0x00000000d5e80000,0x00000000d5e80000,0x00000000d5f80000)
 ParOldGen       total 609792K, used 609323K [0x0000000080000000, 0x00000000a5380000, 0x00000000d5580000)
  object space 609792K, 99% used [0x0000000080000000,0x00000000a530aed0,0x00000000a5380000)
 Metaspace       used 74191K, committed 75776K, reserved 1179648K
  class space    used 7442K, committed 8192K, reserved 1048576K
}
Event: 64.126 GC heap before
{Heap before GC invocations=853 (full 3):
 PSYoungGen      total 8704K, used 8135K [0x00000000d5580000, 0x00000000d5f80000, 0x0000000100000000)
  eden space 7168K, 100% used [0x00000000d5580000,0x00000000d5c80000,0x00000000d5c80000)
  from space 1536K, 62% used [0x00000000d5d00000,0x00000000d5df1c00,0x00000000d5e80000)
  to   space 1024K, 0% used [0x00000000d5e80000,0x00000000d5e80000,0x00000000d5f80000)
 ParOldGen       total 609792K, used 609323K [0x0000000080000000, 0x00000000a5380000, 0x00000000d5580000)
  object space 609792K, 99% used [0x0000000080000000,0x00000000a530aed0,0x00000000a5380000)
 Metaspace       used 74191K, committed 75776K, reserved 1179648K
  class space    used 7442K, committed 8192K, reserved 1048576K
}
Event: 64.130 GC heap after
{Heap after GC invocations=853 (full 3):
 PSYoungGen      total 8192K, used 896K [0x00000000d5580000, 0x00000000d5f80000, 0x0000000100000000)
  eden space 7168K, 0% used [0x00000000d5580000,0x00000000d5580000,0x00000000d5c80000)
  from space 1024K, 87% used [0x00000000d5e80000,0x00000000d5f60000,0x00000000d5f80000)
  to   space 1024K, 0% used [0x00000000d5d80000,0x00000000d5d80000,0x00000000d5e80000)
 ParOldGen       total 610304K, used 610106K [0x0000000080000000, 0x00000000a5400000, 0x00000000d5580000)
  object space 610304K, 99% used [0x0000000080000000,0x00000000a53cead0,0x00000000a5400000)
 Metaspace       used 74191K, committed 75776K, reserved 1179648K
  class space    used 7442K, committed 8192K, reserved 1048576K
}
Event: 64.255 GC heap before
{Heap before GC invocations=854 (full 3):
 PSYoungGen      total 8192K, used 8064K [0x00000000d5580000, 0x00000000d5f80000, 0x0000000100000000)
  eden space 7168K, 100% used [0x00000000d5580000,0x00000000d5c80000,0x00000000d5c80000)
  from space 1024K, 87% used [0x00000000d5e80000,0x00000000d5f60000,0x00000000d5f80000)
  to   space 1024K, 0% used [0x00000000d5d80000,0x00000000d5d80000,0x00000000d5e80000)
 ParOldGen       total 610304K, used 610106K [0x0000000080000000, 0x00000000a5400000, 0x00000000d5580000)
  object space 610304K, 99% used [0x0000000080000000,0x00000000a53cead0,0x00000000a5400000)
 Metaspace       used 74191K, committed 75776K, reserved 1179648K
  class space    used 7442K, committed 8192K, reserved 1048576K
}
Event: 64.258 GC heap after
{Heap after GC invocations=854 (full 3):
 PSYoungGen      total 8192K, used 918K [0x00000000d5580000, 0x00000000d5f00000, 0x0000000100000000)
  eden space 7168K, 0% used [0x00000000d5580000,0x00000000d5580000,0x00000000d5c80000)
  from space 1024K, 89% used [0x00000000d5d80000,0x00000000d5e65808,0x00000000d5e80000)
  to   space 512K, 0% used [0x00000000d5e80000,0x00000000d5e80000,0x00000000d5f00000)
 ParOldGen       total 611328K, used 610874K [0x0000000080000000, 0x00000000a5500000, 0x00000000d5580000)
  object space 611328K, 99% used [0x0000000080000000,0x00000000a548ead0,0x00000000a5500000)
 Metaspace       used 74191K, committed 75776K, reserved 1179648K
  class space    used 7442K, committed 8192K, reserved 1048576K
}
Event: 64.378 GC heap before
{Heap before GC invocations=855 (full 3):
 PSYoungGen      total 8192K, used 8086K [0x00000000d5580000, 0x00000000d5f00000, 0x0000000100000000)
  eden space 7168K, 100% used [0x00000000d5580000,0x00000000d5c80000,0x00000000d5c80000)
  from space 1024K, 89% used [0x00000000d5d80000,0x00000000d5e65808,0x00000000d5e80000)
  to   space 512K, 0% used [0x00000000d5e80000,0x00000000d5e80000,0x00000000d5f00000)
 ParOldGen       total 611328K, used 610874K [0x0000000080000000, 0x00000000a5500000, 0x00000000d5580000)
  object space 611328K, 99% used [0x0000000080000000,0x00000000a548ead0,0x00000000a5500000)
 Metaspace       used 74192K, committed 75776K, reserved 1179648K
  class space    used 7442K, committed 8192K, reserved 1048576K
}
Event: 64.384 GC heap after
{Heap after GC invocations=855 (full 3):
 PSYoungGen      total 7680K, used 505K [0x00000000d5580000, 0x00000000d6080000, 0x0000000100000000)
  eden space 7168K, 0% used [0x00000000d5580000,0x00000000d5580000,0x00000000d5c80000)
  from space 512K, 98% used [0x00000000d5e80000,0x00000000d5efe7a0,0x00000000d5f00000)
  to   space 2048K, 0% used [0x00000000d5c80000,0x00000000d5c80000,0x00000000d5e80000)
 ParOldGen       total 612352K, used 611992K [0x0000000080000000, 0x00000000a5600000, 0x00000000d5580000)
  object space 612352K, 99% used [0x0000000080000000,0x00000000a55a62d8,0x00000000a5600000)
 Metaspace       used 74192K, committed 75776K, reserved 1179648K
  class space    used 7442K, committed 8192K, reserved 1048576K
}
Event: 64.435 GC heap before
{Heap before GC invocations=856 (full 3):
 PSYoungGen      total 7680K, used 7673K [0x00000000d5580000, 0x00000000d6080000, 0x0000000100000000)
  eden space 7168K, 100% used [0x00000000d5580000,0x00000000d5c80000,0x00000000d5c80000)
  from space 512K, 98% used [0x00000000d5e80000,0x00000000d5efe7a0,0x00000000d5f00000)
  to   space 2048K, 0% used [0x00000000d5c80000,0x00000000d5c80000,0x00000000d5e80000)
 ParOldGen       total 612352K, used 611992K [0x0000000080000000, 0x00000000a5600000, 0x00000000d5580000)
  object space 612352K, 99% used [0x0000000080000000,0x00000000a55a62d8,0x00000000a5600000)
 Metaspace       used 74192K, committed 75776K, reserved 1179648K
  class space    used 7442K, committed 8192K, reserved 1048576K
}
Event: 64.439 GC heap after
{Heap after GC invocations=856 (full 3):
 PSYoungGen      total 8192K, used 918K [0x00000000d5580000, 0x00000000d5f80000, 0x0000000100000000)
  eden space 7168K, 0% used [0x00000000d5580000,0x00000000d5580000,0x00000000d5c80000)
  from space 1024K, 89% used [0x00000000d5c80000,0x00000000d5d65808,0x00000000d5d80000)
  to   space 1536K, 0% used [0x00000000d5e00000,0x00000000d5e00000,0x00000000d5f80000)
 ParOldGen       total 612864K, used 612481K [0x0000000080000000, 0x00000000a5680000, 0x00000000d5580000)
  object space 612864K, 99% used [0x0000000080000000,0x00000000a5620568,0x00000000a5680000)
 Metaspace       used 74192K, committed 75776K, reserved 1179648K
  class space    used 7442K, committed 8192K, reserved 1048576K
}
Event: 64.653 GC heap before
{Heap before GC invocations=857 (full 3):
 PSYoungGen      total 8192K, used 8086K [0x00000000d5580000, 0x00000000d5f80000, 0x0000000100000000)
  eden space 7168K, 100% used [0x00000000d5580000,0x00000000d5c80000,0x00000000d5c80000)
  from space 1024K, 89% used [0x00000000d5c80000,0x00000000d5d65808,0x00000000d5d80000)
  to   space 1536K, 0% used [0x00000000d5e00000,0x00000000d5e00000,0x00000000d5f80000)
 ParOldGen       total 612864K, used 612481K [0x0000000080000000, 0x00000000a5680000, 0x00000000d5580000)
  object space 612864K, 99% used [0x0000000080000000,0x00000000a5620568,0x00000000a5680000)
 Metaspace       used 74192K, committed 75776K, reserved 1179648K
  class space    used 7442K, committed 8192K, reserved 1048576K
}
Event: 64.669 GC heap after
{Heap after GC invocations=857 (full 3):
 PSYoungGen      total 8192K, used 800K [0x00000000d5580000, 0x00000000d5f00000, 0x0000000100000000)
  eden space 7168K, 0% used [0x00000000d5580000,0x00000000d5580000,0x00000000d5c80000)
  from space 1024K, 78% used [0x00000000d5e00000,0x00000000d5ec8000,0x00000000d5f00000)
  to   space 1024K, 0% used [0x00000000d5c80000,0x00000000d5c80000,0x00000000d5d80000)
 ParOldGen       total 613376K, used 613247K [0x0000000080000000, 0x00000000a5700000, 0x00000000d5580000)
  object space 613376K, 99% used [0x0000000080000000,0x00000000a56dfd70,0x00000000a5700000)
 Metaspace       used 74192K, committed 75776K, reserved 1179648K
  class space    used 7442K, committed 8192K, reserved 1048576K
}

