# JRE version: OpenJDK Runtime Environment Temurin-21.0.7+6 (21.0.7+6) (build 21.0.7+6-LTS)
# Java VM: OpenJDK 64-Bit Server VM Temurin-21.0.7+6 (21.0.7+6-LTS, mixed mode, sharing, tiered, compressed oops, compressed class ptrs, parallel gc, windows-amd64)
GC Precious Log:
 CardTable entry size: 512
 CPUs: 12 total, 12 available
 Memory: 6005M
 Large Page Support: Disabled
 NUMA Support: Disabled
 Compressed Oops: Enabled (32-bit)
 Alignments: Space 512K, Generation 512K, Heap 2M
 Heap Min Capacity: 100M
 Heap Initial Capacity: 100M
 Heap Max Capacity: 2G
 Pre-touch: Disabled
 Parallel Workers: 10
Heap:
 PSYoungGen      total 5120K, used 3934K [0x00000000d5580000, 0x00000000d5c00000, 0x0000000100000000)
  eden space 4608K, 75% used [0x00000000d5580000,0x00000000d58e38e0,0x00000000d5a00000)
  from space 512K, 90% used [0x00000000d5b80000,0x00000000d5bf4010,0x00000000d5c00000)
  to   space 512K, 0% used [0x00000000d5b00000,0x00000000d5b00000,0x00000000d5b80000)
 ParOldGen       total 480256K, used 480167K [0x0000000080000000, 0x000000009d500000, 0x00000000d5580000)
  object space 480256K, 99% used [0x0000000080000000,0x000000009d4e9f78,0x000000009d500000)
 Metaspace       used 79075K, committed 80704K, reserved 1179648K
  class space    used 7887K, committed 8640K, reserved 1048576K
GC Heap History (20 events):
Event: 144.602 GC heap before
{Heap before GC invocations=1739 (full 4):
 PSYoungGen      total 6656K, used 6176K [0x00000000d5580000, 0x00000000d5d00000, 0x0000000100000000)
  eden space 5632K, 100% used [0x00000000d5580000,0x00000000d5b00000,0x00000000d5b00000)
  from space 1024K, 53% used [0x00000000d5c00000,0x00000000d5c88020,0x00000000d5d00000)
  to   space 1024K, 0% used [0x00000000d5b00000,0x00000000d5b00000,0x00000000d5c00000)
 ParOldGen       total 476672K, used 476474K [0x0000000080000000, 0x000000009d180000, 0x00000000d5580000)
  object space 476672K, 99% used [0x0000000080000000,0x000000009d14e898,0x000000009d180000)
 Metaspace       used 78740K, committed 80384K, reserved 1179648K
  class space    used 7875K, committed 8640K, reserved 1048576K
}
Event: 144.607 GC heap after
{Heap after GC invocations=1739 (full 4):
 PSYoungGen      total 6656K, used 608K [0x00000000d5580000, 0x00000000d5d00000, 0x0000000100000000)
  eden space 5632K, 0% used [0x00000000d5580000,0x00000000d5580000,0x00000000d5b00000)
  from space 1024K, 59% used [0x00000000d5b00000,0x00000000d5b98020,0x00000000d5c00000)
  to   space 1024K, 0% used [0x00000000d5c00000,0x00000000d5c00000,0x00000000d5d00000)
 ParOldGen       total 477184K, used 476810K [0x0000000080000000, 0x000000009d200000, 0x00000000d5580000)
  object space 477184K, 99% used [0x0000000080000000,0x000000009d1a28b8,0x000000009d200000)
 Metaspace       used 78740K, committed 80384K, reserved 1179648K
  class space    used 7875K, committed 8640K, reserved 1048576K
}
Event: 144.648 GC heap before
{Heap before GC invocations=1740 (full 4):
 PSYoungGen      total 6656K, used 6240K [0x00000000d5580000, 0x00000000d5d00000, 0x0000000100000000)
  eden space 5632K, 100% used [0x00000000d5580000,0x00000000d5b00000,0x00000000d5b00000)
  from space 1024K, 59% used [0x00000000d5b00000,0x00000000d5b98020,0x00000000d5c00000)
  to   space 1024K, 0% used [0x00000000d5c00000,0x00000000d5c00000,0x00000000d5d00000)
 ParOldGen       total 477184K, used 476810K [0x0000000080000000, 0x000000009d200000, 0x00000000d5580000)
  object space 477184K, 99% used [0x0000000080000000,0x000000009d1a28b8,0x000000009d200000)
 Metaspace       used 78740K, committed 80384K, reserved 1179648K
  class space    used 7875K, committed 8640K, reserved 1048576K
}
Event: 144.654 GC heap after
{Heap after GC invocations=1740 (full 4):
 PSYoungGen      total 6656K, used 672K [0x00000000d5580000, 0x00000000d5d00000, 0x0000000100000000)
  eden space 5632K, 0% used [0x00000000d5580000,0x00000000d5580000,0x00000000d5b00000)
  from space 1024K, 65% used [0x00000000d5c00000,0x00000000d5ca8000,0x00000000d5d00000)
  to   space 1024K, 0% used [0x00000000d5b00000,0x00000000d5b00000,0x00000000d5c00000)
 ParOldGen       total 477696K, used 477290K [0x0000000080000000, 0x000000009d280000, 0x00000000d5580000)
  object space 477696K, 99% used [0x0000000080000000,0x000000009d21a8d8,0x000000009d280000)
 Metaspace       used 78740K, committed 80384K, reserved 1179648K
  class space    used 7875K, committed 8640K, reserved 1048576K
}
Event: 144.690 GC heap before
{Heap before GC invocations=1741 (full 4):
 PSYoungGen      total 6656K, used 6304K [0x00000000d5580000, 0x00000000d5d00000, 0x0000000100000000)
  eden space 5632K, 100% used [0x00000000d5580000,0x00000000d5b00000,0x00000000d5b00000)
  from space 1024K, 65% used [0x00000000d5c00000,0x00000000d5ca8000,0x00000000d5d00000)
  to   space 1024K, 0% used [0x00000000d5b00000,0x00000000d5b00000,0x00000000d5c00000)
 ParOldGen       total 477696K, used 477290K [0x0000000080000000, 0x000000009d280000, 0x00000000d5580000)
  object space 477696K, 99% used [0x0000000080000000,0x000000009d21a8d8,0x000000009d280000)
 Metaspace       used 78740K, committed 80384K, reserved 1179648K
  class space    used 7875K, committed 8640K, reserved 1048576K
}
Event: 144.696 GC heap after
{Heap after GC invocations=1741 (full 4):
 PSYoungGen      total 6656K, used 816K [0x00000000d5580000, 0x00000000d5d00000, 0x0000000100000000)
  eden space 5632K, 0% used [0x00000000d5580000,0x00000000d5580000,0x00000000d5b00000)
  from space 1024K, 79% used [0x00000000d5b00000,0x00000000d5bcc010,0x00000000d5c00000)
  to   space 1024K, 0% used [0x00000000d5c00000,0x00000000d5c00000,0x00000000d5d00000)
 ParOldGen       total 478208K, used 477714K [0x0000000080000000, 0x000000009d300000, 0x00000000d5580000)
  object space 478208K, 99% used [0x0000000080000000,0x000000009d2848d8,0x000000009d300000)
 Metaspace       used 78740K, committed 80384K, reserved 1179648K
  class space    used 7875K, committed 8640K, reserved 1048576K
}
Event: 145.805 GC heap before
{Heap before GC invocations=1742 (full 4):
 PSYoungGen      total 6656K, used 6448K [0x00000000d5580000, 0x00000000d5d00000, 0x0000000100000000)
  eden space 5632K, 100% used [0x00000000d5580000,0x00000000d5b00000,0x00000000d5b00000)
  from space 1024K, 79% used [0x00000000d5b00000,0x00000000d5bcc010,0x00000000d5c00000)
  to   space 1024K, 0% used [0x00000000d5c00000,0x00000000d5c00000,0x00000000d5d00000)
 ParOldGen       total 478208K, used 477714K [0x0000000080000000, 0x000000009d300000, 0x00000000d5580000)
  object space 478208K, 99% used [0x0000000080000000,0x000000009d2848d8,0x000000009d300000)
 Metaspace       used 78837K, committed 80512K, reserved 1179648K
  class space    used 7878K, committed 8640K, reserved 1048576K
}
Event: 145.813 GC heap after
{Heap after GC invocations=1742 (full 4):
 PSYoungGen      total 5632K, used 1000K [0x00000000d5580000, 0x00000000d5f00000, 0x0000000100000000)
  eden space 4608K, 0% used [0x00000000d5580000,0x00000000d5580000,0x00000000d5a00000)
  from space 1024K, 97% used [0x00000000d5c00000,0x00000000d5cfa300,0x00000000d5d00000)
  to   space 2048K, 0% used [0x00000000d5a00000,0x00000000d5a00000,0x00000000d5c00000)
 ParOldGen       total 478720K, used 478442K [0x0000000080000000, 0x000000009d380000, 0x00000000d5580000)
  object space 478720K, 99% used [0x0000000080000000,0x000000009d33a918,0x000000009d380000)
 Metaspace       used 78837K, committed 80512K, reserved 1179648K
  class space    used 7878K, committed 8640K, reserved 1048576K
}
Event: 146.013 GC heap before
{Heap before GC invocations=1743 (full 4):
 PSYoungGen      total 5632K, used 5608K [0x00000000d5580000, 0x00000000d5f00000, 0x0000000100000000)
  eden space 4608K, 100% used [0x00000000d5580000,0x00000000d5a00000,0x00000000d5a00000)
  from space 1024K, 97% used [0x00000000d5c00000,0x00000000d5cfa300,0x00000000d5d00000)
  to   space 2048K, 0% used [0x00000000d5a00000,0x00000000d5a00000,0x00000000d5c00000)
 ParOldGen       total 478720K, used 478442K [0x0000000080000000, 0x000000009d380000, 0x00000000d5580000)
  object space 478720K, 99% used [0x0000000080000000,0x000000009d33a918,0x000000009d380000)
 Metaspace       used 78900K, committed 80576K, reserved 1179648K
  class space    used 7884K, committed 8640K, reserved 1048576K
}
Event: 146.018 GC heap after
{Heap after GC invocations=1743 (full 4):
 PSYoungGen      total 5632K, used 975K [0x00000000d5580000, 0x00000000d5d00000, 0x0000000100000000)
  eden space 4608K, 0% used [0x00000000d5580000,0x00000000d5580000,0x00000000d5a00000)
  from space 1024K, 95% used [0x00000000d5a00000,0x00000000d5af3c30,0x00000000d5b00000)
  to   space 1536K, 0% used [0x00000000d5b80000,0x00000000d5b80000,0x00000000d5d00000)
 ParOldGen       total 479744K, used 479303K [0x0000000080000000, 0x000000009d480000, 0x00000000d5580000)
  object space 479744K, 99% used [0x0000000080000000,0x000000009d411f58,0x000000009d480000)
 Metaspace       used 78900K, committed 80576K, reserved 1179648K
  class space    used 7884K, committed 8640K, reserved 1048576K
}
Event: 146.086 GC heap before
{Heap before GC invocations=1744 (full 4):
 PSYoungGen      total 5632K, used 5583K [0x00000000d5580000, 0x00000000d5d00000, 0x0000000100000000)
  eden space 4608K, 99% used [0x00000000d5580000,0x00000000d59ffff8,0x00000000d5a00000)
  from space 1024K, 95% used [0x00000000d5a00000,0x00000000d5af3c30,0x00000000d5b00000)
  to   space 1536K, 0% used [0x00000000d5b80000,0x00000000d5b80000,0x00000000d5d00000)
 ParOldGen       total 479744K, used 479303K [0x0000000080000000, 0x000000009d480000, 0x00000000d5580000)
  object space 479744K, 99% used [0x0000000080000000,0x000000009d411f58,0x000000009d480000)
 Metaspace       used 79005K, committed 80640K, reserved 1179648K
  class space    used 7886K, committed 8640K, reserved 1048576K
}
Event: 146.092 GC heap after
{Heap after GC invocations=1744 (full 4):
 PSYoungGen      total 5632K, used 783K [0x00000000d5580000, 0x00000000d5c80000, 0x0000000100000000)
  eden space 4608K, 0% used [0x00000000d5580000,0x00000000d5580000,0x00000000d5a00000)
  from space 1024K, 76% used [0x00000000d5b80000,0x00000000d5c43c30,0x00000000d5c80000)
  to   space 1024K, 0% used [0x00000000d5a00000,0x00000000d5a00000,0x00000000d5b00000)
 ParOldGen       total 479744K, used 479642K [0x0000000080000000, 0x000000009d480000, 0x00000000d5580000)
  object space 479744K, 99% used [0x0000000080000000,0x000000009d466810,0x000000009d480000)
 Metaspace       used 79005K, committed 80640K, reserved 1179648K
  class space    used 7886K, committed 8640K, reserved 1048576K
}
Event: 146.179 GC heap before
{Heap before GC invocations=1745 (full 4):
 PSYoungGen      total 5632K, used 5391K [0x00000000d5580000, 0x00000000d5c80000, 0x0000000100000000)
  eden space 4608K, 100% used [0x00000000d5580000,0x00000000d5a00000,0x00000000d5a00000)
  from space 1024K, 76% used [0x00000000d5b80000,0x00000000d5c43c30,0x00000000d5c80000)
  to   space 1024K, 0% used [0x00000000d5a00000,0x00000000d5a00000,0x00000000d5b00000)
 ParOldGen       total 479744K, used 479642K [0x0000000080000000, 0x000000009d480000, 0x00000000d5580000)
  object space 479744K, 99% used [0x0000000080000000,0x000000009d466810,0x000000009d480000)
 Metaspace       used 79021K, committed 80640K, reserved 1179648K
  class space    used 7886K, committed 8640K, reserved 1048576K
}
Event: 146.184 GC heap after
{Heap after GC invocations=1745 (full 4):
 PSYoungGen      total 5632K, used 256K [0x00000000d5580000, 0x00000000d5c00000, 0x0000000100000000)
  eden space 4608K, 0% used [0x00000000d5580000,0x00000000d5580000,0x00000000d5a00000)
  from space 1024K, 25% used [0x00000000d5a00000,0x00000000d5a40000,0x00000000d5b00000)
  to   space 512K, 0% used [0x00000000d5b80000,0x00000000d5b80000,0x00000000d5c00000)
 ParOldGen       total 480256K, used 479870K [0x0000000080000000, 0x000000009d500000, 0x00000000d5580000)
  object space 480256K, 99% used [0x0000000080000000,0x000000009d49fb78,0x000000009d500000)
 Metaspace       used 79021K, committed 80640K, reserved 1179648K
  class space    used 7886K, committed 8640K, reserved 1048576K
}
Event: 272.407 GC heap before
{Heap before GC invocations=1746 (full 4):
 PSYoungGen      total 5632K, used 4864K [0x00000000d5580000, 0x00000000d5c00000, 0x0000000100000000)
  eden space 4608K, 100% used [0x00000000d5580000,0x00000000d5a00000,0x00000000d5a00000)
  from space 1024K, 25% used [0x00000000d5a00000,0x00000000d5a40000,0x00000000d5b00000)
  to   space 512K, 0% used [0x00000000d5b80000,0x00000000d5b80000,0x00000000d5c00000)
 ParOldGen       total 480256K, used 479870K [0x0000000080000000, 0x000000009d500000, 0x00000000d5580000)
  object space 480256K, 99% used [0x0000000080000000,0x000000009d49fb78,0x000000009d500000)
 Metaspace       used 79031K, committed 80640K, reserved 1179648K
  class space    used 7886K, committed 8640K, reserved 1048576K
}
Event: 272.681 GC heap after
{Heap after GC invocations=1746 (full 4):
 PSYoungGen      total 5120K, used 336K [0x00000000d5580000, 0x00000000d5c00000, 0x0000000100000000)
  eden space 4608K, 0% used [0x00000000d5580000,0x00000000d5580000,0x00000000d5a00000)
  from space 512K, 65% used [0x00000000d5b80000,0x00000000d5bd4010,0x00000000d5c00000)
  to   space 512K, 0% used [0x00000000d5b00000,0x00000000d5b00000,0x00000000d5b80000)
 ParOldGen       total 480256K, used 479910K [0x0000000080000000, 0x000000009d500000, 0x00000000d5580000)
  object space 480256K, 99% used [0x0000000080000000,0x000000009d4a9b78,0x000000009d500000)
 Metaspace       used 79031K, committed 80640K, reserved 1179648K
  class space    used 7886K, committed 8640K, reserved 1048576K
}
Event: 272.927 GC heap before
{Heap before GC invocations=1747 (full 4):
 PSYoungGen      total 5120K, used 4943K [0x00000000d5580000, 0x00000000d5c00000, 0x0000000100000000)
  eden space 4608K, 99% used [0x00000000d5580000,0x00000000d59fffe0,0x00000000d5a00000)
  from space 512K, 65% used [0x00000000d5b80000,0x00000000d5bd4010,0x00000000d5c00000)
  to   space 512K, 0% used [0x00000000d5b00000,0x00000000d5b00000,0x00000000d5b80000)
 ParOldGen       total 480256K, used 479910K [0x0000000080000000, 0x000000009d500000, 0x00000000d5580000)
  object space 480256K, 99% used [0x0000000080000000,0x000000009d4a9b78,0x000000009d500000)
 Metaspace       used 79045K, committed 80640K, reserved 1179648K
  class space    used 7886K, committed 8640K, reserved 1048576K
}
Event: 272.944 GC heap after
{Heap after GC invocations=1747 (full 4):
 PSYoungGen      total 5120K, used 425K [0x00000000d5580000, 0x00000000d5c00000, 0x0000000100000000)
  eden space 4608K, 0% used [0x00000000d5580000,0x00000000d5580000,0x00000000d5a00000)
  from space 512K, 83% used [0x00000000d5b00000,0x00000000d5b6a400,0x00000000d5b80000)
  to   space 512K, 0% used [0x00000000d5b80000,0x00000000d5b80000,0x00000000d5c00000)
 ParOldGen       total 480256K, used 480022K [0x0000000080000000, 0x000000009d500000, 0x00000000d5580000)
  object space 480256K, 99% used [0x0000000080000000,0x000000009d4c5b78,0x000000009d500000)
 Metaspace       used 79045K, committed 80640K, reserved 1179648K
  class space    used 7886K, committed 8640K, reserved 1048576K
}
Event: 274.356 GC heap before
{Heap before GC invocations=1748 (full 4):
 PSYoungGen      total 5120K, used 5033K [0x00000000d5580000, 0x00000000d5c00000, 0x0000000100000000)
  eden space 4608K, 100% used [0x00000000d5580000,0x00000000d5a00000,0x00000000d5a00000)
  from space 512K, 83% used [0x00000000d5b00000,0x00000000d5b6a400,0x00000000d5b80000)
  to   space 512K, 0% used [0x00000000d5b80000,0x00000000d5b80000,0x00000000d5c00000)
 ParOldGen       total 480256K, used 480022K [0x0000000080000000, 0x000000009d500000, 0x00000000d5580000)
  object space 480256K, 99% used [0x0000000080000000,0x000000009d4c5b78,0x000000009d500000)
 Metaspace       used 79066K, committed 80704K, reserved 1179648K
  class space    used 7887K, committed 8640K, reserved 1048576K
}
Event: 274.363 GC heap after
{Heap after GC invocations=1748 (full 4):
 PSYoungGen      total 5120K, used 464K [0x00000000d5580000, 0x00000000d5c00000, 0x0000000100000000)
  eden space 4608K, 0% used [0x00000000d5580000,0x00000000d5580000,0x00000000d5a00000)
  from space 512K, 90% used [0x00000000d5b80000,0x00000000d5bf4010,0x00000000d5c00000)
  to   space 512K, 0% used [0x00000000d5b00000,0x00000000d5b00000,0x00000000d5b80000)
 ParOldGen       total 480256K, used 480167K [0x0000000080000000, 0x000000009d500000, 0x00000000d5580000)
  object space 480256K, 99% used [0x0000000080000000,0x000000009d4e9f78,0x000000009d500000)
 Metaspace       used 79066K, committed 80704K, reserved 1179648K
  class space    used 7887K, committed 8640K, reserved 1048576K
}

