# JRE version: OpenJDK Runtime Environment Temurin-21.0.7+6 (21.0.7+6) (build 21.0.7+6-LTS)
# Java VM: OpenJDK 64-Bit Server VM Temurin-21.0.7+6 (21.0.7+6-LTS, mixed mode, sharing, tiered, compressed oops, compressed class ptrs, parallel gc, windows-amd64)
GC Precious Log:
 CardTable entry size: 512
 CPUs: 12 total, 12 available
 Memory: 6005M
 Large Page Support: Disabled
 NUMA Support: Disabled
 Compressed Oops: Enabled (32-bit)
 Alignments: Space 512K, Generation 512K, Heap 2M
 Heap Min Capacity: 100M
 Heap Initial Capacity: 100M
 Heap Max Capacity: 2G
 Pre-touch: Disabled
 Parallel Workers: 10
Heap:
 PSYoungGen      total 9728K, used 963K [0x00000000d5580000, 0x00000000d6080000, 0x0000000100000000)
  eden space 8704K, 0% used [0x00000000d5580000,0x00000000d5580000,0x00000000d5e00000)
  from space 1024K, 94% used [0x00000000d5e00000,0x00000000d5ef0c58,0x00000000d5f00000)
  to   space 1024K, 0% used [0x00000000d5f00000,0x00000000d5f00000,0x00000000d6000000)
 ParOldGen       total 507392K, used 507135K [0x0000000080000000, 0x000000009ef80000, 0x00000000d5580000)
  object space 507392K, 99% used [0x0000000080000000,0x000000009ef3fdd8,0x000000009ef80000)
 Metaspace       used 73828K, committed 75328K, reserved 1179648K
  class space    used 7425K, committed 8064K, reserved 1048576K
GC Heap History (20 events):
Event: 62.928 GC heap after
{Heap after GC invocations=803 (full 3):
 PSYoungGen      total 7680K, used 497K [0x00000000d5580000, 0x00000000d5e80000, 0x0000000100000000)
  eden space 7168K, 0% used [0x00000000d5580000,0x00000000d5580000,0x00000000d5c80000)
  from space 512K, 97% used [0x00000000d5d80000,0x00000000d5dfc6a8,0x00000000d5e00000)
  to   space 1024K, 0% used [0x00000000d5c80000,0x00000000d5c80000,0x00000000d5d80000)
 ParOldGen       total 503296K, used 502832K [0x0000000080000000, 0x000000009eb80000, 0x00000000d5580000)
  object space 503296K, 99% used [0x0000000080000000,0x000000009eb0c0e8,0x000000009eb80000)
 Metaspace       used 73813K, committed 75328K, reserved 1179648K
  class space    used 7425K, committed 8064K, reserved 1048576K
}
Event: 62.987 GC heap before
{Heap before GC invocations=804 (full 3):
 PSYoungGen      total 7680K, used 7665K [0x00000000d5580000, 0x00000000d5e80000, 0x0000000100000000)
  eden space 7168K, 100% used [0x00000000d5580000,0x00000000d5c80000,0x00000000d5c80000)
  from space 512K, 97% used [0x00000000d5d80000,0x00000000d5dfc6a8,0x00000000d5e00000)
  to   space 1024K, 0% used [0x00000000d5c80000,0x00000000d5c80000,0x00000000d5d80000)
 ParOldGen       total 503296K, used 502832K [0x0000000080000000, 0x000000009eb80000, 0x00000000d5580000)
  object space 503296K, 99% used [0x0000000080000000,0x000000009eb0c0e8,0x000000009eb80000)
 Metaspace       used 73815K, committed 75328K, reserved 1179648K
  class space    used 7425K, committed 8064K, reserved 1048576K
}
Event: 62.991 GC heap after
{Heap after GC invocations=804 (full 3):
 PSYoungGen      total 8192K, used 605K [0x00000000d5580000, 0x00000000d6000000, 0x0000000100000000)
  eden space 7168K, 0% used [0x00000000d5580000,0x00000000d5580000,0x00000000d5c80000)
  from space 1024K, 59% used [0x00000000d5c80000,0x00000000d5d17448,0x00000000d5d80000)
  to   space 1024K, 0% used [0x00000000d5f00000,0x00000000d5f00000,0x00000000d6000000)
 ParOldGen       total 503296K, used 503139K [0x0000000080000000, 0x000000009eb80000, 0x00000000d5580000)
  object space 503296K, 99% used [0x0000000080000000,0x000000009eb58e28,0x000000009eb80000)
 Metaspace       used 73815K, committed 75328K, reserved 1179648K
  class space    used 7425K, committed 8064K, reserved 1048576K
}
Event: 63.238 GC heap before
{Heap before GC invocations=805 (full 3):
 PSYoungGen      total 8192K, used 7773K [0x00000000d5580000, 0x00000000d6000000, 0x0000000100000000)
  eden space 7168K, 100% used [0x00000000d5580000,0x00000000d5c80000,0x00000000d5c80000)
  from space 1024K, 59% used [0x00000000d5c80000,0x00000000d5d17448,0x00000000d5d80000)
  to   space 1024K, 0% used [0x00000000d5f00000,0x00000000d5f00000,0x00000000d6000000)
 ParOldGen       total 503296K, used 503139K [0x0000000080000000, 0x000000009eb80000, 0x00000000d5580000)
  object space 503296K, 99% used [0x0000000080000000,0x000000009eb58e28,0x000000009eb80000)
 Metaspace       used 73815K, committed 75328K, reserved 1179648K
  class space    used 7425K, committed 8064K, reserved 1048576K
}
Event: 63.253 GC heap after
{Heap after GC invocations=805 (full 3):
 PSYoungGen      total 7680K, used 320K [0x00000000d5580000, 0x00000000d5f80000, 0x0000000100000000)
  eden space 7168K, 0% used [0x00000000d5580000,0x00000000d5580000,0x00000000d5c80000)
  from space 512K, 62% used [0x00000000d5f00000,0x00000000d5f50000,0x00000000d5f80000)
  to   space 512K, 0% used [0x00000000d5e80000,0x00000000d5e80000,0x00000000d5f00000)
 ParOldGen       total 503808K, used 503487K [0x0000000080000000, 0x000000009ec00000, 0x00000000d5580000)
  object space 503808K, 99% used [0x0000000080000000,0x000000009ebafc18,0x000000009ec00000)
 Metaspace       used 73815K, committed 75328K, reserved 1179648K
  class space    used 7425K, committed 8064K, reserved 1048576K
}
Event: 63.284 GC heap before
{Heap before GC invocations=806 (full 3):
 PSYoungGen      total 7680K, used 7392K [0x00000000d5580000, 0x00000000d5f80000, 0x0000000100000000)
  eden space 7168K, 98% used [0x00000000d5580000,0x00000000d5c680b0,0x00000000d5c80000)
  from space 512K, 62% used [0x00000000d5f00000,0x00000000d5f50000,0x00000000d5f80000)
  to   space 512K, 0% used [0x00000000d5e80000,0x00000000d5e80000,0x00000000d5f00000)
 ParOldGen       total 503808K, used 503487K [0x0000000080000000, 0x000000009ec00000, 0x00000000d5580000)
  object space 503808K, 99% used [0x0000000080000000,0x000000009ebafc18,0x000000009ec00000)
 Metaspace       used 73819K, committed 75328K, reserved 1179648K
  class space    used 7425K, committed 8064K, reserved 1048576K
}
Event: 63.288 GC heap after
{Heap after GC invocations=806 (full 3):
 PSYoungGen      total 7680K, used 455K [0x00000000d5580000, 0x00000000d5f80000, 0x0000000100000000)
  eden space 7168K, 0% used [0x00000000d5580000,0x00000000d5580000,0x00000000d5c80000)
  from space 512K, 88% used [0x00000000d5e80000,0x00000000d5ef1c48,0x00000000d5f00000)
  to   space 512K, 0% used [0x00000000d5f00000,0x00000000d5f00000,0x00000000d5f80000)
 ParOldGen       total 503808K, used 503687K [0x0000000080000000, 0x000000009ec00000, 0x00000000d5580000)
  object space 503808K, 99% used [0x0000000080000000,0x000000009ebe1c18,0x000000009ec00000)
 Metaspace       used 73819K, committed 75328K, reserved 1179648K
  class space    used 7425K, committed 8064K, reserved 1048576K
}
Event: 63.312 GC heap before
{Heap before GC invocations=807 (full 3):
 PSYoungGen      total 7680K, used 7623K [0x00000000d5580000, 0x00000000d5f80000, 0x0000000100000000)
  eden space 7168K, 100% used [0x00000000d5580000,0x00000000d5c80000,0x00000000d5c80000)
  from space 512K, 88% used [0x00000000d5e80000,0x00000000d5ef1c48,0x00000000d5f00000)
  to   space 512K, 0% used [0x00000000d5f00000,0x00000000d5f00000,0x00000000d5f80000)
 ParOldGen       total 503808K, used 503687K [0x0000000080000000, 0x000000009ec00000, 0x00000000d5580000)
  object space 503808K, 99% used [0x0000000080000000,0x000000009ebe1c18,0x000000009ec00000)
 Metaspace       used 73819K, committed 75328K, reserved 1179648K
  class space    used 7425K, committed 8064K, reserved 1048576K
}
Event: 63.315 GC heap after
{Heap after GC invocations=807 (full 3):
 PSYoungGen      total 7680K, used 505K [0x00000000d5580000, 0x00000000d5f80000, 0x0000000100000000)
  eden space 7168K, 0% used [0x00000000d5580000,0x00000000d5580000,0x00000000d5c80000)
  from space 512K, 98% used [0x00000000d5f00000,0x00000000d5f7e750,0x00000000d5f80000)
  to   space 1024K, 0% used [0x00000000d5d80000,0x00000000d5d80000,0x00000000d5e80000)
 ParOldGen       total 504320K, used 504002K [0x0000000080000000, 0x000000009ec80000, 0x00000000d5580000)
  object space 504320K, 99% used [0x0000000080000000,0x000000009ec30ab0,0x000000009ec80000)
 Metaspace       used 73819K, committed 75328K, reserved 1179648K
  class space    used 7425K, committed 8064K, reserved 1048576K
}
Event: 63.352 GC heap before
{Heap before GC invocations=808 (full 3):
 PSYoungGen      total 7680K, used 7673K [0x00000000d5580000, 0x00000000d5f80000, 0x0000000100000000)
  eden space 7168K, 100% used [0x00000000d5580000,0x00000000d5c80000,0x00000000d5c80000)
  from space 512K, 98% used [0x00000000d5f00000,0x00000000d5f7e750,0x00000000d5f80000)
  to   space 1024K, 0% used [0x00000000d5d80000,0x00000000d5d80000,0x00000000d5e80000)
 ParOldGen       total 504320K, used 504002K [0x0000000080000000, 0x000000009ec80000, 0x00000000d5580000)
  object space 504320K, 99% used [0x0000000080000000,0x000000009ec30ab0,0x000000009ec80000)
 Metaspace       used 73819K, committed 75328K, reserved 1179648K
  class space    used 7425K, committed 8064K, reserved 1048576K
}
Event: 63.355 GC heap after
{Heap after GC invocations=808 (full 3):
 PSYoungGen      total 8192K, used 448K [0x00000000d5580000, 0x00000000d5f80000, 0x0000000100000000)
  eden space 7168K, 0% used [0x00000000d5580000,0x00000000d5580000,0x00000000d5c80000)
  from space 1024K, 43% used [0x00000000d5d80000,0x00000000d5df0000,0x00000000d5e80000)
  to   space 1024K, 0% used [0x00000000d5e80000,0x00000000d5e80000,0x00000000d5f80000)
 ParOldGen       total 504320K, used 504226K [0x0000000080000000, 0x000000009ec80000, 0x00000000d5580000)
  object space 504320K, 99% used [0x0000000080000000,0x000000009ec68b90,0x000000009ec80000)
 Metaspace       used 73819K, committed 75328K, reserved 1179648K
  class space    used 7425K, committed 8064K, reserved 1048576K
}
Event: 63.399 GC heap before
{Heap before GC invocations=809 (full 3):
 PSYoungGen      total 8192K, used 7616K [0x00000000d5580000, 0x00000000d5f80000, 0x0000000100000000)
  eden space 7168K, 100% used [0x00000000d5580000,0x00000000d5c80000,0x00000000d5c80000)
  from space 1024K, 43% used [0x00000000d5d80000,0x00000000d5df0000,0x00000000d5e80000)
  to   space 1024K, 0% used [0x00000000d5e80000,0x00000000d5e80000,0x00000000d5f80000)
 ParOldGen       total 504320K, used 504226K [0x0000000080000000, 0x000000009ec80000, 0x00000000d5580000)
  object space 504320K, 99% used [0x0000000080000000,0x000000009ec68b90,0x000000009ec80000)
 Metaspace       used 73826K, committed 75328K, reserved 1179648K
  class space    used 7425K, committed 8064K, reserved 1048576K
}
Event: 63.403 GC heap after
{Heap after GC invocations=809 (full 3):
 PSYoungGen      total 8192K, used 521K [0x00000000d5580000, 0x00000000d5f80000, 0x0000000100000000)
  eden space 7168K, 0% used [0x00000000d5580000,0x00000000d5580000,0x00000000d5c80000)
  from space 1024K, 50% used [0x00000000d5e80000,0x00000000d5f027e0,0x00000000d5f80000)
  to   space 1024K, 0% used [0x00000000d5d80000,0x00000000d5d80000,0x00000000d5e80000)
 ParOldGen       total 504832K, used 504523K [0x0000000080000000, 0x000000009ed00000, 0x00000000d5580000)
  object space 504832K, 99% used [0x0000000080000000,0x000000009ecb2d80,0x000000009ed00000)
 Metaspace       used 73826K, committed 75328K, reserved 1179648K
  class space    used 7425K, committed 8064K, reserved 1048576K
}
Event: 63.456 GC heap before
{Heap before GC invocations=810 (full 3):
 PSYoungGen      total 8192K, used 7689K [0x00000000d5580000, 0x00000000d5f80000, 0x0000000100000000)
  eden space 7168K, 100% used [0x00000000d5580000,0x00000000d5c80000,0x00000000d5c80000)
  from space 1024K, 50% used [0x00000000d5e80000,0x00000000d5f027e0,0x00000000d5f80000)
  to   space 1024K, 0% used [0x00000000d5d80000,0x00000000d5d80000,0x00000000d5e80000)
 ParOldGen       total 505344K, used 505232K [0x0000000080000000, 0x000000009ed80000, 0x00000000d5580000)
  object space 505344K, 99% used [0x0000000080000000,0x000000009ed64300,0x000000009ed80000)
 Metaspace       used 73826K, committed 75328K, reserved 1179648K
  class space    used 7425K, committed 8064K, reserved 1048576K
}
Event: 63.523 GC heap after
{Heap after GC invocations=810 (full 3):
 PSYoungGen      total 7680K, used 511K [0x00000000d5580000, 0x00000000d5f00000, 0x0000000100000000)
  eden space 7168K, 0% used [0x00000000d5580000,0x00000000d5580000,0x00000000d5c80000)
  from space 512K, 99% used [0x00000000d5d80000,0x00000000d5dffcc8,0x00000000d5e00000)
  to   space 1024K, 0% used [0x00000000d5e00000,0x00000000d5e00000,0x00000000d5f00000)
 ParOldGen       total 505856K, used 505551K [0x0000000080000000, 0x000000009ee00000, 0x00000000d5580000)
  object space 505856K, 99% used [0x0000000080000000,0x000000009edb3e90,0x000000009ee00000)
 Metaspace       used 73826K, committed 75328K, reserved 1179648K
  class space    used 7425K, committed 8064K, reserved 1048576K
}
Event: 64.614 GC heap before
{Heap before GC invocations=811 (full 3):
 PSYoungGen      total 7680K, used 7679K [0x00000000d5580000, 0x00000000d5f00000, 0x0000000100000000)
  eden space 7168K, 100% used [0x00000000d5580000,0x00000000d5c80000,0x00000000d5c80000)
  from space 512K, 99% used [0x00000000d5d80000,0x00000000d5dffcc8,0x00000000d5e00000)
  to   space 1024K, 0% used [0x00000000d5e00000,0x00000000d5e00000,0x00000000d5f00000)
 ParOldGen       total 505856K, used 505566K [0x0000000080000000, 0x000000009ee00000, 0x00000000d5580000)
  object space 505856K, 99% used [0x0000000080000000,0x000000009edb7a18,0x000000009ee00000)
 Metaspace       used 73826K, committed 75328K, reserved 1179648K
  class space    used 7425K, committed 8064K, reserved 1048576K
}
Event: 64.649 GC heap after
{Heap after GC invocations=811 (full 3):
 PSYoungGen      total 8192K, used 834K [0x00000000d5580000, 0x00000000d5f00000, 0x0000000100000000)
  eden space 7168K, 0% used [0x00000000d5580000,0x00000000d5580000,0x00000000d5c80000)
  from space 1024K, 81% used [0x00000000d5e00000,0x00000000d5ed0900,0x00000000d5f00000)
  to   space 1024K, 0% used [0x00000000d5d00000,0x00000000d5d00000,0x00000000d5e00000)
 ParOldGen       total 505856K, used 505666K [0x0000000080000000, 0x000000009ee00000, 0x00000000d5580000)
  object space 505856K, 99% used [0x0000000080000000,0x000000009edd0a00,0x000000009ee00000)
 Metaspace       used 73826K, committed 75328K, reserved 1179648K
  class space    used 7425K, committed 8064K, reserved 1048576K
}
Event: 64.689 GC heap before
{Heap before GC invocations=812 (full 3):
 PSYoungGen      total 8192K, used 8002K [0x00000000d5580000, 0x00000000d5f00000, 0x0000000100000000)
  eden space 7168K, 100% used [0x00000000d5580000,0x00000000d5c80000,0x00000000d5c80000)
  from space 1024K, 81% used [0x00000000d5e00000,0x00000000d5ed0900,0x00000000d5f00000)
  to   space 1024K, 0% used [0x00000000d5d00000,0x00000000d5d00000,0x00000000d5e00000)
 ParOldGen       total 505856K, used 505666K [0x0000000080000000, 0x000000009ee00000, 0x00000000d5580000)
  object space 505856K, 99% used [0x0000000080000000,0x000000009edd0a00,0x000000009ee00000)
 Metaspace       used 73826K, committed 75328K, reserved 1179648K
  class space    used 7425K, committed 8064K, reserved 1048576K
}
Event: 64.842 GC heap after
{Heap after GC invocations=812 (full 3):
 PSYoungGen      total 8704K, used 507K [0x00000000d5580000, 0x00000000d6000000, 0x0000000100000000)
  eden space 7680K, 0% used [0x00000000d5580000,0x00000000d5580000,0x00000000d5d00000)
  from space 1024K, 49% used [0x00000000d5d00000,0x00000000d5d7ef08,0x00000000d5e00000)
  to   space 1024K, 0% used [0x00000000d5f00000,0x00000000d5f00000,0x00000000d6000000)
 ParOldGen       total 506880K, used 506414K [0x0000000080000000, 0x000000009ef00000, 0x00000000d5580000)
  object space 506880K, 99% used [0x0000000080000000,0x000000009ee8b8f0,0x000000009ef00000)
 Metaspace       used 73826K, committed 75328K, reserved 1179648K
  class space    used 7425K, committed 8064K, reserved 1048576K
}
Event: 64.936 GC heap before
{Heap before GC invocations=813 (full 3):
 PSYoungGen      total 8704K, used 8187K [0x00000000d5580000, 0x00000000d6000000, 0x0000000100000000)
  eden space 7680K, 100% used [0x00000000d5580000,0x00000000d5d00000,0x00000000d5d00000)
  from space 1024K, 49% used [0x00000000d5d00000,0x00000000d5d7ef08,0x00000000d5e00000)
  to   space 1024K, 0% used [0x00000000d5f00000,0x00000000d5f00000,0x00000000d6000000)
 ParOldGen       total 506880K, used 506414K [0x0000000080000000, 0x000000009ef00000, 0x00000000d5580000)
  object space 506880K, 99% used [0x0000000080000000,0x000000009ee8b8f0,0x000000009ef00000)
 Metaspace       used 73827K, committed 75328K, reserved 1179648K
  class space    used 7425K, committed 8064K, reserved 1048576K
}

