# JRE version: OpenJDK Runtime Environment Temurin-21.0.7+6 (21.0.7+6) (build 21.0.7+6-LTS)
# Java VM: OpenJDK 64-Bit Server VM Temurin-21.0.7+6 (21.0.7+6-LTS, mixed mode, sharing, tiered, compressed oops, compressed class ptrs, parallel gc, windows-amd64)
GC Precious Log:
 CardTable entry size: 512
 CPUs: 12 total, 12 available
 Memory: 6005M
 Large Page Support: Disabled
 NUMA Support: Disabled
 Compressed Oops: Enabled (32-bit)
 Alignments: Space 512K, Generation 512K, Heap 2M
 Heap Min Capacity: 100M
 Heap Initial Capacity: 100M
 Heap Max Capacity: 2G
 Pre-touch: Disabled
 Parallel Workers: 10
Heap:
 PSYoungGen      total 12800K, used 6011K [0x00000000d5580000, 0x00000000d6300000, 0x0000000100000000)
  eden space 12288K, 47% used [0x00000000d5580000,0x00000000d5b34300,0x00000000d6180000)
  from space 512K, 56% used [0x00000000d6280000,0x00000000d62c8000,0x00000000d6300000)
  to   space 512K, 0% used [0x00000000d6200000,0x00000000d6200000,0x00000000d6280000)
 ParOldGen       total 545792K, used 545314K [0x0000000080000000, 0x00000000a1500000, 0x00000000d5580000)
  object space 545792K, 99% used [0x0000000080000000,0x00000000a14888d0,0x00000000a1500000)
 Metaspace       used 68707K, committed 70272K, reserved 1114112K
  class space    used 6829K, committed 7552K, reserved 1048576K
GC Heap History (20 events):
Event: 48.050 GC heap after
{Heap after GC invocations=743 (full 3):
 PSYoungGen      total 12800K, used 512K [0x00000000d5580000, 0x00000000d6380000, 0x0000000100000000)
  eden space 12288K, 0% used [0x00000000d5580000,0x00000000d5580000,0x00000000d6180000)
  from space 512K, 100% used [0x00000000d6280000,0x00000000d6300000,0x00000000d6300000)
  to   space 1024K, 0% used [0x00000000d6180000,0x00000000d6180000,0x00000000d6280000)
 ParOldGen       total 541184K, used 541140K [0x0000000080000000, 0x00000000a1080000, 0x00000000d5580000)
  object space 541184K, 99% used [0x0000000080000000,0x00000000a1075108,0x00000000a1080000)
 Metaspace       used 68635K, committed 70208K, reserved 1114112K
  class space    used 6829K, committed 7552K, reserved 1048576K
}
Event: 48.072 GC heap before
{Heap before GC invocations=744 (full 3):
 PSYoungGen      total 12800K, used 12800K [0x00000000d5580000, 0x00000000d6380000, 0x0000000100000000)
  eden space 12288K, 100% used [0x00000000d5580000,0x00000000d6180000,0x00000000d6180000)
  from space 512K, 100% used [0x00000000d6280000,0x00000000d6300000,0x00000000d6300000)
  to   space 1024K, 0% used [0x00000000d6180000,0x00000000d6180000,0x00000000d6280000)
 ParOldGen       total 541184K, used 541140K [0x0000000080000000, 0x00000000a1080000, 0x00000000d5580000)
  object space 541184K, 99% used [0x0000000080000000,0x00000000a1075108,0x00000000a1080000)
 Metaspace       used 68635K, committed 70208K, reserved 1114112K
  class space    used 6829K, committed 7552K, reserved 1048576K
}
Event: 48.076 GC heap after
{Heap after GC invocations=744 (full 3):
 PSYoungGen      total 13312K, used 512K [0x00000000d5580000, 0x00000000d6380000, 0x0000000100000000)
  eden space 12288K, 0% used [0x00000000d5580000,0x00000000d5580000,0x00000000d6180000)
  from space 1024K, 50% used [0x00000000d6180000,0x00000000d6200000,0x00000000d6280000)
  to   space 1024K, 0% used [0x00000000d6280000,0x00000000d6280000,0x00000000d6380000)
 ParOldGen       total 541696K, used 541371K [0x0000000080000000, 0x00000000a1100000, 0x00000000d5580000)
  object space 541696K, 99% used [0x0000000080000000,0x00000000a10aee08,0x00000000a1100000)
 Metaspace       used 68635K, committed 70208K, reserved 1114112K
  class space    used 6829K, committed 7552K, reserved 1048576K
}
Event: 48.114 GC heap before
{Heap before GC invocations=745 (full 3):
 PSYoungGen      total 13312K, used 12800K [0x00000000d5580000, 0x00000000d6380000, 0x0000000100000000)
  eden space 12288K, 100% used [0x00000000d5580000,0x00000000d6180000,0x00000000d6180000)
  from space 1024K, 50% used [0x00000000d6180000,0x00000000d6200000,0x00000000d6280000)
  to   space 1024K, 0% used [0x00000000d6280000,0x00000000d6280000,0x00000000d6380000)
 ParOldGen       total 541696K, used 541371K [0x0000000080000000, 0x00000000a1100000, 0x00000000d5580000)
  object space 541696K, 99% used [0x0000000080000000,0x00000000a10aee08,0x00000000a1100000)
 Metaspace       used 68635K, committed 70208K, reserved 1114112K
  class space    used 6829K, committed 7552K, reserved 1048576K
}
Event: 48.119 GC heap after
{Heap after GC invocations=745 (full 3):
 PSYoungGen      total 12800K, used 416K [0x00000000d5580000, 0x00000000d6300000, 0x0000000100000000)
  eden space 12288K, 0% used [0x00000000d5580000,0x00000000d5580000,0x00000000d6180000)
  from space 512K, 81% used [0x00000000d6280000,0x00000000d62e8000,0x00000000d6300000)
  to   space 512K, 0% used [0x00000000d6200000,0x00000000d6200000,0x00000000d6280000)
 ParOldGen       total 541696K, used 541619K [0x0000000080000000, 0x00000000a1100000, 0x00000000d5580000)
  object space 541696K, 99% used [0x0000000080000000,0x00000000a10ece08,0x00000000a1100000)
 Metaspace       used 68635K, committed 70208K, reserved 1114112K
  class space    used 6829K, committed 7552K, reserved 1048576K
}
Event: 48.176 GC heap before
{Heap before GC invocations=746 (full 3):
 PSYoungGen      total 12800K, used 12704K [0x00000000d5580000, 0x00000000d6300000, 0x0000000100000000)
  eden space 12288K, 100% used [0x00000000d5580000,0x00000000d6180000,0x00000000d6180000)
  from space 512K, 81% used [0x00000000d6280000,0x00000000d62e8000,0x00000000d6300000)
  to   space 512K, 0% used [0x00000000d6200000,0x00000000d6200000,0x00000000d6280000)
 ParOldGen       total 541696K, used 541619K [0x0000000080000000, 0x00000000a1100000, 0x00000000d5580000)
  object space 541696K, 99% used [0x0000000080000000,0x00000000a10ece08,0x00000000a1100000)
 Metaspace       used 68637K, committed 70208K, reserved 1114112K
  class space    used 6829K, committed 7552K, reserved 1048576K
}
Event: 48.180 GC heap after
{Heap after GC invocations=746 (full 3):
 PSYoungGen      total 12800K, used 320K [0x00000000d5580000, 0x00000000d6300000, 0x0000000100000000)
  eden space 12288K, 0% used [0x00000000d5580000,0x00000000d5580000,0x00000000d6180000)
  from space 512K, 62% used [0x00000000d6200000,0x00000000d6250000,0x00000000d6280000)
  to   space 512K, 0% used [0x00000000d6280000,0x00000000d6280000,0x00000000d6300000)
 ParOldGen       total 542208K, used 541891K [0x0000000080000000, 0x00000000a1180000, 0x00000000d5580000)
  object space 542208K, 99% used [0x0000000080000000,0x00000000a1130e08,0x00000000a1180000)
 Metaspace       used 68637K, committed 70208K, reserved 1114112K
  class space    used 6829K, committed 7552K, reserved 1048576K
}
Event: 48.235 GC heap before
{Heap before GC invocations=747 (full 3):
 PSYoungGen      total 12800K, used 12608K [0x00000000d5580000, 0x00000000d6300000, 0x0000000100000000)
  eden space 12288K, 100% used [0x00000000d5580000,0x00000000d6180000,0x00000000d6180000)
  from space 512K, 62% used [0x00000000d6200000,0x00000000d6250000,0x00000000d6280000)
  to   space 512K, 0% used [0x00000000d6280000,0x00000000d6280000,0x00000000d6300000)
 ParOldGen       total 542208K, used 541891K [0x0000000080000000, 0x00000000a1180000, 0x00000000d5580000)
  object space 542208K, 99% used [0x0000000080000000,0x00000000a1130e08,0x00000000a1180000)
 Metaspace       used 68637K, committed 70208K, reserved 1114112K
  class space    used 6829K, committed 7552K, reserved 1048576K
}
Event: 48.240 GC heap after
{Heap after GC invocations=747 (full 3):
 PSYoungGen      total 12800K, used 480K [0x00000000d5580000, 0x00000000d6300000, 0x0000000100000000)
  eden space 12288K, 0% used [0x00000000d5580000,0x00000000d5580000,0x00000000d6180000)
  from space 512K, 93% used [0x00000000d6280000,0x00000000d62f8000,0x00000000d6300000)
  to   space 512K, 0% used [0x00000000d6200000,0x00000000d6200000,0x00000000d6280000)
 ParOldGen       total 542208K, used 542067K [0x0000000080000000, 0x00000000a1180000, 0x00000000d5580000)
  object space 542208K, 99% used [0x0000000080000000,0x00000000a115ce08,0x00000000a1180000)
 Metaspace       used 68637K, committed 70208K, reserved 1114112K
  class space    used 6829K, committed 7552K, reserved 1048576K
}
Event: 48.295 GC heap before
{Heap before GC invocations=748 (full 3):
 PSYoungGen      total 12800K, used 12768K [0x00000000d5580000, 0x00000000d6300000, 0x0000000100000000)
  eden space 12288K, 100% used [0x00000000d5580000,0x00000000d6180000,0x00000000d6180000)
  from space 512K, 93% used [0x00000000d6280000,0x00000000d62f8000,0x00000000d6300000)
  to   space 512K, 0% used [0x00000000d6200000,0x00000000d6200000,0x00000000d6280000)
 ParOldGen       total 542208K, used 542067K [0x0000000080000000, 0x00000000a1180000, 0x00000000d5580000)
  object space 542208K, 99% used [0x0000000080000000,0x00000000a115ce08,0x00000000a1180000)
 Metaspace       used 68655K, committed 70272K, reserved 1114112K
  class space    used 6829K, committed 7552K, reserved 1048576K
}
Event: 48.301 GC heap after
{Heap after GC invocations=748 (full 3):
 PSYoungGen      total 12800K, used 489K [0x00000000d5580000, 0x00000000d6380000, 0x0000000100000000)
  eden space 12288K, 0% used [0x00000000d5580000,0x00000000d5580000,0x00000000d6180000)
  from space 512K, 95% used [0x00000000d6200000,0x00000000d627a400,0x00000000d6280000)
  to   space 1024K, 0% used [0x00000000d6280000,0x00000000d6280000,0x00000000d6380000)
 ParOldGen       total 542720K, used 542469K [0x0000000080000000, 0x00000000a1200000, 0x00000000d5580000)
  object space 542720K, 99% used [0x0000000080000000,0x00000000a11c1618,0x00000000a1200000)
 Metaspace       used 68655K, committed 70272K, reserved 1114112K
  class space    used 6829K, committed 7552K, reserved 1048576K
}
Event: 48.355 GC heap before
{Heap before GC invocations=749 (full 3):
 PSYoungGen      total 12800K, used 12777K [0x00000000d5580000, 0x00000000d6380000, 0x0000000100000000)
  eden space 12288K, 100% used [0x00000000d5580000,0x00000000d6180000,0x00000000d6180000)
  from space 512K, 95% used [0x00000000d6200000,0x00000000d627a400,0x00000000d6280000)
  to   space 1024K, 0% used [0x00000000d6280000,0x00000000d6280000,0x00000000d6380000)
 ParOldGen       total 542720K, used 542469K [0x0000000080000000, 0x00000000a1200000, 0x00000000d5580000)
  object space 542720K, 99% used [0x0000000080000000,0x00000000a11c1618,0x00000000a1200000)
 Metaspace       used 68672K, committed 70272K, reserved 1114112K
  class space    used 6829K, committed 7552K, reserved 1048576K
}
Event: 48.360 GC heap after
{Heap after GC invocations=749 (full 3):
 PSYoungGen      total 13312K, used 352K [0x00000000d5580000, 0x00000000d6380000, 0x0000000100000000)
  eden space 12288K, 0% used [0x00000000d5580000,0x00000000d5580000,0x00000000d6180000)
  from space 1024K, 34% used [0x00000000d6280000,0x00000000d62d8000,0x00000000d6380000)
  to   space 1024K, 0% used [0x00000000d6180000,0x00000000d6180000,0x00000000d6280000)
 ParOldGen       total 543232K, used 542894K [0x0000000080000000, 0x00000000a1280000, 0x00000000d5580000)
  object space 543232K, 99% used [0x0000000080000000,0x00000000a122ba18,0x00000000a1280000)
 Metaspace       used 68672K, committed 70272K, reserved 1114112K
  class space    used 6829K, committed 7552K, reserved 1048576K
}
Event: 48.396 GC heap before
{Heap before GC invocations=750 (full 3):
 PSYoungGen      total 13312K, used 12640K [0x00000000d5580000, 0x00000000d6380000, 0x0000000100000000)
  eden space 12288K, 100% used [0x00000000d5580000,0x00000000d6180000,0x00000000d6180000)
  from space 1024K, 34% used [0x00000000d6280000,0x00000000d62d8000,0x00000000d6380000)
  to   space 1024K, 0% used [0x00000000d6180000,0x00000000d6180000,0x00000000d6280000)
 ParOldGen       total 543232K, used 542894K [0x0000000080000000, 0x00000000a1280000, 0x00000000d5580000)
  object space 543232K, 99% used [0x0000000080000000,0x00000000a122ba18,0x00000000a1280000)
 Metaspace       used 68676K, committed 70272K, reserved 1114112K
  class space    used 6829K, committed 7552K, reserved 1048576K
}
Event: 48.401 GC heap after
{Heap after GC invocations=750 (full 3):
 PSYoungGen      total 13312K, used 544K [0x00000000d5580000, 0x00000000d6380000, 0x0000000100000000)
  eden space 12288K, 0% used [0x00000000d5580000,0x00000000d5580000,0x00000000d6180000)
  from space 1024K, 53% used [0x00000000d6180000,0x00000000d6208000,0x00000000d6280000)
  to   space 1024K, 0% used [0x00000000d6280000,0x00000000d6280000,0x00000000d6380000)
 ParOldGen       total 543232K, used 543086K [0x0000000080000000, 0x00000000a1280000, 0x00000000d5580000)
  object space 543232K, 99% used [0x0000000080000000,0x00000000a125ba18,0x00000000a1280000)
 Metaspace       used 68676K, committed 70272K, reserved 1114112K
  class space    used 6829K, committed 7552K, reserved 1048576K
}
Event: 48.470 GC heap before
{Heap before GC invocations=751 (full 3):
 PSYoungGen      total 13312K, used 12831K [0x00000000d5580000, 0x00000000d6380000, 0x0000000100000000)
  eden space 12288K, 99% used [0x00000000d5580000,0x00000000d617fff8,0x00000000d6180000)
  from space 1024K, 53% used [0x00000000d6180000,0x00000000d6208000,0x00000000d6280000)
  to   space 1024K, 0% used [0x00000000d6280000,0x00000000d6280000,0x00000000d6380000)
 ParOldGen       total 543232K, used 543086K [0x0000000080000000, 0x00000000a1280000, 0x00000000d5580000)
  object space 543232K, 99% used [0x0000000080000000,0x00000000a125ba18,0x00000000a1280000)
 Metaspace       used 68686K, committed 70272K, reserved 1114112K
  class space    used 6829K, committed 7552K, reserved 1048576K
}
Event: 48.476 GC heap after
{Heap after GC invocations=751 (full 3):
 PSYoungGen      total 13312K, used 608K [0x00000000d5580000, 0x00000000d6380000, 0x0000000100000000)
  eden space 12288K, 0% used [0x00000000d5580000,0x00000000d5580000,0x00000000d6180000)
  from space 1024K, 59% used [0x00000000d6280000,0x00000000d6318000,0x00000000d6380000)
  to   space 1024K, 0% used [0x00000000d6180000,0x00000000d6180000,0x00000000d6280000)
 ParOldGen       total 543744K, used 543477K [0x0000000080000000, 0x00000000a1300000, 0x00000000d5580000)
  object space 543744K, 99% used [0x0000000080000000,0x00000000a12bd520,0x00000000a1300000)
 Metaspace       used 68686K, committed 70272K, reserved 1114112K
  class space    used 6829K, committed 7552K, reserved 1048576K
}
Event: 48.534 GC heap before
{Heap before GC invocations=752 (full 3):
 PSYoungGen      total 13312K, used 12896K [0x00000000d5580000, 0x00000000d6380000, 0x0000000100000000)
  eden space 12288K, 100% used [0x00000000d5580000,0x00000000d6180000,0x00000000d6180000)
  from space 1024K, 59% used [0x00000000d6280000,0x00000000d6318000,0x00000000d6380000)
  to   space 1024K, 0% used [0x00000000d6180000,0x00000000d6180000,0x00000000d6280000)
 ParOldGen       total 543744K, used 543477K [0x0000000080000000, 0x00000000a1300000, 0x00000000d5580000)
  object space 543744K, 99% used [0x0000000080000000,0x00000000a12bd520,0x00000000a1300000)
 Metaspace       used 68696K, committed 70272K, reserved 1114112K
  class space    used 6829K, committed 7552K, reserved 1048576K
}
Event: 48.541 GC heap after
{Heap after GC invocations=752 (full 3):
 PSYoungGen      total 13312K, used 448K [0x00000000d5580000, 0x00000000d6300000, 0x0000000100000000)
  eden space 12288K, 0% used [0x00000000d5580000,0x00000000d5580000,0x00000000d6180000)
  from space 1024K, 43% used [0x00000000d6180000,0x00000000d61f0000,0x00000000d6280000)
  to   space 512K, 0% used [0x00000000d6280000,0x00000000d6280000,0x00000000d6300000)
 ParOldGen       total 544256K, used 543929K [0x0000000080000000, 0x00000000a1380000, 0x00000000d5580000)
  object space 544256K, 99% used [0x0000000080000000,0x00000000a132e530,0x00000000a1380000)
 Metaspace       used 68696K, committed 70272K, reserved 1114112K
  class space    used 6829K, committed 7552K, reserved 1048576K
}
Event: 49.555 GC heap before
{Heap before GC invocations=753 (full 3):
 PSYoungGen      total 13312K, used 12736K [0x00000000d5580000, 0x00000000d6300000, 0x0000000100000000)
  eden space 12288K, 100% used [0x00000000d5580000,0x00000000d6180000,0x00000000d6180000)
  from space 1024K, 43% used [0x00000000d6180000,0x00000000d61f0000,0x00000000d6280000)
  to   space 512K, 0% used [0x00000000d6280000,0x00000000d6280000,0x00000000d6300000)
 ParOldGen       total 544768K, used 544256K [0x0000000080000000, 0x00000000a1400000, 0x00000000d5580000)
  object space 544768K, 99% used [0x0000000080000000,0x00000000a1380190,0x00000000a1400000)
 Metaspace       used 68696K, committed 70272K, reserved 1114112K
  class space    used 6829K, committed 7552K, reserved 1048576K
}

