# JRE version: OpenJDK Runtime Environment Temurin-21.0.7+6 (21.0.7+6) (build 21.0.7+6-LTS)
# Java VM: OpenJDK 64-Bit Server VM Temurin-21.0.7+6 (21.0.7+6-LTS, mixed mode, sharing, tiered, compressed oops, compressed class ptrs, parallel gc, windows-amd64)
GC Precious Log:
 CardTable entry size: 512
 CPUs: 12 total, 12 available
 Memory: 6005M
 Large Page Support: Disabled
 NUMA Support: Disabled
 Compressed Oops: Enabled (32-bit)
 Alignments: Space 512K, Generation 512K, Heap 2M
 Heap Min Capacity: 100M
 Heap Initial Capacity: 100M
 Heap Max Capacity: 2G
 Pre-touch: Disabled
 Parallel Workers: 10
Heap:
 PSYoungGen      total 27136K, used 9461K [0x00000000d5580000, 0x00000000d7600000, 0x0000000100000000)
  eden space 22528K, 29% used [0x00000000d5580000,0x00000000d5c188a8,0x00000000d6b80000)
  from space 4608K, 58% used [0x00000000d6e80000,0x00000000d7124e98,0x00000000d7300000)
  to   space 3072K, 0% used [0x00000000d7300000,0x00000000d7300000,0x00000000d7600000)
 ParOldGen       total 565760K, used 565748K [0x0000000080000000, 0x00000000a2880000, 0x00000000d5580000)
  object space 565760K, 99% used [0x0000000080000000,0x00000000a287d308,0x00000000a2880000)
 Metaspace       used 82448K, committed 84224K, reserved 1179648K
  class space    used 8375K, committed 9152K, reserved 1048576K
GC Heap History (20 events):
Event: 355.798 GC heap before
{Heap before GC invocations=2140 (full 4):
 PSYoungGen      total 20992K, used 20981K [0x00000000d5580000, 0x00000000d8100000, 0x0000000100000000)
  eden space 18944K, 100% used [0x00000000d5580000,0x00000000d6800000,0x00000000d6800000)
  from space 2048K, 99% used [0x00000000d6800000,0x00000000d69fd788,0x00000000d6a00000)
  to   space 11776K, 0% used [0x00000000d7580000,0x00000000d7580000,0x00000000d8100000)
 ParOldGen       total 539136K, used 538820K [0x0000000080000000, 0x00000000a0e80000, 0x00000000d5580000)
  object space 539136K, 99% used [0x0000000080000000,0x00000000a0e31290,0x00000000a0e80000)
 Metaspace       used 79825K, committed 81600K, reserved 1179648K
  class space    used 8154K, committed 8960K, reserved 1048576K
}
Event: 355.814 GC heap after
{Heap after GC invocations=2140 (full 4):
 PSYoungGen      total 32768K, used 8828K [0x00000000d5580000, 0x00000000d7f80000, 0x0000000100000000)
  eden space 22528K, 0% used [0x00000000d5580000,0x00000000d5580000,0x00000000d6b80000)
  from space 10240K, 86% used [0x00000000d7580000,0x00000000d7e1f0a8,0x00000000d7f80000)
  to   space 10240K, 0% used [0x00000000d6b80000,0x00000000d6b80000,0x00000000d7580000)
 ParOldGen       total 541184K, used 540888K [0x0000000080000000, 0x00000000a1080000, 0x00000000d5580000)
  object space 541184K, 99% used [0x0000000080000000,0x00000000a1036378,0x00000000a1080000)
 Metaspace       used 79825K, committed 81600K, reserved 1179648K
  class space    used 8154K, committed 8960K, reserved 1048576K
}
Event: 356.230 GC heap before
{Heap before GC invocations=2141 (full 4):
 PSYoungGen      total 32768K, used 31356K [0x00000000d5580000, 0x00000000d7f80000, 0x0000000100000000)
  eden space 22528K, 100% used [0x00000000d5580000,0x00000000d6b80000,0x00000000d6b80000)
  from space 10240K, 86% used [0x00000000d7580000,0x00000000d7e1f0a8,0x00000000d7f80000)
  to   space 10240K, 0% used [0x00000000d6b80000,0x00000000d6b80000,0x00000000d7580000)
 ParOldGen       total 541184K, used 540888K [0x0000000080000000, 0x00000000a1080000, 0x00000000d5580000)
  object space 541184K, 99% used [0x0000000080000000,0x00000000a1036378,0x00000000a1080000)
 Metaspace       used 79920K, committed 81664K, reserved 1179648K
  class space    used 8159K, committed 8960K, reserved 1048576K
}
Event: 356.245 GC heap after
{Heap after GC invocations=2141 (full 4):
 PSYoungGen      total 23552K, used 778K [0x00000000d5580000, 0x00000000d7600000, 0x0000000100000000)
  eden space 22528K, 0% used [0x00000000d5580000,0x00000000d5580000,0x00000000d6b80000)
  from space 1024K, 75% used [0x00000000d6b80000,0x00000000d6c42800,0x00000000d6c80000)
  to   space 4096K, 0% used [0x00000000d7200000,0x00000000d7200000,0x00000000d7600000)
 ParOldGen       total 549888K, used 549451K [0x0000000080000000, 0x00000000a1900000, 0x00000000d5580000)
  object space 549888K, 99% used [0x0000000080000000,0x00000000a1892cc8,0x00000000a1900000)
 Metaspace       used 79920K, committed 81664K, reserved 1179648K
  class space    used 8159K, committed 8960K, reserved 1048576K
}
Event: 356.495 GC heap before
{Heap before GC invocations=2142 (full 4):
 PSYoungGen      total 23552K, used 23306K [0x00000000d5580000, 0x00000000d7600000, 0x0000000100000000)
  eden space 22528K, 100% used [0x00000000d5580000,0x00000000d6b80000,0x00000000d6b80000)
  from space 1024K, 75% used [0x00000000d6b80000,0x00000000d6c42800,0x00000000d6c80000)
  to   space 4096K, 0% used [0x00000000d7200000,0x00000000d7200000,0x00000000d7600000)
 ParOldGen       total 549888K, used 549451K [0x0000000080000000, 0x00000000a1900000, 0x00000000d5580000)
  object space 549888K, 99% used [0x0000000080000000,0x00000000a1892cc8,0x00000000a1900000)
 Metaspace       used 79961K, committed 81664K, reserved 1179648K
  class space    used 8160K, committed 8960K, reserved 1048576K
}
Event: 356.501 GC heap after
{Heap after GC invocations=2142 (full 4):
 PSYoungGen      total 25088K, used 2120K [0x00000000d5580000, 0x00000000d7480000, 0x0000000100000000)
  eden space 22528K, 0% used [0x00000000d5580000,0x00000000d5580000,0x00000000d6b80000)
  from space 2560K, 82% used [0x00000000d7200000,0x00000000d74122a0,0x00000000d7480000)
  to   space 2560K, 0% used [0x00000000d6f80000,0x00000000d6f80000,0x00000000d7200000)
 ParOldGen       total 550400K, used 550097K [0x0000000080000000, 0x00000000a1980000, 0x00000000d5580000)
  object space 550400K, 99% used [0x0000000080000000,0x00000000a19346b0,0x00000000a1980000)
 Metaspace       used 79961K, committed 81664K, reserved 1179648K
  class space    used 8160K, committed 8960K, reserved 1048576K
}
Event: 358.632 GC heap before
{Heap before GC invocations=2143 (full 4):
 PSYoungGen      total 25088K, used 24648K [0x00000000d5580000, 0x00000000d7480000, 0x0000000100000000)
  eden space 22528K, 100% used [0x00000000d5580000,0x00000000d6b80000,0x00000000d6b80000)
  from space 2560K, 82% used [0x00000000d7200000,0x00000000d74122a0,0x00000000d7480000)
  to   space 2560K, 0% used [0x00000000d6f80000,0x00000000d6f80000,0x00000000d7200000)
 ParOldGen       total 550400K, used 550097K [0x0000000080000000, 0x00000000a1980000, 0x00000000d5580000)
  object space 550400K, 99% used [0x0000000080000000,0x00000000a19346b0,0x00000000a1980000)
 Metaspace       used 79992K, committed 81728K, reserved 1179648K
  class space    used 8160K, committed 8960K, reserved 1048576K
}
Event: 358.647 GC heap after
{Heap after GC invocations=2143 (full 4):
 PSYoungGen      total 25088K, used 2556K [0x00000000d5580000, 0x00000000d7680000, 0x0000000100000000)
  eden space 22528K, 0% used [0x00000000d5580000,0x00000000d5580000,0x00000000d6b80000)
  from space 2560K, 99% used [0x00000000d6f80000,0x00000000d71ff088,0x00000000d7200000)
  to   space 4608K, 0% used [0x00000000d7200000,0x00000000d7200000,0x00000000d7680000)
 ParOldGen       total 552448K, used 552350K [0x0000000080000000, 0x00000000a1b80000, 0x00000000d5580000)
  object space 552448K, 99% used [0x0000000080000000,0x00000000a1b67928,0x00000000a1b80000)
 Metaspace       used 79992K, committed 81728K, reserved 1179648K
  class space    used 8160K, committed 8960K, reserved 1048576K
}
Event: 359.363 GC heap before
{Heap before GC invocations=2144 (full 4):
 PSYoungGen      total 25088K, used 25084K [0x00000000d5580000, 0x00000000d7680000, 0x0000000100000000)
  eden space 22528K, 100% used [0x00000000d5580000,0x00000000d6b80000,0x00000000d6b80000)
  from space 2560K, 99% used [0x00000000d6f80000,0x00000000d71ff088,0x00000000d7200000)
  to   space 4608K, 0% used [0x00000000d7200000,0x00000000d7200000,0x00000000d7680000)
 ParOldGen       total 552448K, used 552350K [0x0000000080000000, 0x00000000a1b80000, 0x00000000d5580000)
  object space 552448K, 99% used [0x0000000080000000,0x00000000a1b67928,0x00000000a1b80000)
 Metaspace       used 80238K, committed 82048K, reserved 1179648K
  class space    used 8176K, committed 9024K, reserved 1048576K
}
Event: 359.374 GC heap after
{Heap after GC invocations=2144 (full 4):
 PSYoungGen      total 25088K, used 2137K [0x00000000d5580000, 0x00000000d7480000, 0x0000000100000000)
  eden space 22528K, 0% used [0x00000000d5580000,0x00000000d5580000,0x00000000d6b80000)
  from space 2560K, 83% used [0x00000000d7200000,0x00000000d7416430,0x00000000d7480000)
  to   space 3584K, 0% used [0x00000000d6d80000,0x00000000d6d80000,0x00000000d7100000)
 ParOldGen       total 555008K, used 554867K [0x0000000080000000, 0x00000000a1e00000, 0x00000000d5580000)
  object space 555008K, 99% used [0x0000000080000000,0x00000000a1ddcc80,0x00000000a1e00000)
 Metaspace       used 80238K, committed 82048K, reserved 1179648K
  class space    used 8176K, committed 9024K, reserved 1048576K
}
Event: 360.014 GC heap before
{Heap before GC invocations=2145 (full 4):
 PSYoungGen      total 25088K, used 24665K [0x00000000d5580000, 0x00000000d7480000, 0x0000000100000000)
  eden space 22528K, 100% used [0x00000000d5580000,0x00000000d6b80000,0x00000000d6b80000)
  from space 2560K, 83% used [0x00000000d7200000,0x00000000d7416430,0x00000000d7480000)
  to   space 3584K, 0% used [0x00000000d6d80000,0x00000000d6d80000,0x00000000d7100000)
 ParOldGen       total 555008K, used 554867K [0x0000000080000000, 0x00000000a1e00000, 0x00000000d5580000)
  object space 555008K, 99% used [0x0000000080000000,0x00000000a1ddcc80,0x00000000a1e00000)
 Metaspace       used 81002K, committed 82688K, reserved 1179648K
  class space    used 8238K, committed 9024K, reserved 1048576K
}
Event: 360.028 GC heap after
{Heap after GC invocations=2145 (full 4):
 PSYoungGen      total 25088K, used 2244K [0x00000000d5580000, 0x00000000d7280000, 0x0000000100000000)
  eden space 22528K, 0% used [0x00000000d5580000,0x00000000d5580000,0x00000000d6b80000)
  from space 2560K, 87% used [0x00000000d6d80000,0x00000000d6fb1058,0x00000000d7000000)
  to   space 2560K, 0% used [0x00000000d7000000,0x00000000d7000000,0x00000000d7280000)
 ParOldGen       total 557056K, used 556739K [0x0000000080000000, 0x00000000a2000000, 0x00000000d5580000)
  object space 557056K, 99% used [0x0000000080000000,0x00000000a1fb0f58,0x00000000a2000000)
 Metaspace       used 81002K, committed 82688K, reserved 1179648K
  class space    used 8238K, committed 9024K, reserved 1048576K
}
Event: 360.420 GC heap before
{Heap before GC invocations=2146 (full 4):
 PSYoungGen      total 25088K, used 24772K [0x00000000d5580000, 0x00000000d7280000, 0x0000000100000000)
  eden space 22528K, 100% used [0x00000000d5580000,0x00000000d6b80000,0x00000000d6b80000)
  from space 2560K, 87% used [0x00000000d6d80000,0x00000000d6fb1058,0x00000000d7000000)
  to   space 2560K, 0% used [0x00000000d7000000,0x00000000d7000000,0x00000000d7280000)
 ParOldGen       total 557056K, used 556739K [0x0000000080000000, 0x00000000a2000000, 0x00000000d5580000)
  object space 557056K, 99% used [0x0000000080000000,0x00000000a1fb0f58,0x00000000a2000000)
 Metaspace       used 81395K, committed 83136K, reserved 1179648K
  class space    used 8269K, committed 9088K, reserved 1048576K
}
Event: 360.431 GC heap after
{Heap after GC invocations=2146 (full 4):
 PSYoungGen      total 25088K, used 2080K [0x00000000d5580000, 0x00000000d7280000, 0x0000000100000000)
  eden space 22528K, 0% used [0x00000000d5580000,0x00000000d5580000,0x00000000d6b80000)
  from space 2560K, 81% used [0x00000000d7000000,0x00000000d7208000,0x00000000d7280000)
  to   space 2560K, 0% used [0x00000000d6d80000,0x00000000d6d80000,0x00000000d7000000)
 ParOldGen       total 558592K, used 558552K [0x0000000080000000, 0x00000000a2180000, 0x00000000d5580000)
  object space 558592K, 99% used [0x0000000080000000,0x00000000a21762f8,0x00000000a2180000)
 Metaspace       used 81395K, committed 83136K, reserved 1179648K
  class space    used 8269K, committed 9088K, reserved 1048576K
}
Event: 360.613 GC heap before
{Heap before GC invocations=2147 (full 4):
 PSYoungGen      total 25088K, used 24596K [0x00000000d5580000, 0x00000000d7280000, 0x0000000100000000)
  eden space 22528K, 99% used [0x00000000d5580000,0x00000000d6b7d128,0x00000000d6b80000)
  from space 2560K, 81% used [0x00000000d7000000,0x00000000d7208000,0x00000000d7280000)
  to   space 2560K, 0% used [0x00000000d6d80000,0x00000000d6d80000,0x00000000d7000000)
 ParOldGen       total 558592K, used 558552K [0x0000000080000000, 0x00000000a2180000, 0x00000000d5580000)
  object space 558592K, 99% used [0x0000000080000000,0x00000000a21762f8,0x00000000a2180000)
 Metaspace       used 81516K, committed 83264K, reserved 1179648K
  class space    used 8278K, committed 9088K, reserved 1048576K
}
Event: 360.622 GC heap after
{Heap after GC invocations=2147 (full 4):
 PSYoungGen      total 25088K, used 2546K [0x00000000d5580000, 0x00000000d7f80000, 0x0000000100000000)
  eden space 22528K, 0% used [0x00000000d5580000,0x00000000d5580000,0x00000000d6b80000)
  from space 2560K, 99% used [0x00000000d6d80000,0x00000000d6ffc9e0,0x00000000d7000000)
  to   space 10240K, 0% used [0x00000000d7580000,0x00000000d7580000,0x00000000d7f80000)
 ParOldGen       total 565248K, used 564820K [0x0000000080000000, 0x00000000a2800000, 0x00000000d5580000)
  object space 565248K, 99% used [0x0000000080000000,0x00000000a2795308,0x00000000a2800000)
 Metaspace       used 81516K, committed 83264K, reserved 1179648K
  class space    used 8278K, committed 9088K, reserved 1048576K
}
Event: 360.962 GC heap before
{Heap before GC invocations=2148 (full 4):
 PSYoungGen      total 25088K, used 25074K [0x00000000d5580000, 0x00000000d7f80000, 0x0000000100000000)
  eden space 22528K, 100% used [0x00000000d5580000,0x00000000d6b80000,0x00000000d6b80000)
  from space 2560K, 99% used [0x00000000d6d80000,0x00000000d6ffc9e0,0x00000000d7000000)
  to   space 10240K, 0% used [0x00000000d7580000,0x00000000d7580000,0x00000000d7f80000)
 ParOldGen       total 565248K, used 564820K [0x0000000080000000, 0x00000000a2800000, 0x00000000d5580000)
  object space 565248K, 99% used [0x0000000080000000,0x00000000a2795308,0x00000000a2800000)
 Metaspace       used 81643K, committed 83392K, reserved 1179648K
  class space    used 8291K, committed 9088K, reserved 1048576K
}
Event: 360.972 GC heap after
{Heap after GC invocations=2148 (full 4):
 PSYoungGen      total 24576K, used 1748K [0x00000000d5580000, 0x00000000d7780000, 0x0000000100000000)
  eden space 22528K, 0% used [0x00000000d5580000,0x00000000d5580000,0x00000000d6b80000)
  from space 2048K, 85% used [0x00000000d7580000,0x00000000d77352e0,0x00000000d7780000)
  to   space 4608K, 0% used [0x00000000d6e80000,0x00000000d6e80000,0x00000000d7300000)
 ParOldGen       total 565760K, used 565748K [0x0000000080000000, 0x00000000a2880000, 0x00000000d5580000)
  object space 565760K, 99% used [0x0000000080000000,0x00000000a287d308,0x00000000a2880000)
 Metaspace       used 81643K, committed 83392K, reserved 1179648K
  class space    used 8291K, committed 9088K, reserved 1048576K
}
Event: 361.426 GC heap before
{Heap before GC invocations=2149 (full 4):
 PSYoungGen      total 24576K, used 24276K [0x00000000d5580000, 0x00000000d7780000, 0x0000000100000000)
  eden space 22528K, 100% used [0x00000000d5580000,0x00000000d6b80000,0x00000000d6b80000)
  from space 2048K, 85% used [0x00000000d7580000,0x00000000d77352e0,0x00000000d7780000)
  to   space 4608K, 0% used [0x00000000d6e80000,0x00000000d6e80000,0x00000000d7300000)
 ParOldGen       total 565760K, used 565748K [0x0000000080000000, 0x00000000a2880000, 0x00000000d5580000)
  object space 565760K, 99% used [0x0000000080000000,0x00000000a287d308,0x00000000a2880000)
 Metaspace       used 81935K, committed 83776K, reserved 1179648K
  class space    used 8323K, committed 9152K, reserved 1048576K
}
Event: 361.435 GC heap after
{Heap after GC invocations=2149 (full 4):
 PSYoungGen      total 27136K, used 2707K [0x00000000d5580000, 0x00000000d7600000, 0x0000000100000000)
  eden space 22528K, 0% used [0x00000000d5580000,0x00000000d5580000,0x00000000d6b80000)
  from space 4608K, 58% used [0x00000000d6e80000,0x00000000d7124e98,0x00000000d7300000)
  to   space 3072K, 0% used [0x00000000d7300000,0x00000000d7300000,0x00000000d7600000)
 ParOldGen       total 565760K, used 565748K [0x0000000080000000, 0x00000000a2880000, 0x00000000d5580000)
  object space 565760K, 99% used [0x0000000080000000,0x00000000a287d308,0x00000000a2880000)
 Metaspace       used 81935K, committed 83776K, reserved 1179648K
  class space    used 8323K, committed 9152K, reserved 1048576K
}

