# JRE version: OpenJDK Runtime Environment Temurin-21.0.7+6 (21.0.7+6) (build 21.0.7+6-LTS)
# Java VM: OpenJDK 64-Bit Server VM Temurin-21.0.7+6 (21.0.7+6-LTS, mixed mode, sharing, tiered, compressed oops, compressed class ptrs, parallel gc, windows-amd64)
GC Precious Log:
 CardTable entry size: 512
 CPUs: 12 total, 12 available
 Memory: 6005M
 Large Page Support: Disabled
 NUMA Support: Disabled
 Compressed Oops: Enabled (32-bit)
 Alignments: Space 512K, Generation 512K, Heap 2M
 Heap Min Capacity: 100M
 Heap Initial Capacity: 100M
 Heap Max Capacity: 2G
 Pre-touch: Disabled
 Parallel Workers: 10
Heap:
 PSYoungGen      total 18432K, used 11213K [0x00000000d5580000, 0x00000000d6f80000, 0x0000000100000000)
  eden space 11264K, 38% used [0x00000000d5580000,0x00000000d59b3aa0,0x00000000d6080000)
  from space 7168K, 96% used [0x00000000d6080000,0x00000000d673f998,0x00000000d6780000)
  to   space 7168K, 0% used [0x00000000d6880000,0x00000000d6880000,0x00000000d6f80000)
 ParOldGen       total 378368K, used 372949K [0x0000000080000000, 0x0000000097180000, 0x00000000d5580000)
  object space 378368K, 98% used [0x0000000080000000,0x0000000096c35550,0x0000000097180000)
 Metaspace       used 72303K, committed 73920K, reserved 1179648K
  class space    used 7266K, committed 8000K, reserved 1048576K
GC Heap History (20 events):
Event: 120.499 GC heap before
{Heap before GC invocations=681 (full 4):
 PSYoungGen      total 13312K, used 12922K [0x00000000d5580000, 0x00000000d6a00000, 0x0000000100000000)
  eden space 6144K, 100% used [0x00000000d5580000,0x00000000d5b80000,0x00000000d5b80000)
  from space 7168K, 94% used [0x00000000d6280000,0x00000000d691ead8,0x00000000d6980000)
  to   space 7168K, 0% used [0x00000000d5b80000,0x00000000d5b80000,0x00000000d6280000)
 ParOldGen       total 378368K, used 367953K [0x0000000080000000, 0x0000000097180000, 0x00000000d5580000)
  object space 378368K, 97% used [0x0000000080000000,0x00000000967544e8,0x0000000097180000)
 Metaspace       used 72293K, committed 73920K, reserved 1179648K
  class space    used 7266K, committed 8000K, reserved 1048576K
}
Event: 120.507 GC heap after
{Heap after GC invocations=681 (full 4):
 PSYoungGen      total 13312K, used 6673K [0x00000000d5580000, 0x00000000d6a80000, 0x0000000100000000)
  eden space 6144K, 0% used [0x00000000d5580000,0x00000000d5580000,0x00000000d5b80000)
  from space 7168K, 93% used [0x00000000d5b80000,0x00000000d62045b8,0x00000000d6280000)
  to   space 7168K, 0% used [0x00000000d6380000,0x00000000d6380000,0x00000000d6a80000)
 ParOldGen       total 378368K, used 368297K [0x0000000080000000, 0x0000000097180000, 0x00000000d5580000)
  object space 378368K, 97% used [0x0000000080000000,0x00000000967aa4e8,0x0000000097180000)
 Metaspace       used 72293K, committed 73920K, reserved 1179648K
  class space    used 7266K, committed 8000K, reserved 1048576K
}
Event: 120.537 GC heap before
{Heap before GC invocations=682 (full 4):
 PSYoungGen      total 13312K, used 12817K [0x00000000d5580000, 0x00000000d6a80000, 0x0000000100000000)
  eden space 6144K, 100% used [0x00000000d5580000,0x00000000d5b80000,0x00000000d5b80000)
  from space 7168K, 93% used [0x00000000d5b80000,0x00000000d62045b8,0x00000000d6280000)
  to   space 7168K, 0% used [0x00000000d6380000,0x00000000d6380000,0x00000000d6a80000)
 ParOldGen       total 378368K, used 368297K [0x0000000080000000, 0x0000000097180000, 0x00000000d5580000)
  object space 378368K, 97% used [0x0000000080000000,0x00000000967aa4e8,0x0000000097180000)
 Metaspace       used 72293K, committed 73920K, reserved 1179648K
  class space    used 7266K, committed 8000K, reserved 1048576K
}
Event: 120.543 GC heap after
{Heap after GC invocations=682 (full 4):
 PSYoungGen      total 14336K, used 6722K [0x00000000d5580000, 0x00000000d6a80000, 0x0000000100000000)
  eden space 7168K, 0% used [0x00000000d5580000,0x00000000d5580000,0x00000000d5c80000)
  from space 7168K, 93% used [0x00000000d6380000,0x00000000d6a108b0,0x00000000d6a80000)
  to   space 7168K, 0% used [0x00000000d5c80000,0x00000000d5c80000,0x00000000d6380000)
 ParOldGen       total 378368K, used 368721K [0x0000000080000000, 0x0000000097180000, 0x00000000d5580000)
  object space 378368K, 97% used [0x0000000080000000,0x0000000096814698,0x0000000097180000)
 Metaspace       used 72293K, committed 73920K, reserved 1179648K
  class space    used 7266K, committed 8000K, reserved 1048576K
}
Event: 120.580 GC heap before
{Heap before GC invocations=683 (full 4):
 PSYoungGen      total 14336K, used 13890K [0x00000000d5580000, 0x00000000d6a80000, 0x0000000100000000)
  eden space 7168K, 100% used [0x00000000d5580000,0x00000000d5c80000,0x00000000d5c80000)
  from space 7168K, 93% used [0x00000000d6380000,0x00000000d6a108b0,0x00000000d6a80000)
  to   space 7168K, 0% used [0x00000000d5c80000,0x00000000d5c80000,0x00000000d6380000)
 ParOldGen       total 378368K, used 368721K [0x0000000080000000, 0x0000000097180000, 0x00000000d5580000)
  object space 378368K, 97% used [0x0000000080000000,0x0000000096814698,0x0000000097180000)
 Metaspace       used 72294K, committed 73920K, reserved 1179648K
  class space    used 7266K, committed 8000K, reserved 1048576K
}
Event: 120.587 GC heap after
{Heap after GC invocations=683 (full 4):
 PSYoungGen      total 14336K, used 7144K [0x00000000d5580000, 0x00000000d6d80000, 0x0000000100000000)
  eden space 7168K, 0% used [0x00000000d5580000,0x00000000d5580000,0x00000000d5c80000)
  from space 7168K, 99% used [0x00000000d5c80000,0x00000000d637a1c8,0x00000000d6380000)
  to   space 8192K, 0% used [0x00000000d6580000,0x00000000d6580000,0x00000000d6d80000)
 ParOldGen       total 378368K, used 369137K [0x0000000080000000, 0x0000000097180000, 0x00000000d5580000)
  object space 378368K, 97% used [0x0000000080000000,0x000000009687c698,0x0000000097180000)
 Metaspace       used 72294K, committed 73920K, reserved 1179648K
  class space    used 7266K, committed 8000K, reserved 1048576K
}
Event: 120.645 GC heap before
{Heap before GC invocations=684 (full 4):
 PSYoungGen      total 14336K, used 14312K [0x00000000d5580000, 0x00000000d6d80000, 0x0000000100000000)
  eden space 7168K, 100% used [0x00000000d5580000,0x00000000d5c80000,0x00000000d5c80000)
  from space 7168K, 99% used [0x00000000d5c80000,0x00000000d637a1c8,0x00000000d6380000)
  to   space 8192K, 0% used [0x00000000d6580000,0x00000000d6580000,0x00000000d6d80000)
 ParOldGen       total 378368K, used 369137K [0x0000000080000000, 0x0000000097180000, 0x00000000d5580000)
  object space 378368K, 97% used [0x0000000080000000,0x000000009687c698,0x0000000097180000)
 Metaspace       used 72294K, committed 73920K, reserved 1179648K
  class space    used 7266K, committed 8000K, reserved 1048576K
}
Event: 120.655 GC heap after
{Heap after GC invocations=684 (full 4):
 PSYoungGen      total 15360K, used 6857K [0x00000000d5580000, 0x00000000d6c80000, 0x0000000100000000)
  eden space 8192K, 0% used [0x00000000d5580000,0x00000000d5580000,0x00000000d5d80000)
  from space 7168K, 95% used [0x00000000d6580000,0x00000000d6c32678,0x00000000d6c80000)
  to   space 7168K, 0% used [0x00000000d5e80000,0x00000000d5e80000,0x00000000d6580000)
 ParOldGen       total 378368K, used 370079K [0x0000000080000000, 0x0000000097180000, 0x00000000d5580000)
  object space 378368K, 97% used [0x0000000080000000,0x0000000096967fa0,0x0000000097180000)
 Metaspace       used 72294K, committed 73920K, reserved 1179648K
  class space    used 7266K, committed 8000K, reserved 1048576K
}
Event: 120.933 GC heap before
{Heap before GC invocations=685 (full 4):
 PSYoungGen      total 15360K, used 15049K [0x00000000d5580000, 0x00000000d6c80000, 0x0000000100000000)
  eden space 8192K, 100% used [0x00000000d5580000,0x00000000d5d80000,0x00000000d5d80000)
  from space 7168K, 95% used [0x00000000d6580000,0x00000000d6c32678,0x00000000d6c80000)
  to   space 7168K, 0% used [0x00000000d5e80000,0x00000000d5e80000,0x00000000d6580000)
 ParOldGen       total 378368K, used 370079K [0x0000000080000000, 0x0000000097180000, 0x00000000d5580000)
  object space 378368K, 97% used [0x0000000080000000,0x0000000096967fa0,0x0000000097180000)
 Metaspace       used 72294K, committed 73920K, reserved 1179648K
  class space    used 7266K, committed 8000K, reserved 1048576K
}
Event: 120.946 GC heap after
{Heap after GC invocations=685 (full 4):
 PSYoungGen      total 16384K, used 6838K [0x00000000d5580000, 0x00000000d6c80000, 0x0000000100000000)
  eden space 9216K, 0% used [0x00000000d5580000,0x00000000d5580000,0x00000000d5e80000)
  from space 7168K, 95% used [0x00000000d5e80000,0x00000000d652d828,0x00000000d6580000)
  to   space 7168K, 0% used [0x00000000d6580000,0x00000000d6580000,0x00000000d6c80000)
 ParOldGen       total 378368K, used 370079K [0x0000000080000000, 0x0000000097180000, 0x00000000d5580000)
  object space 378368K, 97% used [0x0000000080000000,0x0000000096967fa0,0x0000000097180000)
 Metaspace       used 72294K, committed 73920K, reserved 1179648K
  class space    used 7266K, committed 8000K, reserved 1048576K
}
Event: 120.996 GC heap before
{Heap before GC invocations=686 (full 4):
 PSYoungGen      total 16384K, used 16054K [0x00000000d5580000, 0x00000000d6c80000, 0x0000000100000000)
  eden space 9216K, 100% used [0x00000000d5580000,0x00000000d5e80000,0x00000000d5e80000)
  from space 7168K, 95% used [0x00000000d5e80000,0x00000000d652d828,0x00000000d6580000)
  to   space 7168K, 0% used [0x00000000d6580000,0x00000000d6580000,0x00000000d6c80000)
 ParOldGen       total 378368K, used 370079K [0x0000000080000000, 0x0000000097180000, 0x00000000d5580000)
  object space 378368K, 97% used [0x0000000080000000,0x0000000096967fa0,0x0000000097180000)
 Metaspace       used 72294K, committed 73920K, reserved 1179648K
  class space    used 7266K, committed 8000K, reserved 1048576K
}
Event: 121.022 GC heap after
{Heap after GC invocations=686 (full 4):
 PSYoungGen      total 16384K, used 6690K [0x00000000d5580000, 0x00000000d6d80000, 0x0000000100000000)
  eden space 9216K, 0% used [0x00000000d5580000,0x00000000d5580000,0x00000000d5e80000)
  from space 7168K, 93% used [0x00000000d6580000,0x00000000d6c08928,0x00000000d6c80000)
  to   space 7168K, 0% used [0x00000000d5e80000,0x00000000d5e80000,0x00000000d6580000)
 ParOldGen       total 378368K, used 370599K [0x0000000080000000, 0x0000000097180000, 0x00000000d5580000)
  object space 378368K, 97% used [0x0000000080000000,0x00000000969e9fa0,0x0000000097180000)
 Metaspace       used 72294K, committed 73920K, reserved 1179648K
  class space    used 7266K, committed 8000K, reserved 1048576K
}
Event: 121.097 GC heap before
{Heap before GC invocations=687 (full 4):
 PSYoungGen      total 16384K, used 15906K [0x00000000d5580000, 0x00000000d6d80000, 0x0000000100000000)
  eden space 9216K, 100% used [0x00000000d5580000,0x00000000d5e80000,0x00000000d5e80000)
  from space 7168K, 93% used [0x00000000d6580000,0x00000000d6c08928,0x00000000d6c80000)
  to   space 7168K, 0% used [0x00000000d5e80000,0x00000000d5e80000,0x00000000d6580000)
 ParOldGen       total 378368K, used 370599K [0x0000000080000000, 0x0000000097180000, 0x00000000d5580000)
  object space 378368K, 97% used [0x0000000080000000,0x00000000969e9fa0,0x0000000097180000)
 Metaspace       used 72294K, committed 73920K, reserved 1179648K
  class space    used 7266K, committed 8000K, reserved 1048576K
}
Event: 121.105 GC heap after
{Heap after GC invocations=687 (full 4):
 PSYoungGen      total 16384K, used 6797K [0x00000000d5580000, 0x00000000d6d80000, 0x0000000100000000)
  eden space 9216K, 0% used [0x00000000d5580000,0x00000000d5580000,0x00000000d5e80000)
  from space 7168K, 94% used [0x00000000d5e80000,0x00000000d6523548,0x00000000d6580000)
  to   space 7168K, 0% used [0x00000000d6680000,0x00000000d6680000,0x00000000d6d80000)
 ParOldGen       total 378368K, used 371079K [0x0000000080000000, 0x0000000097180000, 0x00000000d5580000)
  object space 378368K, 98% used [0x0000000080000000,0x0000000096a61fa0,0x0000000097180000)
 Metaspace       used 72294K, committed 73920K, reserved 1179648K
  class space    used 7266K, committed 8000K, reserved 1048576K
}
Event: 121.159 GC heap before
{Heap before GC invocations=688 (full 4):
 PSYoungGen      total 16384K, used 16013K [0x00000000d5580000, 0x00000000d6d80000, 0x0000000100000000)
  eden space 9216K, 100% used [0x00000000d5580000,0x00000000d5e80000,0x00000000d5e80000)
  from space 7168K, 94% used [0x00000000d5e80000,0x00000000d6523548,0x00000000d6580000)
  to   space 7168K, 0% used [0x00000000d6680000,0x00000000d6680000,0x00000000d6d80000)
 ParOldGen       total 378368K, used 371079K [0x0000000080000000, 0x0000000097180000, 0x00000000d5580000)
  object space 378368K, 98% used [0x0000000080000000,0x0000000096a61fa0,0x0000000097180000)
 Metaspace       used 72295K, committed 73920K, reserved 1179648K
  class space    used 7266K, committed 8000K, reserved 1048576K
}
Event: 121.168 GC heap after
{Heap after GC invocations=688 (full 4):
 PSYoungGen      total 17408K, used 6713K [0x00000000d5580000, 0x00000000d6d80000, 0x0000000100000000)
  eden space 10240K, 0% used [0x00000000d5580000,0x00000000d5580000,0x00000000d5f80000)
  from space 7168K, 93% used [0x00000000d6680000,0x00000000d6d0e750,0x00000000d6d80000)
  to   space 7168K, 0% used [0x00000000d5f80000,0x00000000d5f80000,0x00000000d6680000)
 ParOldGen       total 378368K, used 371623K [0x0000000080000000, 0x0000000097180000, 0x00000000d5580000)
  object space 378368K, 98% used [0x0000000080000000,0x0000000096ae9fb8,0x0000000097180000)
 Metaspace       used 72295K, committed 73920K, reserved 1179648K
  class space    used 7266K, committed 8000K, reserved 1048576K
}
Event: 121.248 GC heap before
{Heap before GC invocations=689 (full 4):
 PSYoungGen      total 17408K, used 16953K [0x00000000d5580000, 0x00000000d6d80000, 0x0000000100000000)
  eden space 10240K, 100% used [0x00000000d5580000,0x00000000d5f80000,0x00000000d5f80000)
  from space 7168K, 93% used [0x00000000d6680000,0x00000000d6d0e750,0x00000000d6d80000)
  to   space 7168K, 0% used [0x00000000d5f80000,0x00000000d5f80000,0x00000000d6680000)
 ParOldGen       total 378368K, used 371623K [0x0000000080000000, 0x0000000097180000, 0x00000000d5580000)
  object space 378368K, 98% used [0x0000000080000000,0x0000000096ae9fb8,0x0000000097180000)
 Metaspace       used 72296K, committed 73920K, reserved 1179648K
  class space    used 7266K, committed 8000K, reserved 1048576K
}
Event: 121.255 GC heap after
{Heap after GC invocations=689 (full 4):
 PSYoungGen      total 17408K, used 6644K [0x00000000d5580000, 0x00000000d6e80000, 0x0000000100000000)
  eden space 10240K, 0% used [0x00000000d5580000,0x00000000d5580000,0x00000000d5f80000)
  from space 7168K, 92% used [0x00000000d5f80000,0x00000000d65fd2d8,0x00000000d6680000)
  to   space 7168K, 0% used [0x00000000d6780000,0x00000000d6780000,0x00000000d6e80000)
 ParOldGen       total 378368K, used 372007K [0x0000000080000000, 0x0000000097180000, 0x00000000d5580000)
  object space 378368K, 98% used [0x0000000080000000,0x0000000096b49fc8,0x0000000097180000)
 Metaspace       used 72296K, committed 73920K, reserved 1179648K
  class space    used 7266K, committed 8000K, reserved 1048576K
}
Event: 121.308 GC heap before
{Heap before GC invocations=690 (full 4):
 PSYoungGen      total 17408K, used 16884K [0x00000000d5580000, 0x00000000d6e80000, 0x0000000100000000)
  eden space 10240K, 100% used [0x00000000d5580000,0x00000000d5f80000,0x00000000d5f80000)
  from space 7168K, 92% used [0x00000000d5f80000,0x00000000d65fd2d8,0x00000000d6680000)
  to   space 7168K, 0% used [0x00000000d6780000,0x00000000d6780000,0x00000000d6e80000)
 ParOldGen       total 378368K, used 372007K [0x0000000080000000, 0x0000000097180000, 0x00000000d5580000)
  object space 378368K, 98% used [0x0000000080000000,0x0000000096b49fc8,0x0000000097180000)
 Metaspace       used 72303K, committed 73920K, reserved 1179648K
  class space    used 7266K, committed 8000K, reserved 1048576K
}
Event: 121.317 GC heap after
{Heap after GC invocations=690 (full 4):
 PSYoungGen      total 18432K, used 6656K [0x00000000d5580000, 0x00000000d6e80000, 0x0000000100000000)
  eden space 11264K, 0% used [0x00000000d5580000,0x00000000d5580000,0x00000000d6080000)
  from space 7168K, 92% used [0x00000000d6780000,0x00000000d6e00150,0x00000000d6e80000)
  to   space 7168K, 0% used [0x00000000d6080000,0x00000000d6080000,0x00000000d6780000)
 ParOldGen       total 378368K, used 372533K [0x0000000080000000, 0x0000000097180000, 0x00000000d5580000)
  object space 378368K, 98% used [0x0000000080000000,0x0000000096bcd550,0x0000000097180000)
 Metaspace       used 72303K, committed 73920K, reserved 1179648K
  class space    used 7266K, committed 8000K, reserved 1048576K
}

