# JRE version: OpenJDK Runtime Environment Temurin-21.0.7+6 (21.0.7+6) (build 21.0.7+6-LTS)
# Java VM: OpenJDK 64-Bit Server VM Temurin-21.0.7+6 (21.0.7+6-LTS, mixed mode, sharing, tiered, compressed oops, compressed class ptrs, parallel gc, windows-amd64)
GC Precious Log:
 CardTable entry size: 512
 CPUs: 12 total, 12 available
 Memory: 6005M
 Large Page Support: Disabled
 NUMA Support: Disabled
 Compressed Oops: Enabled (32-bit)
 Alignments: Space 512K, Generation 512K, Heap 2M
 Heap Min Capacity: 100M
 Heap Initial Capacity: 100M
 Heap Max Capacity: 2G
 Pre-touch: Disabled
 Parallel Workers: 10
Heap:
 PSYoungGen      total 20480K, used 2551K [0x00000000d5580000, 0x00000000d6e80000, 0x0000000100000000)
  eden space 17920K, 0% used [0x00000000d5580000,0x00000000d5580000,0x00000000d6700000)
  from space 2560K, 99% used [0x00000000d6c00000,0x00000000d6e7df88,0x00000000d6e80000)
  to   space 3072K, 0% used [0x00000000d6900000,0x00000000d6900000,0x00000000d6c00000)
 ParOldGen       total 68608K, used 65878K [0x0000000080000000, 0x0000000084300000, 0x00000000d5580000)
  object space 68608K, 96% used [0x0000000080000000,0x0000000084055870,0x0000000084300000)
 Metaspace       used 54940K, committed 56320K, reserved 1114112K
  class space    used 5850K, committed 6464K, reserved 1048576K
GC Heap History (20 events):
Event: 8.637 GC heap after
{Heap after GC invocations=26 (full 2):
 PSYoungGen      total 22528K, used 1504K [0x00000000d5580000, 0x00000000d7400000, 0x0000000100000000)
  eden space 20992K, 0% used [0x00000000d5580000,0x00000000d5580000,0x00000000d6a00000)
  from space 1536K, 97% used [0x00000000d6e80000,0x00000000d6ff8010,0x00000000d7000000)
  to   space 4608K, 0% used [0x00000000d6a00000,0x00000000d6a00000,0x00000000d6e80000)
 ParOldGen       total 68608K, used 39561K [0x0000000080000000, 0x0000000084300000, 0x00000000d5580000)
  object space 68608K, 57% used [0x0000000080000000,0x00000000826a2488,0x0000000084300000)
 Metaspace       used 45837K, committed 47104K, reserved 1114112K
  class space    used 4789K, committed 5376K, reserved 1048576K
}
Event: 8.773 GC heap before
{Heap before GC invocations=27 (full 2):
 PSYoungGen      total 22528K, used 22496K [0x00000000d5580000, 0x00000000d7400000, 0x0000000100000000)
  eden space 20992K, 100% used [0x00000000d5580000,0x00000000d6a00000,0x00000000d6a00000)
  from space 1536K, 97% used [0x00000000d6e80000,0x00000000d6ff8010,0x00000000d7000000)
  to   space 4608K, 0% used [0x00000000d6a00000,0x00000000d6a00000,0x00000000d6e80000)
 ParOldGen       total 68608K, used 39561K [0x0000000080000000, 0x0000000084300000, 0x00000000d5580000)
  object space 68608K, 57% used [0x0000000080000000,0x00000000826a2488,0x0000000084300000)
 Metaspace       used 46242K, committed 47488K, reserved 1114112K
  class space    used 4826K, committed 5376K, reserved 1048576K
}
Event: 8.780 GC heap after
{Heap after GC invocations=27 (full 2):
 PSYoungGen      total 23552K, used 2198K [0x00000000d5580000, 0x00000000d7000000, 0x0000000100000000)
  eden space 20992K, 0% used [0x00000000d5580000,0x00000000d5580000,0x00000000d6a00000)
  from space 2560K, 85% used [0x00000000d6a00000,0x00000000d6c25808,0x00000000d6c80000)
  to   space 3072K, 0% used [0x00000000d6d00000,0x00000000d6d00000,0x00000000d7000000)
 ParOldGen       total 68608K, used 41089K [0x0000000080000000, 0x0000000084300000, 0x00000000d5580000)
  object space 68608K, 59% used [0x0000000080000000,0x0000000082820718,0x0000000084300000)
 Metaspace       used 46242K, committed 47488K, reserved 1114112K
  class space    used 4826K, committed 5376K, reserved 1048576K
}
Event: 8.943 GC heap before
{Heap before GC invocations=28 (full 2):
 PSYoungGen      total 23552K, used 23190K [0x00000000d5580000, 0x00000000d7000000, 0x0000000100000000)
  eden space 20992K, 100% used [0x00000000d5580000,0x00000000d6a00000,0x00000000d6a00000)
  from space 2560K, 85% used [0x00000000d6a00000,0x00000000d6c25808,0x00000000d6c80000)
  to   space 3072K, 0% used [0x00000000d6d00000,0x00000000d6d00000,0x00000000d7000000)
 ParOldGen       total 68608K, used 41089K [0x0000000080000000, 0x0000000084300000, 0x00000000d5580000)
  object space 68608K, 59% used [0x0000000080000000,0x0000000082820718,0x0000000084300000)
 Metaspace       used 46832K, committed 48128K, reserved 1114112K
  class space    used 4896K, committed 5440K, reserved 1048576K
}
Event: 8.948 GC heap after
{Heap after GC invocations=28 (full 2):
 PSYoungGen      total 23552K, used 2316K [0x00000000d5580000, 0x00000000d6f80000, 0x0000000100000000)
  eden space 20992K, 0% used [0x00000000d5580000,0x00000000d5580000,0x00000000d6a00000)
  from space 2560K, 90% used [0x00000000d6d00000,0x00000000d6f432d8,0x00000000d6f80000)
  to   space 2560K, 0% used [0x00000000d6a00000,0x00000000d6a00000,0x00000000d6c80000)
 ParOldGen       total 68608K, used 43117K [0x0000000080000000, 0x0000000084300000, 0x00000000d5580000)
  object space 68608K, 62% used [0x0000000080000000,0x0000000082a1b778,0x0000000084300000)
 Metaspace       used 46832K, committed 48128K, reserved 1114112K
  class space    used 4896K, committed 5440K, reserved 1048576K
}
Event: 9.159 GC heap before
{Heap before GC invocations=29 (full 2):
 PSYoungGen      total 23552K, used 23308K [0x00000000d5580000, 0x00000000d6f80000, 0x0000000100000000)
  eden space 20992K, 100% used [0x00000000d5580000,0x00000000d6a00000,0x00000000d6a00000)
  from space 2560K, 90% used [0x00000000d6d00000,0x00000000d6f432d8,0x00000000d6f80000)
  to   space 2560K, 0% used [0x00000000d6a00000,0x00000000d6a00000,0x00000000d6c80000)
 ParOldGen       total 68608K, used 43117K [0x0000000080000000, 0x0000000084300000, 0x00000000d5580000)
  object space 68608K, 62% used [0x0000000080000000,0x0000000082a1b778,0x0000000084300000)
 Metaspace       used 49052K, committed 50368K, reserved 1114112K
  class space    used 5199K, committed 5760K, reserved 1048576K
}
Event: 9.164 GC heap after
{Heap after GC invocations=29 (full 2):
 PSYoungGen      total 23552K, used 2116K [0x00000000d5580000, 0x00000000d6f00000, 0x0000000100000000)
  eden space 20992K, 0% used [0x00000000d5580000,0x00000000d5580000,0x00000000d6a00000)
  from space 2560K, 82% used [0x00000000d6a00000,0x00000000d6c11198,0x00000000d6c80000)
  to   space 2560K, 0% used [0x00000000d6c80000,0x00000000d6c80000,0x00000000d6f00000)
 ParOldGen       total 68608K, used 45290K [0x0000000080000000, 0x0000000084300000, 0x00000000d5580000)
  object space 68608K, 66% used [0x0000000080000000,0x0000000082c3abf0,0x0000000084300000)
 Metaspace       used 49052K, committed 50368K, reserved 1114112K
  class space    used 5199K, committed 5760K, reserved 1048576K
}
Event: 9.555 GC heap before
{Heap before GC invocations=30 (full 2):
 PSYoungGen      total 23552K, used 23108K [0x00000000d5580000, 0x00000000d6f00000, 0x0000000100000000)
  eden space 20992K, 100% used [0x00000000d5580000,0x00000000d6a00000,0x00000000d6a00000)
  from space 2560K, 82% used [0x00000000d6a00000,0x00000000d6c11198,0x00000000d6c80000)
  to   space 2560K, 0% used [0x00000000d6c80000,0x00000000d6c80000,0x00000000d6f00000)
 ParOldGen       total 68608K, used 45290K [0x0000000080000000, 0x0000000084300000, 0x00000000d5580000)
  object space 68608K, 66% used [0x0000000080000000,0x0000000082c3abf0,0x0000000084300000)
 Metaspace       used 50567K, committed 51968K, reserved 1114112K
  class space    used 5361K, committed 5952K, reserved 1048576K
}
Event: 9.565 GC heap after
{Heap after GC invocations=30 (full 2):
 PSYoungGen      total 20480K, used 2558K [0x00000000d5580000, 0x00000000d7500000, 0x0000000100000000)
  eden space 17920K, 0% used [0x00000000d5580000,0x00000000d5580000,0x00000000d6700000)
  from space 2560K, 99% used [0x00000000d6c80000,0x00000000d6effbe8,0x00000000d6f00000)
  to   space 5632K, 0% used [0x00000000d6700000,0x00000000d6700000,0x00000000d6c80000)
 ParOldGen       total 68608K, used 47556K [0x0000000080000000, 0x0000000084300000, 0x00000000d5580000)
  object space 68608K, 69% used [0x0000000080000000,0x0000000082e713c0,0x0000000084300000)
 Metaspace       used 50567K, committed 51968K, reserved 1114112K
  class space    used 5361K, committed 5952K, reserved 1048576K
}
Event: 10.066 GC heap before
{Heap before GC invocations=31 (full 2):
 PSYoungGen      total 20480K, used 20478K [0x00000000d5580000, 0x00000000d7500000, 0x0000000100000000)
  eden space 17920K, 100% used [0x00000000d5580000,0x00000000d6700000,0x00000000d6700000)
  from space 2560K, 99% used [0x00000000d6c80000,0x00000000d6effbe8,0x00000000d6f00000)
  to   space 5632K, 0% used [0x00000000d6700000,0x00000000d6700000,0x00000000d6c80000)
 ParOldGen       total 68608K, used 47556K [0x0000000080000000, 0x0000000084300000, 0x00000000d5580000)
  object space 68608K, 69% used [0x0000000080000000,0x0000000082e713c0,0x0000000084300000)
 Metaspace       used 51208K, committed 52544K, reserved 1114112K
  class space    used 5451K, committed 6016K, reserved 1048576K
}
Event: 10.077 GC heap after
{Heap after GC invocations=31 (full 2):
 PSYoungGen      total 22016K, used 3599K [0x00000000d5580000, 0x00000000d6f00000, 0x0000000100000000)
  eden space 17920K, 0% used [0x00000000d5580000,0x00000000d5580000,0x00000000d6700000)
  from space 4096K, 87% used [0x00000000d6700000,0x00000000d6a83c28,0x00000000d6b00000)
  to   space 4096K, 0% used [0x00000000d6b00000,0x00000000d6b00000,0x00000000d6f00000)
 ParOldGen       total 68608K, used 50017K [0x0000000080000000, 0x0000000084300000, 0x00000000d5580000)
  object space 68608K, 72% used [0x0000000080000000,0x00000000830d84b0,0x0000000084300000)
 Metaspace       used 51208K, committed 52544K, reserved 1114112K
  class space    used 5451K, committed 6016K, reserved 1048576K
}
Event: 10.620 GC heap before
{Heap before GC invocations=32 (full 2):
 PSYoungGen      total 22016K, used 21519K [0x00000000d5580000, 0x00000000d6f00000, 0x0000000100000000)
  eden space 17920K, 100% used [0x00000000d5580000,0x00000000d6700000,0x00000000d6700000)
  from space 4096K, 87% used [0x00000000d6700000,0x00000000d6a83c28,0x00000000d6b00000)
  to   space 4096K, 0% used [0x00000000d6b00000,0x00000000d6b00000,0x00000000d6f00000)
 ParOldGen       total 68608K, used 50017K [0x0000000080000000, 0x0000000084300000, 0x00000000d5580000)
  object space 68608K, 72% used [0x0000000080000000,0x00000000830d84b0,0x0000000084300000)
 Metaspace       used 51964K, committed 53312K, reserved 1114112K
  class space    used 5554K, committed 6144K, reserved 1048576K
}
Event: 10.628 GC heap after
{Heap after GC invocations=32 (full 2):
 PSYoungGen      total 20992K, used 2903K [0x00000000d5580000, 0x00000000d6e00000, 0x0000000100000000)
  eden space 17920K, 0% used [0x00000000d5580000,0x00000000d5580000,0x00000000d6700000)
  from space 3072K, 94% used [0x00000000d6b00000,0x00000000d6dd5e38,0x00000000d6e00000)
  to   space 3584K, 0% used [0x00000000d6700000,0x00000000d6700000,0x00000000d6a80000)
 ParOldGen       total 68608K, used 53437K [0x0000000080000000, 0x0000000084300000, 0x00000000d5580000)
  object space 68608K, 77% used [0x0000000080000000,0x000000008342f7c8,0x0000000084300000)
 Metaspace       used 51964K, committed 53312K, reserved 1114112K
  class space    used 5554K, committed 6144K, reserved 1048576K
}
Event: 11.046 GC heap before
{Heap before GC invocations=33 (full 2):
 PSYoungGen      total 20992K, used 20823K [0x00000000d5580000, 0x00000000d6e00000, 0x0000000100000000)
  eden space 17920K, 100% used [0x00000000d5580000,0x00000000d6700000,0x00000000d6700000)
  from space 3072K, 94% used [0x00000000d6b00000,0x00000000d6dd5e38,0x00000000d6e00000)
  to   space 3584K, 0% used [0x00000000d6700000,0x00000000d6700000,0x00000000d6a80000)
 ParOldGen       total 68608K, used 53437K [0x0000000080000000, 0x0000000084300000, 0x00000000d5580000)
  object space 68608K, 77% used [0x0000000080000000,0x000000008342f7c8,0x0000000084300000)
 Metaspace       used 52583K, committed 53952K, reserved 1114112K
  class space    used 5615K, committed 6208K, reserved 1048576K
}
Event: 11.053 GC heap after
{Heap after GC invocations=33 (full 2):
 PSYoungGen      total 21504K, used 3552K [0x00000000d5580000, 0x00000000d7500000, 0x0000000100000000)
  eden space 17920K, 0% used [0x00000000d5580000,0x00000000d5580000,0x00000000d6700000)
  from space 3584K, 99% used [0x00000000d6700000,0x00000000d6a78100,0x00000000d6a80000)
  to   space 7168K, 0% used [0x00000000d6e00000,0x00000000d6e00000,0x00000000d7500000)
 ParOldGen       total 68608K, used 56202K [0x0000000080000000, 0x0000000084300000, 0x00000000d5580000)
  object space 68608K, 81% used [0x0000000080000000,0x00000000836e29f0,0x0000000084300000)
 Metaspace       used 52583K, committed 53952K, reserved 1114112K
  class space    used 5615K, committed 6208K, reserved 1048576K
}
Event: 11.336 GC heap before
{Heap before GC invocations=34 (full 2):
 PSYoungGen      total 21504K, used 21472K [0x00000000d5580000, 0x00000000d7500000, 0x0000000100000000)
  eden space 17920K, 100% used [0x00000000d5580000,0x00000000d6700000,0x00000000d6700000)
  from space 3584K, 99% used [0x00000000d6700000,0x00000000d6a78100,0x00000000d6a80000)
  to   space 7168K, 0% used [0x00000000d6e00000,0x00000000d6e00000,0x00000000d7500000)
 ParOldGen       total 68608K, used 56202K [0x0000000080000000, 0x0000000084300000, 0x00000000d5580000)
  object space 68608K, 81% used [0x0000000080000000,0x00000000836e29f0,0x0000000084300000)
 Metaspace       used 54367K, committed 55744K, reserved 1114112K
  class space    used 5779K, committed 6400K, reserved 1048576K
}
Event: 11.343 GC heap after
{Heap after GC invocations=34 (full 2):
 PSYoungGen      total 20992K, used 2686K [0x00000000d5580000, 0x00000000d7100000, 0x0000000100000000)
  eden space 17920K, 0% used [0x00000000d5580000,0x00000000d5580000,0x00000000d6700000)
  from space 3072K, 87% used [0x00000000d6e00000,0x00000000d709fbb0,0x00000000d7100000)
  to   space 4096K, 0% used [0x00000000d6900000,0x00000000d6900000,0x00000000d6d00000)
 ParOldGen       total 68608K, used 59593K [0x0000000080000000, 0x0000000084300000, 0x00000000d5580000)
  object space 68608K, 86% used [0x0000000080000000,0x0000000083a32770,0x0000000084300000)
 Metaspace       used 54367K, committed 55744K, reserved 1114112K
  class space    used 5779K, committed 6400K, reserved 1048576K
}
Event: 11.598 GC heap before
{Heap before GC invocations=35 (full 2):
 PSYoungGen      total 20992K, used 20606K [0x00000000d5580000, 0x00000000d7100000, 0x0000000100000000)
  eden space 17920K, 100% used [0x00000000d5580000,0x00000000d6700000,0x00000000d6700000)
  from space 3072K, 87% used [0x00000000d6e00000,0x00000000d709fbb0,0x00000000d7100000)
  to   space 4096K, 0% used [0x00000000d6900000,0x00000000d6900000,0x00000000d6d00000)
 ParOldGen       total 68608K, used 59593K [0x0000000080000000, 0x0000000084300000, 0x00000000d5580000)
  object space 68608K, 86% used [0x0000000080000000,0x0000000083a32770,0x0000000084300000)
 Metaspace       used 54802K, committed 56192K, reserved 1114112K
  class space    used 5834K, committed 6400K, reserved 1048576K
}
Event: 11.604 GC heap after
{Heap after GC invocations=35 (full 2):
 PSYoungGen      total 20992K, used 2860K [0x00000000d5580000, 0x00000000d6e80000, 0x0000000100000000)
  eden space 17920K, 0% used [0x00000000d5580000,0x00000000d5580000,0x00000000d6700000)
  from space 3072K, 93% used [0x00000000d6900000,0x00000000d6bcb170,0x00000000d6c00000)
  to   space 2560K, 0% used [0x00000000d6c00000,0x00000000d6c00000,0x00000000d6e80000)
 ParOldGen       total 68608K, used 61976K [0x0000000080000000, 0x0000000084300000, 0x00000000d5580000)
  object space 68608K, 90% used [0x0000000080000000,0x0000000083c863b8,0x0000000084300000)
 Metaspace       used 54802K, committed 56192K, reserved 1114112K
  class space    used 5834K, committed 6400K, reserved 1048576K
}
Event: 11.761 GC heap before
{Heap before GC invocations=36 (full 2):
 PSYoungGen      total 20992K, used 20780K [0x00000000d5580000, 0x00000000d6e80000, 0x0000000100000000)
  eden space 17920K, 100% used [0x00000000d5580000,0x00000000d6700000,0x00000000d6700000)
  from space 3072K, 93% used [0x00000000d6900000,0x00000000d6bcb170,0x00000000d6c00000)
  to   space 2560K, 0% used [0x00000000d6c00000,0x00000000d6c00000,0x00000000d6e80000)
 ParOldGen       total 68608K, used 61976K [0x0000000080000000, 0x0000000084300000, 0x00000000d5580000)
  object space 68608K, 90% used [0x0000000080000000,0x0000000083c863b8,0x0000000084300000)
 Metaspace       used 54940K, committed 56320K, reserved 1114112K
  class space    used 5850K, committed 6464K, reserved 1048576K
}

