# JRE version: OpenJDK Runtime Environment Temurin-21.0.7+6 (21.0.7+6) (build 21.0.7+6-LTS)
# Java VM: OpenJDK 64-Bit Server VM Temurin-21.0.7+6 (21.0.7+6-LTS, mixed mode, sharing, tiered, compressed oops, compressed class ptrs, parallel gc, windows-amd64)
GC Precious Log:
 CardTable entry size: 512
 CPUs: 12 total, 12 available
 Memory: 6005M
 Large Page Support: Disabled
 NUMA Support: Disabled
 Compressed Oops: Enabled (32-bit)
 Alignments: Space 512K, Generation 512K, Heap 2M
 Heap Min Capacity: 100M
 Heap Initial Capacity: 100M
 Heap Max Capacity: 2G
 Pre-touch: Disabled
 Parallel Workers: 10
Heap:
 PSYoungGen      total 4608K, used 1876K [0x00000000d5580000, 0x00000000d5b00000, 0x0000000100000000)
  eden space 3584K, 46% used [0x00000000d5580000,0x00000000d571d090,0x00000000d5900000)
  from space 1024K, 21% used [0x00000000d5900000,0x00000000d5938000,0x00000000d5a00000)
  to   space 512K, 0% used [0x00000000d5a80000,0x00000000d5a80000,0x00000000d5b00000)
 ParOldGen       total 1178624K, used 1178148K [0x0000000080000000, 0x00000000c7f00000, 0x00000000d5580000)
  object space 1178624K, 99% used [0x0000000080000000,0x00000000c7e890e0,0x00000000c7f00000)
 Metaspace       used 72868K, committed 74560K, reserved 1179648K
  class space    used 7237K, committed 8000K, reserved 1048576K
GC Heap History (20 events):
Event: 247.692 GC heap before
{Heap before GC invocations=2239 (full 3):
 PSYoungGen      total 5120K, used 4030K [0x00000000d5580000, 0x00000000d5c80000, 0x0000000100000000)
  eden space 3584K, 98% used [0x00000000d5580000,0x00000000d58f3668,0x00000000d5900000)
  from space 1536K, 32% used [0x00000000d5a00000,0x00000000d5a7c440,0x00000000d5b80000)
  to   space 1024K, 0% used [0x00000000d5b80000,0x00000000d5b80000,0x00000000d5c80000)
 ParOldGen       total 1174528K, used 1174484K [0x0000000080000000, 0x00000000c7b00000, 0x00000000d5580000)
  object space 1174528K, 99% used [0x0000000080000000,0x00000000c7af53c0,0x00000000c7b00000)
 Metaspace       used 71848K, committed 73600K, reserved 1179648K
  class space    used 7136K, committed 7936K, reserved 1048576K
}
Event: 247.697 GC heap after
{Heap after GC invocations=2239 (full 3):
 PSYoungGen      total 4608K, used 969K [0x00000000d5580000, 0x00000000d5c80000, 0x0000000100000000)
  eden space 3584K, 0% used [0x00000000d5580000,0x00000000d5580000,0x00000000d5900000)
  from space 1024K, 94% used [0x00000000d5b80000,0x00000000d5c72560,0x00000000d5c80000)
  to   space 1536K, 0% used [0x00000000d5980000,0x00000000d5980000,0x00000000d5b00000)
 ParOldGen       total 1175040K, used 1174732K [0x0000000080000000, 0x00000000c7b80000, 0x00000000d5580000)
  object space 1175040K, 99% used [0x0000000080000000,0x00000000c7b333e0,0x00000000c7b80000)
 Metaspace       used 71848K, committed 73600K, reserved 1179648K
  class space    used 7136K, committed 7936K, reserved 1048576K
}
Event: 247.854 GC heap before
{Heap before GC invocations=2240 (full 3):
 PSYoungGen      total 4608K, used 4553K [0x00000000d5580000, 0x00000000d5c80000, 0x0000000100000000)
  eden space 3584K, 100% used [0x00000000d5580000,0x00000000d5900000,0x00000000d5900000)
  from space 1024K, 94% used [0x00000000d5b80000,0x00000000d5c72560,0x00000000d5c80000)
  to   space 1536K, 0% used [0x00000000d5980000,0x00000000d5980000,0x00000000d5b00000)
 ParOldGen       total 1175040K, used 1174733K [0x0000000080000000, 0x00000000c7b80000, 0x00000000d5580000)
  object space 1175040K, 99% used [0x0000000080000000,0x00000000c7b33488,0x00000000c7b80000)
 Metaspace       used 72121K, committed 73792K, reserved 1179648K
  class space    used 7155K, committed 7936K, reserved 1048576K
}
Event: 247.861 GC heap after
{Heap after GC invocations=2240 (full 3):
 PSYoungGen      total 5120K, used 720K [0x00000000d5580000, 0x00000000d5c00000, 0x0000000100000000)
  eden space 3584K, 0% used [0x00000000d5580000,0x00000000d5580000,0x00000000d5900000)
  from space 1536K, 46% used [0x00000000d5980000,0x00000000d5a34030,0x00000000d5b00000)
  to   space 1024K, 0% used [0x00000000d5b00000,0x00000000d5b00000,0x00000000d5c00000)
 ParOldGen       total 1175552K, used 1175093K [0x0000000080000000, 0x00000000c7c00000, 0x00000000d5580000)
  object space 1175552K, 99% used [0x0000000080000000,0x00000000c7b8d488,0x00000000c7c00000)
 Metaspace       used 72121K, committed 73792K, reserved 1179648K
  class space    used 7155K, committed 7936K, reserved 1048576K
}
Event: 247.982 GC heap before
{Heap before GC invocations=2241 (full 3):
 PSYoungGen      total 5120K, used 4304K [0x00000000d5580000, 0x00000000d5c00000, 0x0000000100000000)
  eden space 3584K, 99% used [0x00000000d5580000,0x00000000d58ffff8,0x00000000d5900000)
  from space 1536K, 46% used [0x00000000d5980000,0x00000000d5a34030,0x00000000d5b00000)
  to   space 1024K, 0% used [0x00000000d5b00000,0x00000000d5b00000,0x00000000d5c00000)
 ParOldGen       total 1175552K, used 1175095K [0x0000000080000000, 0x00000000c7c00000, 0x00000000d5580000)
  object space 1175552K, 99% used [0x0000000080000000,0x00000000c7b8dd28,0x00000000c7c00000)
 Metaspace       used 72258K, committed 73984K, reserved 1179648K
  class space    used 7165K, committed 7936K, reserved 1048576K
}
Event: 247.987 GC heap after
{Heap after GC invocations=2241 (full 3):
 PSYoungGen      total 4608K, used 800K [0x00000000d5580000, 0x00000000d5c00000, 0x0000000100000000)
  eden space 3584K, 0% used [0x00000000d5580000,0x00000000d5580000,0x00000000d5900000)
  from space 1024K, 78% used [0x00000000d5b00000,0x00000000d5bc8040,0x00000000d5c00000)
  to   space 1024K, 0% used [0x00000000d5a00000,0x00000000d5a00000,0x00000000d5b00000)
 ParOldGen       total 1175552K, used 1175412K [0x0000000080000000, 0x00000000c7c00000, 0x00000000d5580000)
  object space 1175552K, 99% used [0x0000000080000000,0x00000000c7bdd098,0x00000000c7c00000)
 Metaspace       used 72258K, committed 73984K, reserved 1179648K
  class space    used 7165K, committed 7936K, reserved 1048576K
}
Event: 248.013 GC heap before
{Heap before GC invocations=2242 (full 3):
 PSYoungGen      total 4608K, used 4384K [0x00000000d5580000, 0x00000000d5c00000, 0x0000000100000000)
  eden space 3584K, 100% used [0x00000000d5580000,0x00000000d5900000,0x00000000d5900000)
  from space 1024K, 78% used [0x00000000d5b00000,0x00000000d5bc8040,0x00000000d5c00000)
  to   space 1024K, 0% used [0x00000000d5a00000,0x00000000d5a00000,0x00000000d5b00000)
 ParOldGen       total 1175552K, used 1175412K [0x0000000080000000, 0x00000000c7c00000, 0x00000000d5580000)
  object space 1175552K, 99% used [0x0000000080000000,0x00000000c7bdd098,0x00000000c7c00000)
 Metaspace       used 72268K, committed 73984K, reserved 1179648K
  class space    used 7165K, committed 7936K, reserved 1048576K
}
Event: 248.019 GC heap after
{Heap after GC invocations=2242 (full 3):
 PSYoungGen      total 4608K, used 601K [0x00000000d5580000, 0x00000000d5b80000, 0x0000000100000000)
  eden space 3584K, 0% used [0x00000000d5580000,0x00000000d5580000,0x00000000d5900000)
  from space 1024K, 58% used [0x00000000d5a00000,0x00000000d5a96410,0x00000000d5b00000)
  to   space 512K, 0% used [0x00000000d5b00000,0x00000000d5b00000,0x00000000d5b80000)
 ParOldGen       total 1176064K, used 1176052K [0x0000000080000000, 0x00000000c7c80000, 0x00000000d5580000)
  object space 1176064K, 99% used [0x0000000080000000,0x00000000c7c7d0b8,0x00000000c7c80000)
 Metaspace       used 72268K, committed 73984K, reserved 1179648K
  class space    used 7165K, committed 7936K, reserved 1048576K
}
Event: 248.041 GC heap before
{Heap before GC invocations=2243 (full 3):
 PSYoungGen      total 4608K, used 4185K [0x00000000d5580000, 0x00000000d5b80000, 0x0000000100000000)
  eden space 3584K, 100% used [0x00000000d5580000,0x00000000d5900000,0x00000000d5900000)
  from space 1024K, 58% used [0x00000000d5a00000,0x00000000d5a96410,0x00000000d5b00000)
  to   space 512K, 0% used [0x00000000d5b00000,0x00000000d5b00000,0x00000000d5b80000)
 ParOldGen       total 1176064K, used 1176052K [0x0000000080000000, 0x00000000c7c80000, 0x00000000d5580000)
  object space 1176064K, 99% used [0x0000000080000000,0x00000000c7c7d0b8,0x00000000c7c80000)
 Metaspace       used 72268K, committed 73984K, reserved 1179648K
  class space    used 7165K, committed 7936K, reserved 1048576K
}
Event: 248.044 GC heap after
{Heap after GC invocations=2243 (full 3):
 PSYoungGen      total 4096K, used 416K [0x00000000d5580000, 0x00000000d5b80000, 0x0000000100000000)
  eden space 3584K, 0% used [0x00000000d5580000,0x00000000d5580000,0x00000000d5900000)
  from space 512K, 81% used [0x00000000d5b00000,0x00000000d5b68000,0x00000000d5b80000)
  to   space 512K, 0% used [0x00000000d5a80000,0x00000000d5a80000,0x00000000d5b00000)
 ParOldGen       total 1176576K, used 1176477K [0x0000000080000000, 0x00000000c7d00000, 0x00000000d5580000)
  object space 1176576K, 99% used [0x0000000080000000,0x00000000c7ce74c8,0x00000000c7d00000)
 Metaspace       used 72268K, committed 73984K, reserved 1179648K
  class space    used 7165K, committed 7936K, reserved 1048576K
}
Event: 248.145 GC heap before
{Heap before GC invocations=2244 (full 3):
 PSYoungGen      total 4096K, used 4000K [0x00000000d5580000, 0x00000000d5b80000, 0x0000000100000000)
  eden space 3584K, 100% used [0x00000000d5580000,0x00000000d5900000,0x00000000d5900000)
  from space 512K, 81% used [0x00000000d5b00000,0x00000000d5b68000,0x00000000d5b80000)
  to   space 512K, 0% used [0x00000000d5a80000,0x00000000d5a80000,0x00000000d5b00000)
 ParOldGen       total 1176576K, used 1176477K [0x0000000080000000, 0x00000000c7d00000, 0x00000000d5580000)
  object space 1176576K, 99% used [0x0000000080000000,0x00000000c7ce74c8,0x00000000c7d00000)
 Metaspace       used 72573K, committed 74304K, reserved 1179648K
  class space    used 7210K, committed 8000K, reserved 1048576K
}
Event: 248.149 GC heap after
{Heap after GC invocations=2244 (full 3):
 PSYoungGen      total 4096K, used 416K [0x00000000d5580000, 0x00000000d5b80000, 0x0000000100000000)
  eden space 3584K, 0% used [0x00000000d5580000,0x00000000d5580000,0x00000000d5900000)
  from space 512K, 81% used [0x00000000d5a80000,0x00000000d5ae8000,0x00000000d5b00000)
  to   space 512K, 0% used [0x00000000d5b00000,0x00000000d5b00000,0x00000000d5b80000)
 ParOldGen       total 1177088K, used 1176701K [0x0000000080000000, 0x00000000c7d80000, 0x00000000d5580000)
  object space 1177088K, 99% used [0x0000000080000000,0x00000000c7d1f4c8,0x00000000c7d80000)
 Metaspace       used 72573K, committed 74304K, reserved 1179648K
  class space    used 7210K, committed 8000K, reserved 1048576K
}
Event: 248.206 GC heap before
{Heap before GC invocations=2245 (full 3):
 PSYoungGen      total 4096K, used 4000K [0x00000000d5580000, 0x00000000d5b80000, 0x0000000100000000)
  eden space 3584K, 100% used [0x00000000d5580000,0x00000000d5900000,0x00000000d5900000)
  from space 512K, 81% used [0x00000000d5a80000,0x00000000d5ae8000,0x00000000d5b00000)
  to   space 512K, 0% used [0x00000000d5b00000,0x00000000d5b00000,0x00000000d5b80000)
 ParOldGen       total 1177088K, used 1176701K [0x0000000080000000, 0x00000000c7d80000, 0x00000000d5580000)
  object space 1177088K, 99% used [0x0000000080000000,0x00000000c7d1f4c8,0x00000000c7d80000)
 Metaspace       used 72638K, committed 74368K, reserved 1179648K
  class space    used 7220K, committed 8000K, reserved 1048576K
}
Event: 248.210 GC heap after
{Heap after GC invocations=2245 (full 3):
 PSYoungGen      total 4096K, used 508K [0x00000000d5580000, 0x00000000d5d00000, 0x0000000100000000)
  eden space 3584K, 0% used [0x00000000d5580000,0x00000000d5580000,0x00000000d5900000)
  from space 512K, 99% used [0x00000000d5b00000,0x00000000d5b7f0b8,0x00000000d5b80000)
  to   space 2048K, 0% used [0x00000000d5900000,0x00000000d5900000,0x00000000d5b00000)
 ParOldGen       total 1177600K, used 1177599K [0x0000000080000000, 0x00000000c7e00000, 0x00000000d5580000)
  object space 1177600K, 99% used [0x0000000080000000,0x00000000c7dffc28,0x00000000c7e00000)
 Metaspace       used 72638K, committed 74368K, reserved 1179648K
  class space    used 7220K, committed 8000K, reserved 1048576K
}
Event: 248.248 GC heap before
{Heap before GC invocations=2246 (full 3):
 PSYoungGen      total 4096K, used 4057K [0x00000000d5580000, 0x00000000d5d00000, 0x0000000100000000)
  eden space 3584K, 99% used [0x00000000d5580000,0x00000000d58f7678,0x00000000d5900000)
  from space 512K, 99% used [0x00000000d5b00000,0x00000000d5b7f0b8,0x00000000d5b80000)
  to   space 2048K, 0% used [0x00000000d5900000,0x00000000d5900000,0x00000000d5b00000)
 ParOldGen       total 1177600K, used 1177599K [0x0000000080000000, 0x00000000c7e00000, 0x00000000d5580000)
  object space 1177600K, 99% used [0x0000000080000000,0x00000000c7dffc28,0x00000000c7e00000)
 Metaspace       used 72769K, committed 74496K, reserved 1179648K
  class space    used 7225K, committed 8000K, reserved 1048576K
}
Event: 248.252 GC heap after
{Heap after GC invocations=2246 (full 3):
 PSYoungGen      total 4096K, used 423K [0x00000000d5580000, 0x00000000d5b80000, 0x0000000100000000)
  eden space 3584K, 0% used [0x00000000d5580000,0x00000000d5580000,0x00000000d5900000)
  from space 512K, 82% used [0x00000000d5900000,0x00000000d5969f00,0x00000000d5980000)
  to   space 1024K, 0% used [0x00000000d5a80000,0x00000000d5a80000,0x00000000d5b80000)
 ParOldGen       total 1178112K, used 1177860K [0x0000000080000000, 0x00000000c7e80000, 0x00000000d5580000)
  object space 1178112K, 99% used [0x0000000080000000,0x00000000c7e411e0,0x00000000c7e80000)
 Metaspace       used 72769K, committed 74496K, reserved 1179648K
  class space    used 7225K, committed 8000K, reserved 1048576K
}
Event: 248.350 GC heap before
{Heap before GC invocations=2247 (full 3):
 PSYoungGen      total 4096K, used 4007K [0x00000000d5580000, 0x00000000d5b80000, 0x0000000100000000)
  eden space 3584K, 99% used [0x00000000d5580000,0x00000000d58fffe0,0x00000000d5900000)
  from space 512K, 82% used [0x00000000d5900000,0x00000000d5969f00,0x00000000d5980000)
  to   space 1024K, 0% used [0x00000000d5a80000,0x00000000d5a80000,0x00000000d5b80000)
 ParOldGen       total 1178112K, used 1177860K [0x0000000080000000, 0x00000000c7e80000, 0x00000000d5580000)
  object space 1178112K, 99% used [0x0000000080000000,0x00000000c7e411e0,0x00000000c7e80000)
 Metaspace       used 72857K, committed 74560K, reserved 1179648K
  class space    used 7236K, committed 8000K, reserved 1048576K
}
Event: 248.353 GC heap after
{Heap after GC invocations=2247 (full 3):
 PSYoungGen      total 4096K, used 486K [0x00000000d5580000, 0x00000000d5b00000, 0x0000000100000000)
  eden space 3584K, 0% used [0x00000000d5580000,0x00000000d5580000,0x00000000d5900000)
  from space 512K, 95% used [0x00000000d5a80000,0x00000000d5af9ad0,0x00000000d5b00000)
  to   space 1024K, 0% used [0x00000000d5900000,0x00000000d5900000,0x00000000d5a00000)
 ParOldGen       total 1178112K, used 1178036K [0x0000000080000000, 0x00000000c7e80000, 0x00000000d5580000)
  object space 1178112K, 99% used [0x0000000080000000,0x00000000c7e6d0e0,0x00000000c7e80000)
 Metaspace       used 72857K, committed 74560K, reserved 1179648K
  class space    used 7236K, committed 8000K, reserved 1048576K
}
Event: 249.030 GC heap before
{Heap before GC invocations=2248 (full 3):
 PSYoungGen      total 4096K, used 4070K [0x00000000d5580000, 0x00000000d5b00000, 0x0000000100000000)
  eden space 3584K, 100% used [0x00000000d5580000,0x00000000d5900000,0x00000000d5900000)
  from space 512K, 95% used [0x00000000d5a80000,0x00000000d5af9ad0,0x00000000d5b00000)
  to   space 1024K, 0% used [0x00000000d5900000,0x00000000d5900000,0x00000000d5a00000)
 ParOldGen       total 1178112K, used 1178036K [0x0000000080000000, 0x00000000c7e80000, 0x00000000d5580000)
  object space 1178112K, 99% used [0x0000000080000000,0x00000000c7e6d0e0,0x00000000c7e80000)
 Metaspace       used 72857K, committed 74560K, reserved 1179648K
  class space    used 7236K, committed 8000K, reserved 1048576K
}
Event: 249.034 GC heap after
{Heap after GC invocations=2248 (full 3):
 PSYoungGen      total 4608K, used 224K [0x00000000d5580000, 0x00000000d5b00000, 0x0000000100000000)
  eden space 3584K, 0% used [0x00000000d5580000,0x00000000d5580000,0x00000000d5900000)
  from space 1024K, 21% used [0x00000000d5900000,0x00000000d5938000,0x00000000d5a00000)
  to   space 512K, 0% used [0x00000000d5a80000,0x00000000d5a80000,0x00000000d5b00000)
 ParOldGen       total 1178624K, used 1178148K [0x0000000080000000, 0x00000000c7f00000, 0x00000000d5580000)
  object space 1178624K, 99% used [0x0000000080000000,0x00000000c7e890e0,0x00000000c7f00000)
 Metaspace       used 72857K, committed 74560K, reserved 1179648K
  class space    used 7236K, committed 8000K, reserved 1048576K
}

