# JRE version: OpenJDK Runtime Environment Temurin-21.0.7+6 (21.0.7+6) (build 21.0.7+6-LTS)
# Java VM: OpenJDK 64-Bit Server VM Temurin-21.0.7+6 (21.0.7+6-LTS, mixed mode, sharing, tiered, compressed oops, compressed class ptrs, parallel gc, windows-amd64)
GC Precious Log:
 CardTable entry size: 512
 CPUs: 12 total, 12 available
 Memory: 6005M
 Large Page Support: Disabled
 NUMA Support: Disabled
 Compressed Oops: Enabled (32-bit)
 Alignments: Space 512K, Generation 512K, Heap 2M
 Heap Min Capacity: 100M
 Heap Initial Capacity: 100M
 Heap Max Capacity: 2G
 Pre-touch: Disabled
 Parallel Workers: 10
Heap:
 PSYoungGen      total 7680K, used 5299K [0x00000000d5580000, 0x00000000d5e00000, 0x0000000100000000)
  eden space 6144K, 74% used [0x00000000d5580000,0x00000000d59f4de0,0x00000000d5b80000)
  from space 1536K, 47% used [0x00000000d5b80000,0x00000000d5c38000,0x00000000d5d00000)
  to   space 1024K, 0% used [0x00000000d5d00000,0x00000000d5d00000,0x00000000d5e00000)
 ParOldGen       total 454144K, used 453773K [0x0000000080000000, 0x000000009bb80000, 0x00000000d5580000)
  object space 454144K, 99% used [0x0000000080000000,0x000000009bb23590,0x000000009bb80000)
 Metaspace       used 70838K, committed 72320K, reserved 1179648K
  class space    used 7124K, committed 7744K, reserved 1048576K
GC Heap History (20 events):
Event: 68.640 GC heap after
{Heap after GC invocations=1565 (full 4):
 PSYoungGen      total 7168K, used 800K [0x00000000d5580000, 0x00000000d5e00000, 0x0000000100000000)
  eden space 6144K, 0% used [0x00000000d5580000,0x00000000d5580000,0x00000000d5b80000)
  from space 1024K, 78% used [0x00000000d5c80000,0x00000000d5d48000,0x00000000d5d80000)
  to   space 512K, 0% used [0x00000000d5d80000,0x00000000d5d80000,0x00000000d5e00000)
 ParOldGen       total 445440K, used 445436K [0x0000000080000000, 0x000000009b300000, 0x00000000d5580000)
  object space 445440K, 99% used [0x0000000080000000,0x000000009b2ff360,0x000000009b300000)
 Metaspace       used 70838K, committed 72320K, reserved 1179648K
  class space    used 7124K, committed 7744K, reserved 1048576K
}
Event: 68.664 GC heap before
{Heap before GC invocations=1566 (full 4):
 PSYoungGen      total 7168K, used 6944K [0x00000000d5580000, 0x00000000d5e00000, 0x0000000100000000)
  eden space 6144K, 100% used [0x00000000d5580000,0x00000000d5b80000,0x00000000d5b80000)
  from space 1024K, 78% used [0x00000000d5c80000,0x00000000d5d48000,0x00000000d5d80000)
  to   space 512K, 0% used [0x00000000d5d80000,0x00000000d5d80000,0x00000000d5e00000)
 ParOldGen       total 445440K, used 445436K [0x0000000080000000, 0x000000009b300000, 0x00000000d5580000)
  object space 445440K, 99% used [0x0000000080000000,0x000000009b2ff360,0x000000009b300000)
 Metaspace       used 70838K, committed 72320K, reserved 1179648K
  class space    used 7124K, committed 7744K, reserved 1048576K
}
Event: 68.668 GC heap after
{Heap after GC invocations=1566 (full 4):
 PSYoungGen      total 6656K, used 504K [0x00000000d5580000, 0x00000000d5f80000, 0x0000000100000000)
  eden space 6144K, 0% used [0x00000000d5580000,0x00000000d5580000,0x00000000d5b80000)
  from space 512K, 98% used [0x00000000d5d80000,0x00000000d5dfe008,0x00000000d5e00000)
  to   space 2048K, 0% used [0x00000000d5b80000,0x00000000d5b80000,0x00000000d5d80000)
 ParOldGen       total 446464K, used 446458K [0x0000000080000000, 0x000000009b400000, 0x00000000d5580000)
  object space 446464K, 99% used [0x0000000080000000,0x000000009b3fe970,0x000000009b400000)
 Metaspace       used 70838K, committed 72320K, reserved 1179648K
  class space    used 7124K, committed 7744K, reserved 1048576K
}
Event: 68.689 GC heap before
{Heap before GC invocations=1567 (full 4):
 PSYoungGen      total 6656K, used 6648K [0x00000000d5580000, 0x00000000d5f80000, 0x0000000100000000)
  eden space 6144K, 100% used [0x00000000d5580000,0x00000000d5b80000,0x00000000d5b80000)
  from space 512K, 98% used [0x00000000d5d80000,0x00000000d5dfe008,0x00000000d5e00000)
  to   space 2048K, 0% used [0x00000000d5b80000,0x00000000d5b80000,0x00000000d5d80000)
 ParOldGen       total 446464K, used 446458K [0x0000000080000000, 0x000000009b400000, 0x00000000d5580000)
  object space 446464K, 99% used [0x0000000080000000,0x000000009b3fe970,0x000000009b400000)
 Metaspace       used 70838K, committed 72320K, reserved 1179648K
  class space    used 7124K, committed 7744K, reserved 1048576K
}
Event: 68.692 GC heap after
{Heap after GC invocations=1567 (full 4):
 PSYoungGen      total 7168K, used 768K [0x00000000d5580000, 0x00000000d5e80000, 0x0000000100000000)
  eden space 6144K, 0% used [0x00000000d5580000,0x00000000d5580000,0x00000000d5b80000)
  from space 1024K, 75% used [0x00000000d5b80000,0x00000000d5c40000,0x00000000d5c80000)
  to   space 1536K, 0% used [0x00000000d5d00000,0x00000000d5d00000,0x00000000d5e80000)
 ParOldGen       total 447488K, used 446986K [0x0000000080000000, 0x000000009b500000, 0x00000000d5580000)
  object space 447488K, 99% used [0x0000000080000000,0x000000009b482978,0x000000009b500000)
 Metaspace       used 70838K, committed 72320K, reserved 1179648K
  class space    used 7124K, committed 7744K, reserved 1048576K
}
Event: 68.714 GC heap before
{Heap before GC invocations=1568 (full 4):
 PSYoungGen      total 7168K, used 6912K [0x00000000d5580000, 0x00000000d5e80000, 0x0000000100000000)
  eden space 6144K, 100% used [0x00000000d5580000,0x00000000d5b80000,0x00000000d5b80000)
  from space 1024K, 75% used [0x00000000d5b80000,0x00000000d5c40000,0x00000000d5c80000)
  to   space 1536K, 0% used [0x00000000d5d00000,0x00000000d5d00000,0x00000000d5e80000)
 ParOldGen       total 447488K, used 446986K [0x0000000080000000, 0x000000009b500000, 0x00000000d5580000)
  object space 447488K, 99% used [0x0000000080000000,0x000000009b482978,0x000000009b500000)
 Metaspace       used 70838K, committed 72320K, reserved 1179648K
  class space    used 7124K, committed 7744K, reserved 1048576K
}
Event: 68.716 GC heap after
{Heap after GC invocations=1568 (full 4):
 PSYoungGen      total 7168K, used 736K [0x00000000d5580000, 0x00000000d5e00000, 0x0000000100000000)
  eden space 6144K, 0% used [0x00000000d5580000,0x00000000d5580000,0x00000000d5b80000)
  from space 1024K, 71% used [0x00000000d5d00000,0x00000000d5db8000,0x00000000d5e00000)
  to   space 1024K, 0% used [0x00000000d5b80000,0x00000000d5b80000,0x00000000d5c80000)
 ParOldGen       total 448000K, used 447642K [0x0000000080000000, 0x000000009b580000, 0x00000000d5580000)
  object space 448000K, 99% used [0x0000000080000000,0x000000009b526978,0x000000009b580000)
 Metaspace       used 70838K, committed 72320K, reserved 1179648K
  class space    used 7124K, committed 7744K, reserved 1048576K
}
Event: 68.738 GC heap before
{Heap before GC invocations=1569 (full 4):
 PSYoungGen      total 7168K, used 6869K [0x00000000d5580000, 0x00000000d5e00000, 0x0000000100000000)
  eden space 6144K, 99% used [0x00000000d5580000,0x00000000d5b7d4b0,0x00000000d5b80000)
  from space 1024K, 71% used [0x00000000d5d00000,0x00000000d5db8000,0x00000000d5e00000)
  to   space 1024K, 0% used [0x00000000d5b80000,0x00000000d5b80000,0x00000000d5c80000)
 ParOldGen       total 448000K, used 447642K [0x0000000080000000, 0x000000009b580000, 0x00000000d5580000)
  object space 448000K, 99% used [0x0000000080000000,0x000000009b526978,0x000000009b580000)
 Metaspace       used 70838K, committed 72320K, reserved 1179648K
  class space    used 7124K, committed 7744K, reserved 1048576K
}
Event: 68.740 GC heap after
{Heap after GC invocations=1569 (full 4):
 PSYoungGen      total 7168K, used 800K [0x00000000d5580000, 0x00000000d5d80000, 0x0000000100000000)
  eden space 6144K, 0% used [0x00000000d5580000,0x00000000d5580000,0x00000000d5b80000)
  from space 1024K, 78% used [0x00000000d5b80000,0x00000000d5c48000,0x00000000d5c80000)
  to   space 1024K, 0% used [0x00000000d5c80000,0x00000000d5c80000,0x00000000d5d80000)
 ParOldGen       total 448512K, used 448274K [0x0000000080000000, 0x000000009b600000, 0x00000000d5580000)
  object space 448512K, 99% used [0x0000000080000000,0x000000009b5c4978,0x000000009b600000)
 Metaspace       used 70838K, committed 72320K, reserved 1179648K
  class space    used 7124K, committed 7744K, reserved 1048576K
}
Event: 68.764 GC heap before
{Heap before GC invocations=1570 (full 4):
 PSYoungGen      total 7168K, used 6944K [0x00000000d5580000, 0x00000000d5d80000, 0x0000000100000000)
  eden space 6144K, 100% used [0x00000000d5580000,0x00000000d5b80000,0x00000000d5b80000)
  from space 1024K, 78% used [0x00000000d5b80000,0x00000000d5c48000,0x00000000d5c80000)
  to   space 1024K, 0% used [0x00000000d5c80000,0x00000000d5c80000,0x00000000d5d80000)
 ParOldGen       total 448512K, used 448274K [0x0000000080000000, 0x000000009b600000, 0x00000000d5580000)
  object space 448512K, 99% used [0x0000000080000000,0x000000009b5c4978,0x000000009b600000)
 Metaspace       used 70838K, committed 72320K, reserved 1179648K
  class space    used 7124K, committed 7744K, reserved 1048576K
}
Event: 68.767 GC heap after
{Heap after GC invocations=1570 (full 4):
 PSYoungGen      total 7168K, used 768K [0x00000000d5580000, 0x00000000d5d80000, 0x0000000100000000)
  eden space 6144K, 0% used [0x00000000d5580000,0x00000000d5580000,0x00000000d5b80000)
  from space 1024K, 75% used [0x00000000d5c80000,0x00000000d5d40000,0x00000000d5d80000)
  to   space 1024K, 0% used [0x00000000d5b80000,0x00000000d5b80000,0x00000000d5c80000)
 ParOldGen       total 449024K, used 448922K [0x0000000080000000, 0x000000009b680000, 0x00000000d5580000)
  object space 449024K, 99% used [0x0000000080000000,0x000000009b666978,0x000000009b680000)
 Metaspace       used 70838K, committed 72320K, reserved 1179648K
  class space    used 7124K, committed 7744K, reserved 1048576K
}
Event: 68.853 GC heap before
{Heap before GC invocations=1571 (full 4):
 PSYoungGen      total 7168K, used 6912K [0x00000000d5580000, 0x00000000d5d80000, 0x0000000100000000)
  eden space 6144K, 100% used [0x00000000d5580000,0x00000000d5b80000,0x00000000d5b80000)
  from space 1024K, 75% used [0x00000000d5c80000,0x00000000d5d40000,0x00000000d5d80000)
  to   space 1024K, 0% used [0x00000000d5b80000,0x00000000d5b80000,0x00000000d5c80000)
 ParOldGen       total 449024K, used 448922K [0x0000000080000000, 0x000000009b680000, 0x00000000d5580000)
  object space 449024K, 99% used [0x0000000080000000,0x000000009b666978,0x000000009b680000)
 Metaspace       used 70838K, committed 72320K, reserved 1179648K
  class space    used 7124K, committed 7744K, reserved 1048576K
}
Event: 68.855 GC heap after
{Heap after GC invocations=1571 (full 4):
 PSYoungGen      total 7168K, used 864K [0x00000000d5580000, 0x00000000d5d80000, 0x0000000100000000)
  eden space 6144K, 0% used [0x00000000d5580000,0x00000000d5580000,0x00000000d5b80000)
  from space 1024K, 84% used [0x00000000d5b80000,0x00000000d5c58000,0x00000000d5c80000)
  to   space 1024K, 0% used [0x00000000d5c80000,0x00000000d5c80000,0x00000000d5d80000)
 ParOldGen       total 450048K, used 449578K [0x0000000080000000, 0x000000009b780000, 0x00000000d5580000)
  object space 450048K, 99% used [0x0000000080000000,0x000000009b70a978,0x000000009b780000)
 Metaspace       used 70838K, committed 72320K, reserved 1179648K
  class space    used 7124K, committed 7744K, reserved 1048576K
}
Event: 68.878 GC heap before
{Heap before GC invocations=1572 (full 4):
 PSYoungGen      total 7168K, used 7008K [0x00000000d5580000, 0x00000000d5d80000, 0x0000000100000000)
  eden space 6144K, 100% used [0x00000000d5580000,0x00000000d5b80000,0x00000000d5b80000)
  from space 1024K, 84% used [0x00000000d5b80000,0x00000000d5c58000,0x00000000d5c80000)
  to   space 1024K, 0% used [0x00000000d5c80000,0x00000000d5c80000,0x00000000d5d80000)
 ParOldGen       total 450048K, used 449578K [0x0000000080000000, 0x000000009b780000, 0x00000000d5580000)
  object space 450048K, 99% used [0x0000000080000000,0x000000009b70a978,0x000000009b780000)
 Metaspace       used 70838K, committed 72320K, reserved 1179648K
  class space    used 7124K, committed 7744K, reserved 1048576K
}
Event: 68.880 GC heap after
{Heap after GC invocations=1572 (full 4):
 PSYoungGen      total 7168K, used 736K [0x00000000d5580000, 0x00000000d5d80000, 0x0000000100000000)
  eden space 6144K, 0% used [0x00000000d5580000,0x00000000d5580000,0x00000000d5b80000)
  from space 1024K, 71% used [0x00000000d5c80000,0x00000000d5d38000,0x00000000d5d80000)
  to   space 1024K, 0% used [0x00000000d5b80000,0x00000000d5b80000,0x00000000d5c80000)
 ParOldGen       total 450560K, used 450269K [0x0000000080000000, 0x000000009b800000, 0x00000000d5580000)
  object space 450560K, 99% used [0x0000000080000000,0x000000009b7b7588,0x000000009b800000)
 Metaspace       used 70838K, committed 72320K, reserved 1179648K
  class space    used 7124K, committed 7744K, reserved 1048576K
}
Event: 68.906 GC heap before
{Heap before GC invocations=1573 (full 4):
 PSYoungGen      total 7168K, used 6880K [0x00000000d5580000, 0x00000000d5d80000, 0x0000000100000000)
  eden space 6144K, 100% used [0x00000000d5580000,0x00000000d5b80000,0x00000000d5b80000)
  from space 1024K, 71% used [0x00000000d5c80000,0x00000000d5d38000,0x00000000d5d80000)
  to   space 1024K, 0% used [0x00000000d5b80000,0x00000000d5b80000,0x00000000d5c80000)
 ParOldGen       total 450560K, used 450269K [0x0000000080000000, 0x000000009b800000, 0x00000000d5580000)
  object space 450560K, 99% used [0x0000000080000000,0x000000009b7b7588,0x000000009b800000)
 Metaspace       used 70838K, committed 72320K, reserved 1179648K
  class space    used 7124K, committed 7744K, reserved 1048576K
}
Event: 68.908 GC heap after
{Heap after GC invocations=1573 (full 4):
 PSYoungGen      total 7168K, used 736K [0x00000000d5580000, 0x00000000d5d80000, 0x0000000100000000)
  eden space 6144K, 0% used [0x00000000d5580000,0x00000000d5580000,0x00000000d5b80000)
  from space 1024K, 71% used [0x00000000d5b80000,0x00000000d5c38000,0x00000000d5c80000)
  to   space 1024K, 0% used [0x00000000d5c80000,0x00000000d5c80000,0x00000000d5d80000)
 ParOldGen       total 451072K, used 450885K [0x0000000080000000, 0x000000009b880000, 0x00000000d5580000)
  object space 451072K, 99% used [0x0000000080000000,0x000000009b851588,0x000000009b880000)
 Metaspace       used 70838K, committed 72320K, reserved 1179648K
  class space    used 7124K, committed 7744K, reserved 1048576K
}
Event: 68.931 GC heap before
{Heap before GC invocations=1574 (full 4):
 PSYoungGen      total 7168K, used 6880K [0x00000000d5580000, 0x00000000d5d80000, 0x0000000100000000)
  eden space 6144K, 100% used [0x00000000d5580000,0x00000000d5b80000,0x00000000d5b80000)
  from space 1024K, 71% used [0x00000000d5b80000,0x00000000d5c38000,0x00000000d5c80000)
  to   space 1024K, 0% used [0x00000000d5c80000,0x00000000d5c80000,0x00000000d5d80000)
 ParOldGen       total 451072K, used 450885K [0x0000000080000000, 0x000000009b880000, 0x00000000d5580000)
  object space 451072K, 99% used [0x0000000080000000,0x000000009b851588,0x000000009b880000)
 Metaspace       used 70838K, committed 72320K, reserved 1179648K
  class space    used 7124K, committed 7744K, reserved 1048576K
}
Event: 68.933 GC heap after
{Heap after GC invocations=1574 (full 4):
 PSYoungGen      total 7168K, used 800K [0x00000000d5580000, 0x00000000d5d80000, 0x0000000100000000)
  eden space 6144K, 0% used [0x00000000d5580000,0x00000000d5580000,0x00000000d5b80000)
  from space 1024K, 78% used [0x00000000d5c80000,0x00000000d5d48000,0x00000000d5d80000)
  to   space 1024K, 0% used [0x00000000d5b80000,0x00000000d5b80000,0x00000000d5c80000)
 ParOldGen       total 451584K, used 451493K [0x0000000080000000, 0x000000009b900000, 0x00000000d5580000)
  object space 451584K, 99% used [0x0000000080000000,0x000000009b8e9588,0x000000009b900000)
 Metaspace       used 70838K, committed 72320K, reserved 1179648K
  class space    used 7124K, committed 7744K, reserved 1048576K
}
Event: 68.962 GC heap before
{Heap before GC invocations=1575 (full 4):
 PSYoungGen      total 7168K, used 6944K [0x00000000d5580000, 0x00000000d5d80000, 0x0000000100000000)
  eden space 6144K, 100% used [0x00000000d5580000,0x00000000d5b80000,0x00000000d5b80000)
  from space 1024K, 78% used [0x00000000d5c80000,0x00000000d5d48000,0x00000000d5d80000)
  to   space 1024K, 0% used [0x00000000d5b80000,0x00000000d5b80000,0x00000000d5c80000)
 ParOldGen       total 451584K, used 451493K [0x0000000080000000, 0x000000009b900000, 0x00000000d5580000)
  object space 451584K, 99% used [0x0000000080000000,0x000000009b8e9588,0x000000009b900000)
 Metaspace       used 70838K, committed 72320K, reserved 1179648K
  class space    used 7124K, committed 7744K, reserved 1048576K
}

