# JRE version: OpenJDK Runtime Environment Temurin-21.0.7+6 (21.0.7+6) (build 21.0.7+6-LTS)
# Java VM: OpenJDK 64-Bit Server VM Temurin-21.0.7+6 (21.0.7+6-LTS, mixed mode, sharing, tiered, compressed oops, compressed class ptrs, parallel gc, windows-amd64)
GC Precious Log:
 CardTable entry size: 512
 CPUs: 12 total, 12 available
 Memory: 6005M
 Large Page Support: Disabled
 NUMA Support: Disabled
 Compressed Oops: Enabled (32-bit)
 Alignments: Space 512K, Generation 512K, Heap 2M
 Heap Min Capacity: 100M
 Heap Initial Capacity: 100M
 Heap Max Capacity: 2G
 Pre-touch: Disabled
 Parallel Workers: 10
Heap:
 PSYoungGen      total 9216K, used 8990K [0x00000000d5580000, 0x00000000d6080000, 0x0000000100000000)
  eden space 7168K, 100% used [0x00000000d5580000,0x00000000d5c80000,0x00000000d5c80000)
  from space 2048K, 88% used [0x00000000d5e80000,0x00000000d6047958,0x00000000d6080000)
  to   space 2048K, 51% used [0x00000000d5c80000,0x00000000d5d88000,0x00000000d5e80000)
 ParOldGen       total 113152K, used 113150K [0x0000000080000000, 0x0000000086e80000, 0x00000000d5580000)
  object space 113152K, 99% used [0x0000000080000000,0x0000000086e7fa48,0x0000000086e80000)
 Metaspace       used 60600K, committed 61888K, reserved 1114112K
  class space    used 6354K, committed 6912K, reserved 1048576K
GC Heap History (20 events):
Event: 31.868 GC heap before
{Heap before GC invocations=55 (full 3):
 PSYoungGen      total 13824K, used 13789K [0x00000000d5580000, 0x00000000d6480000, 0x0000000100000000)
  eden space 12288K, 100% used [0x00000000d5580000,0x00000000d6180000,0x00000000d6180000)
  from space 1536K, 97% used [0x00000000d6200000,0x00000000d63774e8,0x00000000d6380000)
  to   space 1024K, 0% used [0x00000000d6380000,0x00000000d6380000,0x00000000d6480000)
 ParOldGen       total 90624K, used 90486K [0x0000000080000000, 0x0000000085880000, 0x00000000d5580000)
  object space 90624K, 99% used [0x0000000080000000,0x000000008585dae8,0x0000000085880000)
 Metaspace       used 59789K, committed 61120K, reserved 1114112K
  class space    used 6299K, committed 6912K, reserved 1048576K
}
Event: 31.874 GC heap after
{Heap after GC invocations=55 (full 3):
 PSYoungGen      total 11264K, used 1023K [0x00000000d5580000, 0x00000000d6980000, 0x0000000100000000)
  eden space 10240K, 0% used [0x00000000d5580000,0x00000000d5580000,0x00000000d5f80000)
  from space 1024K, 99% used [0x00000000d6380000,0x00000000d647fcd0,0x00000000d6480000)
  to   space 4096K, 0% used [0x00000000d5f80000,0x00000000d5f80000,0x00000000d6380000)
 ParOldGen       total 93184K, used 92937K [0x0000000080000000, 0x0000000085b00000, 0x00000000d5580000)
  object space 93184K, 99% used [0x0000000080000000,0x0000000085ac26d8,0x0000000085b00000)
 Metaspace       used 59789K, committed 61120K, reserved 1114112K
  class space    used 6299K, committed 6912K, reserved 1048576K
}
Event: 32.168 GC heap before
{Heap before GC invocations=56 (full 3):
 PSYoungGen      total 11264K, used 11263K [0x00000000d5580000, 0x00000000d6980000, 0x0000000100000000)
  eden space 10240K, 100% used [0x00000000d5580000,0x00000000d5f80000,0x00000000d5f80000)
  from space 1024K, 99% used [0x00000000d6380000,0x00000000d647fcd0,0x00000000d6480000)
  to   space 4096K, 0% used [0x00000000d5f80000,0x00000000d5f80000,0x00000000d6380000)
 ParOldGen       total 93184K, used 92937K [0x0000000080000000, 0x0000000085b00000, 0x00000000d5580000)
  object space 93184K, 99% used [0x0000000080000000,0x0000000085ac26d8,0x0000000085b00000)
 Metaspace       used 59873K, committed 61248K, reserved 1114112K
  class space    used 6304K, committed 6912K, reserved 1048576K
}
Event: 32.175 GC heap after
{Heap after GC invocations=56 (full 3):
 PSYoungGen      total 12800K, used 2221K [0x00000000d5580000, 0x00000000d6580000, 0x0000000100000000)
  eden space 10240K, 0% used [0x00000000d5580000,0x00000000d5580000,0x00000000d5f80000)
  from space 2560K, 86% used [0x00000000d5f80000,0x00000000d61ab400,0x00000000d6200000)
  to   space 3072K, 0% used [0x00000000d6280000,0x00000000d6280000,0x00000000d6580000)
 ParOldGen       total 94208K, used 93953K [0x0000000080000000, 0x0000000085c00000, 0x00000000d5580000)
  object space 94208K, 99% used [0x0000000080000000,0x0000000085bc0750,0x0000000085c00000)
 Metaspace       used 59873K, committed 61248K, reserved 1114112K
  class space    used 6304K, committed 6912K, reserved 1048576K
}
Event: 32.363 GC heap before
{Heap before GC invocations=57 (full 3):
 PSYoungGen      total 12800K, used 12461K [0x00000000d5580000, 0x00000000d6580000, 0x0000000100000000)
  eden space 10240K, 100% used [0x00000000d5580000,0x00000000d5f80000,0x00000000d5f80000)
  from space 2560K, 86% used [0x00000000d5f80000,0x00000000d61ab400,0x00000000d6200000)
  to   space 3072K, 0% used [0x00000000d6280000,0x00000000d6280000,0x00000000d6580000)
 ParOldGen       total 94208K, used 93953K [0x0000000080000000, 0x0000000085c00000, 0x00000000d5580000)
  object space 94208K, 99% used [0x0000000080000000,0x0000000085bc0750,0x0000000085c00000)
 Metaspace       used 59875K, committed 61248K, reserved 1114112K
  class space    used 6304K, committed 6912K, reserved 1048576K
}
Event: 32.371 GC heap after
{Heap after GC invocations=57 (full 3):
 PSYoungGen      total 13312K, used 2758K [0x00000000d5580000, 0x00000000d6580000, 0x0000000100000000)
  eden space 10240K, 0% used [0x00000000d5580000,0x00000000d5580000,0x00000000d5f80000)
  from space 3072K, 89% used [0x00000000d6280000,0x00000000d6531918,0x00000000d6580000)
  to   space 3072K, 0% used [0x00000000d5f80000,0x00000000d5f80000,0x00000000d6280000)
 ParOldGen       total 96256K, used 96027K [0x0000000080000000, 0x0000000085e00000, 0x00000000d5580000)
  object space 96256K, 99% used [0x0000000080000000,0x0000000085dc6d78,0x0000000085e00000)
 Metaspace       used 59875K, committed 61248K, reserved 1114112K
  class space    used 6304K, committed 6912K, reserved 1048576K
}
Event: 32.698 GC heap before
{Heap before GC invocations=58 (full 3):
 PSYoungGen      total 13312K, used 12998K [0x00000000d5580000, 0x00000000d6580000, 0x0000000100000000)
  eden space 10240K, 100% used [0x00000000d5580000,0x00000000d5f80000,0x00000000d5f80000)
  from space 3072K, 89% used [0x00000000d6280000,0x00000000d6531918,0x00000000d6580000)
  to   space 3072K, 0% used [0x00000000d5f80000,0x00000000d5f80000,0x00000000d6280000)
 ParOldGen       total 96256K, used 96027K [0x0000000080000000, 0x0000000085e00000, 0x00000000d5580000)
  object space 96256K, 99% used [0x0000000080000000,0x0000000085dc6d78,0x0000000085e00000)
 Metaspace       used 60099K, committed 61440K, reserved 1114112K
  class space    used 6329K, committed 6912K, reserved 1048576K
}
Event: 32.707 GC heap after
{Heap after GC invocations=58 (full 3):
 PSYoungGen      total 12800K, used 2255K [0x00000000d5580000, 0x00000000d6480000, 0x0000000100000000)
  eden space 10240K, 0% used [0x00000000d5580000,0x00000000d5580000,0x00000000d5f80000)
  from space 2560K, 88% used [0x00000000d5f80000,0x00000000d61b3d78,0x00000000d6200000)
  to   space 2560K, 0% used [0x00000000d6200000,0x00000000d6200000,0x00000000d6480000)
 ParOldGen       total 98816K, used 98622K [0x0000000080000000, 0x0000000086080000, 0x00000000d5580000)
  object space 98816K, 99% used [0x0000000080000000,0x000000008604faf8,0x0000000086080000)
 Metaspace       used 60099K, committed 61440K, reserved 1114112K
  class space    used 6329K, committed 6912K, reserved 1048576K
}
Event: 32.952 GC heap before
{Heap before GC invocations=59 (full 3):
 PSYoungGen      total 12800K, used 12495K [0x00000000d5580000, 0x00000000d6480000, 0x0000000100000000)
  eden space 10240K, 100% used [0x00000000d5580000,0x00000000d5f80000,0x00000000d5f80000)
  from space 2560K, 88% used [0x00000000d5f80000,0x00000000d61b3d78,0x00000000d6200000)
  to   space 2560K, 0% used [0x00000000d6200000,0x00000000d6200000,0x00000000d6480000)
 ParOldGen       total 98816K, used 98622K [0x0000000080000000, 0x0000000086080000, 0x00000000d5580000)
  object space 98816K, 99% used [0x0000000080000000,0x000000008604faf8,0x0000000086080000)
 Metaspace       used 60382K, committed 61696K, reserved 1114112K
  class space    used 6347K, committed 6912K, reserved 1048576K
}
Event: 32.958 GC heap after
{Heap after GC invocations=59 (full 3):
 PSYoungGen      total 12800K, used 2141K [0x00000000d5580000, 0x00000000d6480000, 0x0000000100000000)
  eden space 10240K, 0% used [0x00000000d5580000,0x00000000d5580000,0x00000000d5f80000)
  from space 2560K, 83% used [0x00000000d6200000,0x00000000d6417500,0x00000000d6480000)
  to   space 2560K, 0% used [0x00000000d5f80000,0x00000000d5f80000,0x00000000d6200000)
 ParOldGen       total 100864K, used 100733K [0x0000000080000000, 0x0000000086280000, 0x00000000d5580000)
  object space 100864K, 99% used [0x0000000080000000,0x000000008625f4e8,0x0000000086280000)
 Metaspace       used 60382K, committed 61696K, reserved 1114112K
  class space    used 6347K, committed 6912K, reserved 1048576K
}
Event: 33.227 GC heap before
{Heap before GC invocations=60 (full 3):
 PSYoungGen      total 12800K, used 12381K [0x00000000d5580000, 0x00000000d6480000, 0x0000000100000000)
  eden space 10240K, 100% used [0x00000000d5580000,0x00000000d5f80000,0x00000000d5f80000)
  from space 2560K, 83% used [0x00000000d6200000,0x00000000d6417500,0x00000000d6480000)
  to   space 2560K, 0% used [0x00000000d5f80000,0x00000000d5f80000,0x00000000d6200000)
 ParOldGen       total 100864K, used 100733K [0x0000000080000000, 0x0000000086280000, 0x00000000d5580000)
  object space 100864K, 99% used [0x0000000080000000,0x000000008625f4e8,0x0000000086280000)
 Metaspace       used 60518K, committed 61760K, reserved 1114112K
  class space    used 6351K, committed 6912K, reserved 1048576K
}
Event: 33.232 GC heap after
{Heap after GC invocations=60 (full 3):
 PSYoungGen      total 12800K, used 2172K [0x00000000d5580000, 0x00000000d6480000, 0x0000000100000000)
  eden space 10240K, 0% used [0x00000000d5580000,0x00000000d5580000,0x00000000d5f80000)
  from space 2560K, 84% used [0x00000000d5f80000,0x00000000d619f250,0x00000000d6200000)
  to   space 2560K, 0% used [0x00000000d6200000,0x00000000d6200000,0x00000000d6480000)
 ParOldGen       total 102912K, used 102647K [0x0000000080000000, 0x0000000086480000, 0x00000000d5580000)
  object space 102912K, 99% used [0x0000000080000000,0x000000008643def8,0x0000000086480000)
 Metaspace       used 60518K, committed 61760K, reserved 1114112K
  class space    used 6351K, committed 6912K, reserved 1048576K
}
Event: 33.573 GC heap before
{Heap before GC invocations=61 (full 3):
 PSYoungGen      total 12800K, used 12412K [0x00000000d5580000, 0x00000000d6480000, 0x0000000100000000)
  eden space 10240K, 100% used [0x00000000d5580000,0x00000000d5f80000,0x00000000d5f80000)
  from space 2560K, 84% used [0x00000000d5f80000,0x00000000d619f250,0x00000000d6200000)
  to   space 2560K, 0% used [0x00000000d6200000,0x00000000d6200000,0x00000000d6480000)
 ParOldGen       total 102912K, used 102647K [0x0000000080000000, 0x0000000086480000, 0x00000000d5580000)
  object space 102912K, 99% used [0x0000000080000000,0x000000008643def8,0x0000000086480000)
 Metaspace       used 60520K, committed 61760K, reserved 1114112K
  class space    used 6351K, committed 6912K, reserved 1048576K
}
Event: 33.582 GC heap after
{Heap after GC invocations=61 (full 3):
 PSYoungGen      total 9728K, used 2541K [0x00000000d5580000, 0x00000000d6a80000, 0x0000000100000000)
  eden space 7168K, 0% used [0x00000000d5580000,0x00000000d5580000,0x00000000d5c80000)
  from space 2560K, 99% used [0x00000000d6200000,0x00000000d647b658,0x00000000d6480000)
  to   space 5632K, 0% used [0x00000000d5c80000,0x00000000d5c80000,0x00000000d6200000)
 ParOldGen       total 105472K, used 105002K [0x0000000080000000, 0x0000000086700000, 0x00000000d5580000)
  object space 105472K, 99% used [0x0000000080000000,0x000000008668a800,0x0000000086700000)
 Metaspace       used 60520K, committed 61760K, reserved 1114112K
  class space    used 6351K, committed 6912K, reserved 1048576K
}
Event: 33.754 GC heap before
{Heap before GC invocations=62 (full 3):
 PSYoungGen      total 9728K, used 9709K [0x00000000d5580000, 0x00000000d6a80000, 0x0000000100000000)
  eden space 7168K, 100% used [0x00000000d5580000,0x00000000d5c80000,0x00000000d5c80000)
  from space 2560K, 99% used [0x00000000d6200000,0x00000000d647b658,0x00000000d6480000)
  to   space 5632K, 0% used [0x00000000d5c80000,0x00000000d5c80000,0x00000000d6200000)
 ParOldGen       total 105472K, used 105002K [0x0000000080000000, 0x0000000086700000, 0x00000000d5580000)
  object space 105472K, 99% used [0x0000000080000000,0x000000008668a800,0x0000000086700000)
 Metaspace       used 60520K, committed 61760K, reserved 1114112K
  class space    used 6351K, committed 6912K, reserved 1048576K
}
Event: 33.760 GC heap after
{Heap after GC invocations=62 (full 3):
 PSYoungGen      total 9216K, used 1899K [0x00000000d5580000, 0x00000000d6280000, 0x0000000100000000)
  eden space 7168K, 0% used [0x00000000d5580000,0x00000000d5580000,0x00000000d5c80000)
  from space 2048K, 92% used [0x00000000d5c80000,0x00000000d5e5ad10,0x00000000d5e80000)
  to   space 3072K, 0% used [0x00000000d5f80000,0x00000000d5f80000,0x00000000d6280000)
 ParOldGen       total 108032K, used 107524K [0x0000000080000000, 0x0000000086980000, 0x00000000d5580000)
  object space 108032K, 99% used [0x0000000080000000,0x0000000086901100,0x0000000086980000)
 Metaspace       used 60520K, committed 61760K, reserved 1114112K
  class space    used 6351K, committed 6912K, reserved 1048576K
}
Event: 34.076 GC heap before
{Heap before GC invocations=63 (full 3):
 PSYoungGen      total 9216K, used 9059K [0x00000000d5580000, 0x00000000d6280000, 0x0000000100000000)
  eden space 7168K, 99% used [0x00000000d5580000,0x00000000d5c7e158,0x00000000d5c80000)
  from space 2048K, 92% used [0x00000000d5c80000,0x00000000d5e5ad10,0x00000000d5e80000)
  to   space 3072K, 0% used [0x00000000d5f80000,0x00000000d5f80000,0x00000000d6280000)
 ParOldGen       total 108032K, used 107524K [0x0000000080000000, 0x0000000086980000, 0x00000000d5580000)
  object space 108032K, 99% used [0x0000000080000000,0x0000000086901100,0x0000000086980000)
 Metaspace       used 60534K, committed 61824K, reserved 1114112K
  class space    used 6351K, committed 6912K, reserved 1048576K
}
Event: 34.082 GC heap after
{Heap after GC invocations=63 (full 3):
 PSYoungGen      total 9216K, used 1810K [0x00000000d5580000, 0x00000000d6180000, 0x0000000100000000)
  eden space 7168K, 0% used [0x00000000d5580000,0x00000000d5580000,0x00000000d5c80000)
  from space 2048K, 88% used [0x00000000d5f80000,0x00000000d61449e8,0x00000000d6180000)
  to   space 2048K, 0% used [0x00000000d5c80000,0x00000000d5c80000,0x00000000d5e80000)
 ParOldGen       total 109568K, used 109249K [0x0000000080000000, 0x0000000086b00000, 0x00000000d5580000)
  object space 109568K, 99% used [0x0000000080000000,0x0000000086ab05f0,0x0000000086b00000)
 Metaspace       used 60534K, committed 61824K, reserved 1114112K
  class space    used 6351K, committed 6912K, reserved 1048576K
}
Event: 34.226 GC heap before
{Heap before GC invocations=64 (full 3):
 PSYoungGen      total 9216K, used 8978K [0x00000000d5580000, 0x00000000d6180000, 0x0000000100000000)
  eden space 7168K, 100% used [0x00000000d5580000,0x00000000d5c80000,0x00000000d5c80000)
  from space 2048K, 88% used [0x00000000d5f80000,0x00000000d61449e8,0x00000000d6180000)
  to   space 2048K, 0% used [0x00000000d5c80000,0x00000000d5c80000,0x00000000d5e80000)
 ParOldGen       total 109568K, used 109249K [0x0000000080000000, 0x0000000086b00000, 0x00000000d5580000)
  object space 109568K, 99% used [0x0000000080000000,0x0000000086ab05f0,0x0000000086b00000)
 Metaspace       used 60555K, committed 61824K, reserved 1114112K
  class space    used 6354K, committed 6912K, reserved 1048576K
}
Event: 34.235 GC heap after
{Heap after GC invocations=64 (full 3):
 PSYoungGen      total 9216K, used 1699K [0x00000000d5580000, 0x00000000d6080000, 0x0000000100000000)
  eden space 7168K, 0% used [0x00000000d5580000,0x00000000d5580000,0x00000000d5c80000)
  from space 2048K, 83% used [0x00000000d5c80000,0x00000000d5e28fa8,0x00000000d5e80000)
  to   space 2048K, 0% used [0x00000000d5e80000,0x00000000d5e80000,0x00000000d6080000)
 ParOldGen       total 111104K, used 110826K [0x0000000080000000, 0x0000000086c80000, 0x00000000d5580000)
  object space 111104K, 99% used [0x0000000080000000,0x0000000086c3aac8,0x0000000086c80000)
 Metaspace       used 60555K, committed 61824K, reserved 1114112K
  class space    used 6354K, committed 6912K, reserved 1048576K
}

