# JRE version: OpenJDK Runtime Environment Temurin-21.0.7+6 (21.0.7+6) (build 21.0.7+6-LTS)
# Java VM: OpenJDK 64-Bit Server VM Temurin-21.0.7+6 (21.0.7+6-LTS, mixed mode, sharing, tiered, compressed oops, compressed class ptrs, parallel gc, windows-amd64)
GC Precious Log:
 CardTable entry size: 512
 CPUs: 12 total, 12 available
 Memory: 6005M
 Large Page Support: Disabled
 NUMA Support: Disabled
 Compressed Oops: Enabled (32-bit)
 Alignments: Space 512K, Generation 512K, Heap 2M
 Heap Min Capacity: 100M
 Heap Initial Capacity: 100M
 Heap Max Capacity: 2G
 Pre-touch: Disabled
 Parallel Workers: 10
Heap:
 PSYoungGen      total 4096K, used 1018K [0x00000000d5580000, 0x00000000d5a80000, 0x0000000100000000)
  eden space 3072K, 0% used [0x00000000d5580000,0x00000000d5580000,0x00000000d5880000)
  from space 1024K, 99% used [0x00000000d5880000,0x00000000d597eac8,0x00000000d5980000)
  to   space 1024K, 0% used [0x00000000d5980000,0x00000000d5980000,0x00000000d5a80000)
 ParOldGen       total 305664K, used 305487K [0x0000000080000000, 0x0000000092a80000, 0x00000000d5580000)
  object space 305664K, 99% used [0x0000000080000000,0x0000000092a53c80,0x0000000092a80000)
 Metaspace       used 62621K, committed 64128K, reserved 1114112K
  class space    used 6458K, committed 7104K, reserved 1048576K
GC Heap History (20 events):
Event: 27.201 GC heap after
{Heap after GC invocations=312 (full 3):
 PSYoungGen      total 4096K, used 907K [0x00000000d5580000, 0x00000000d5a80000, 0x0000000100000000)
  eden space 2560K, 0% used [0x00000000d5580000,0x00000000d5580000,0x00000000d5800000)
  from space 1536K, 59% used [0x00000000d5800000,0x00000000d58e2f00,0x00000000d5980000)
  to   space 1024K, 0% used [0x00000000d5980000,0x00000000d5980000,0x00000000d5a80000)
 ParOldGen       total 299520K, used 299298K [0x0000000080000000, 0x0000000092480000, 0x00000000d5580000)
  object space 299520K, 99% used [0x0000000080000000,0x0000000092448a40,0x0000000092480000)
 Metaspace       used 62514K, committed 64000K, reserved 1114112K
  class space    used 6458K, committed 7104K, reserved 1048576K
}
Event: 27.212 GC heap before
{Heap before GC invocations=313 (full 3):
 PSYoungGen      total 4096K, used 3466K [0x00000000d5580000, 0x00000000d5a80000, 0x0000000100000000)
  eden space 2560K, 99% used [0x00000000d5580000,0x00000000d57ffb80,0x00000000d5800000)
  from space 1536K, 59% used [0x00000000d5800000,0x00000000d58e2f00,0x00000000d5980000)
  to   space 1024K, 0% used [0x00000000d5980000,0x00000000d5980000,0x00000000d5a80000)
 ParOldGen       total 299520K, used 299298K [0x0000000080000000, 0x0000000092480000, 0x00000000d5580000)
  object space 299520K, 99% used [0x0000000080000000,0x0000000092448a40,0x0000000092480000)
 Metaspace       used 62545K, committed 64000K, reserved 1114112K
  class space    used 6458K, committed 7104K, reserved 1048576K
}
Event: 27.215 GC heap after
{Heap after GC invocations=313 (full 3):
 PSYoungGen      total 3584K, used 640K [0x00000000d5580000, 0x00000000d5a80000, 0x0000000100000000)
  eden space 2560K, 0% used [0x00000000d5580000,0x00000000d5580000,0x00000000d5800000)
  from space 1024K, 62% used [0x00000000d5980000,0x00000000d5a20000,0x00000000d5a80000)
  to   space 1024K, 0% used [0x00000000d5880000,0x00000000d5880000,0x00000000d5980000)
 ParOldGen       total 300032K, used 299990K [0x0000000080000000, 0x0000000092500000, 0x00000000d5580000)
  object space 300032K, 99% used [0x0000000080000000,0x00000000924f58a0,0x0000000092500000)
 Metaspace       used 62545K, committed 64000K, reserved 1114112K
  class space    used 6458K, committed 7104K, reserved 1048576K
}
Event: 27.228 GC heap before
{Heap before GC invocations=314 (full 3):
 PSYoungGen      total 3584K, used 3200K [0x00000000d5580000, 0x00000000d5a80000, 0x0000000100000000)
  eden space 2560K, 100% used [0x00000000d5580000,0x00000000d5800000,0x00000000d5800000)
  from space 1024K, 62% used [0x00000000d5980000,0x00000000d5a20000,0x00000000d5a80000)
  to   space 1024K, 0% used [0x00000000d5880000,0x00000000d5880000,0x00000000d5980000)
 ParOldGen       total 300032K, used 299990K [0x0000000080000000, 0x0000000092500000, 0x00000000d5580000)
  object space 300032K, 99% used [0x0000000080000000,0x00000000924f58a0,0x0000000092500000)
 Metaspace       used 62566K, committed 64064K, reserved 1114112K
  class space    used 6458K, committed 7104K, reserved 1048576K
}
Event: 27.231 GC heap after
{Heap after GC invocations=314 (full 3):
 PSYoungGen      total 3584K, used 698K [0x00000000d5580000, 0x00000000d5a00000, 0x0000000100000000)
  eden space 2560K, 0% used [0x00000000d5580000,0x00000000d5580000,0x00000000d5800000)
  from space 1024K, 68% used [0x00000000d5880000,0x00000000d592ea18,0x00000000d5980000)
  to   space 512K, 0% used [0x00000000d5980000,0x00000000d5980000,0x00000000d5a00000)
 ParOldGen       total 300544K, used 300485K [0x0000000080000000, 0x0000000092580000, 0x00000000d5580000)
  object space 300544K, 99% used [0x0000000080000000,0x0000000092571708,0x0000000092580000)
 Metaspace       used 62566K, committed 64064K, reserved 1114112K
  class space    used 6458K, committed 7104K, reserved 1048576K
}
Event: 27.243 GC heap before
{Heap before GC invocations=315 (full 3):
 PSYoungGen      total 3584K, used 3258K [0x00000000d5580000, 0x00000000d5a00000, 0x0000000100000000)
  eden space 2560K, 100% used [0x00000000d5580000,0x00000000d5800000,0x00000000d5800000)
  from space 1024K, 68% used [0x00000000d5880000,0x00000000d592ea18,0x00000000d5980000)
  to   space 512K, 0% used [0x00000000d5980000,0x00000000d5980000,0x00000000d5a00000)
 ParOldGen       total 300544K, used 300485K [0x0000000080000000, 0x0000000092580000, 0x00000000d5580000)
  object space 300544K, 99% used [0x0000000080000000,0x0000000092571708,0x0000000092580000)
 Metaspace       used 62569K, committed 64064K, reserved 1114112K
  class space    used 6458K, committed 7104K, reserved 1048576K
}
Event: 27.246 GC heap after
{Heap after GC invocations=315 (full 3):
 PSYoungGen      total 3072K, used 498K [0x00000000d5580000, 0x00000000d5b80000, 0x0000000100000000)
  eden space 2560K, 0% used [0x00000000d5580000,0x00000000d5580000,0x00000000d5800000)
  from space 512K, 97% used [0x00000000d5980000,0x00000000d59fca00,0x00000000d5a00000)
  to   space 1536K, 0% used [0x00000000d5800000,0x00000000d5800000,0x00000000d5980000)
 ParOldGen       total 301568K, used 301144K [0x0000000080000000, 0x0000000092680000, 0x00000000d5580000)
  object space 301568K, 99% used [0x0000000080000000,0x00000000926163b8,0x0000000092680000)
 Metaspace       used 62569K, committed 64064K, reserved 1114112K
  class space    used 6458K, committed 7104K, reserved 1048576K
}
Event: 27.259 GC heap before
{Heap before GC invocations=316 (full 3):
 PSYoungGen      total 3072K, used 3058K [0x00000000d5580000, 0x00000000d5b80000, 0x0000000100000000)
  eden space 2560K, 100% used [0x00000000d5580000,0x00000000d5800000,0x00000000d5800000)
  from space 512K, 97% used [0x00000000d5980000,0x00000000d59fca00,0x00000000d5a00000)
  to   space 1536K, 0% used [0x00000000d5800000,0x00000000d5800000,0x00000000d5980000)
 ParOldGen       total 301568K, used 301144K [0x0000000080000000, 0x0000000092680000, 0x00000000d5580000)
  object space 301568K, 99% used [0x0000000080000000,0x00000000926163b8,0x0000000092680000)
 Metaspace       used 62590K, committed 64064K, reserved 1114112K
  class space    used 6458K, committed 7104K, reserved 1048576K
}
Event: 27.262 GC heap after
{Heap after GC invocations=316 (full 3):
 PSYoungGen      total 3584K, used 704K [0x00000000d5580000, 0x00000000d5a00000, 0x0000000100000000)
  eden space 2560K, 0% used [0x00000000d5580000,0x00000000d5580000,0x00000000d5800000)
  from space 1024K, 68% used [0x00000000d5800000,0x00000000d58b0000,0x00000000d5900000)
  to   space 1024K, 0% used [0x00000000d5900000,0x00000000d5900000,0x00000000d5a00000)
 ParOldGen       total 302080K, used 301588K [0x0000000080000000, 0x0000000092700000, 0x00000000d5580000)
  object space 302080K, 99% used [0x0000000080000000,0x00000000926852f8,0x0000000092700000)
 Metaspace       used 62590K, committed 64064K, reserved 1114112K
  class space    used 6458K, committed 7104K, reserved 1048576K
}
Event: 27.282 GC heap before
{Heap before GC invocations=317 (full 3):
 PSYoungGen      total 3584K, used 3264K [0x00000000d5580000, 0x00000000d5a00000, 0x0000000100000000)
  eden space 2560K, 100% used [0x00000000d5580000,0x00000000d5800000,0x00000000d5800000)
  from space 1024K, 68% used [0x00000000d5800000,0x00000000d58b0000,0x00000000d5900000)
  to   space 1024K, 0% used [0x00000000d5900000,0x00000000d5900000,0x00000000d5a00000)
 ParOldGen       total 302080K, used 301588K [0x0000000080000000, 0x0000000092700000, 0x00000000d5580000)
  object space 302080K, 99% used [0x0000000080000000,0x00000000926852f8,0x0000000092700000)
 Metaspace       used 62602K, committed 64064K, reserved 1114112K
  class space    used 6458K, committed 7104K, reserved 1048576K
}
Event: 27.286 GC heap after
{Heap after GC invocations=317 (full 3):
 PSYoungGen      total 3584K, used 677K [0x00000000d5580000, 0x00000000d5a00000, 0x0000000100000000)
  eden space 2560K, 0% used [0x00000000d5580000,0x00000000d5580000,0x00000000d5800000)
  from space 1024K, 66% used [0x00000000d5900000,0x00000000d59a95f8,0x00000000d5a00000)
  to   space 1024K, 0% used [0x00000000d5800000,0x00000000d5800000,0x00000000d5900000)
 ParOldGen       total 302592K, used 302121K [0x0000000080000000, 0x0000000092780000, 0x00000000d5580000)
  object space 302592K, 99% used [0x0000000080000000,0x000000009270a7d8,0x0000000092780000)
 Metaspace       used 62602K, committed 64064K, reserved 1114112K
  class space    used 6458K, committed 7104K, reserved 1048576K
}
Event: 27.297 GC heap before
{Heap before GC invocations=318 (full 3):
 PSYoungGen      total 3584K, used 3237K [0x00000000d5580000, 0x00000000d5a00000, 0x0000000100000000)
  eden space 2560K, 100% used [0x00000000d5580000,0x00000000d5800000,0x00000000d5800000)
  from space 1024K, 66% used [0x00000000d5900000,0x00000000d59a95f8,0x00000000d5a00000)
  to   space 1024K, 0% used [0x00000000d5800000,0x00000000d5800000,0x00000000d5900000)
 ParOldGen       total 302592K, used 302121K [0x0000000080000000, 0x0000000092780000, 0x00000000d5580000)
  object space 302592K, 99% used [0x0000000080000000,0x000000009270a7d8,0x0000000092780000)
 Metaspace       used 62609K, committed 64128K, reserved 1114112K
  class space    used 6458K, committed 7104K, reserved 1048576K
}
Event: 27.299 GC heap after
{Heap after GC invocations=318 (full 3):
 PSYoungGen      total 3584K, used 792K [0x00000000d5580000, 0x00000000d5a00000, 0x0000000100000000)
  eden space 2560K, 0% used [0x00000000d5580000,0x00000000d5580000,0x00000000d5800000)
  from space 1024K, 77% used [0x00000000d5800000,0x00000000d58c6218,0x00000000d5900000)
  to   space 1024K, 0% used [0x00000000d5900000,0x00000000d5900000,0x00000000d5a00000)
 ParOldGen       total 303104K, used 302685K [0x0000000080000000, 0x0000000092800000, 0x00000000d5580000)
  object space 303104K, 99% used [0x0000000080000000,0x0000000092797528,0x0000000092800000)
 Metaspace       used 62609K, committed 64128K, reserved 1114112K
  class space    used 6458K, committed 7104K, reserved 1048576K
}
Event: 27.304 GC heap before
{Heap before GC invocations=319 (full 3):
 PSYoungGen      total 3584K, used 3352K [0x00000000d5580000, 0x00000000d5a00000, 0x0000000100000000)
  eden space 2560K, 100% used [0x00000000d5580000,0x00000000d5800000,0x00000000d5800000)
  from space 1024K, 77% used [0x00000000d5800000,0x00000000d58c6218,0x00000000d5900000)
  to   space 1024K, 0% used [0x00000000d5900000,0x00000000d5900000,0x00000000d5a00000)
 ParOldGen       total 303104K, used 302685K [0x0000000080000000, 0x0000000092800000, 0x00000000d5580000)
  object space 303104K, 99% used [0x0000000080000000,0x0000000092797528,0x0000000092800000)
 Metaspace       used 62609K, committed 64128K, reserved 1114112K
  class space    used 6458K, committed 7104K, reserved 1048576K
}
Event: 28.296 GC heap after
{Heap after GC invocations=319 (full 3):
 PSYoungGen      total 3584K, used 864K [0x00000000d5580000, 0x00000000d5a80000, 0x0000000100000000)
  eden space 2560K, 0% used [0x00000000d5580000,0x00000000d5580000,0x00000000d5800000)
  from space 1024K, 84% used [0x00000000d5900000,0x00000000d59d8000,0x00000000d5a00000)
  to   space 1024K, 0% used [0x00000000d5800000,0x00000000d5800000,0x00000000d5900000)
 ParOldGen       total 303616K, used 303356K [0x0000000080000000, 0x0000000092880000, 0x00000000d5580000)
  object space 303616K, 99% used [0x0000000080000000,0x000000009283f148,0x0000000092880000)
 Metaspace       used 62609K, committed 64128K, reserved 1114112K
  class space    used 6458K, committed 7104K, reserved 1048576K
}
Event: 28.304 GC heap before
{Heap before GC invocations=320 (full 3):
 PSYoungGen      total 3584K, used 3424K [0x00000000d5580000, 0x00000000d5a80000, 0x0000000100000000)
  eden space 2560K, 100% used [0x00000000d5580000,0x00000000d5800000,0x00000000d5800000)
  from space 1024K, 84% used [0x00000000d5900000,0x00000000d59d8000,0x00000000d5a00000)
  to   space 1024K, 0% used [0x00000000d5800000,0x00000000d5800000,0x00000000d5900000)
 ParOldGen       total 303616K, used 303356K [0x0000000080000000, 0x0000000092880000, 0x00000000d5580000)
  object space 303616K, 99% used [0x0000000080000000,0x000000009283f148,0x0000000092880000)
 Metaspace       used 62621K, committed 64128K, reserved 1114112K
  class space    used 6458K, committed 7104K, reserved 1048576K
}
Event: 28.307 GC heap after
{Heap after GC invocations=320 (full 3):
 PSYoungGen      total 3584K, used 857K [0x00000000d5580000, 0x00000000d5a80000, 0x0000000100000000)
  eden space 2560K, 0% used [0x00000000d5580000,0x00000000d5580000,0x00000000d5800000)
  from space 1024K, 83% used [0x00000000d5800000,0x00000000d58d6458,0x00000000d5900000)
  to   space 1024K, 0% used [0x00000000d5980000,0x00000000d5980000,0x00000000d5a80000)
 ParOldGen       total 304128K, used 304126K [0x0000000080000000, 0x0000000092900000, 0x00000000d5580000)
  object space 304128K, 99% used [0x0000000080000000,0x00000000928ffaf0,0x0000000092900000)
 Metaspace       used 62621K, committed 64128K, reserved 1114112K
  class space    used 6458K, committed 7104K, reserved 1048576K
}
Event: 28.316 GC heap before
{Heap before GC invocations=321 (full 3):
 PSYoungGen      total 3584K, used 3417K [0x00000000d5580000, 0x00000000d5a80000, 0x0000000100000000)
  eden space 2560K, 100% used [0x00000000d5580000,0x00000000d5800000,0x00000000d5800000)
  from space 1024K, 83% used [0x00000000d5800000,0x00000000d58d6458,0x00000000d5900000)
  to   space 1024K, 0% used [0x00000000d5980000,0x00000000d5980000,0x00000000d5a80000)
 ParOldGen       total 304128K, used 304126K [0x0000000080000000, 0x0000000092900000, 0x00000000d5580000)
  object space 304128K, 99% used [0x0000000080000000,0x00000000928ffaf0,0x0000000092900000)
 Metaspace       used 62621K, committed 64128K, reserved 1114112K
  class space    used 6458K, committed 7104K, reserved 1048576K
}
Event: 30.336 GC heap after
{Heap after GC invocations=321 (full 3):
 PSYoungGen      total 4096K, used 690K [0x00000000d5580000, 0x00000000d5a80000, 0x0000000100000000)
  eden space 3072K, 0% used [0x00000000d5580000,0x00000000d5580000,0x00000000d5880000)
  from space 1024K, 67% used [0x00000000d5980000,0x00000000d5a2c8a0,0x00000000d5a80000)
  to   space 1024K, 0% used [0x00000000d5880000,0x00000000d5880000,0x00000000d5980000)
 ParOldGen       total 305152K, used 304894K [0x0000000080000000, 0x0000000092a00000, 0x00000000d5580000)
  object space 305152K, 99% used [0x0000000080000000,0x00000000929bf9b8,0x0000000092a00000)
 Metaspace       used 62621K, committed 64128K, reserved 1114112K
  class space    used 6458K, committed 7104K, reserved 1048576K
}
Event: 30.357 GC heap before
{Heap before GC invocations=322 (full 3):
 PSYoungGen      total 4096K, used 3711K [0x00000000d5580000, 0x00000000d5a80000, 0x0000000100000000)
  eden space 3072K, 98% used [0x00000000d5580000,0x00000000d5873658,0x00000000d5880000)
  from space 1024K, 67% used [0x00000000d5980000,0x00000000d5a2c8a0,0x00000000d5a80000)
  to   space 1024K, 0% used [0x00000000d5880000,0x00000000d5880000,0x00000000d5980000)
 ParOldGen       total 305152K, used 304894K [0x0000000080000000, 0x0000000092a00000, 0x00000000d5580000)
  object space 305152K, 99% used [0x0000000080000000,0x00000000929bf9b8,0x0000000092a00000)
 Metaspace       used 62621K, committed 64128K, reserved 1114112K
  class space    used 6458K, committed 7104K, reserved 1048576K
}

