# JRE version: OpenJDK Runtime Environment Temurin-21.0.7+6 (21.0.7+6) (build 21.0.7+6-LTS)
# Java VM: OpenJDK 64-Bit Server VM Temurin-21.0.7+6 (21.0.7+6-LTS, mixed mode, sharing, tiered, compressed oops, compressed class ptrs, parallel gc, windows-amd64)
GC Precious Log:
 CardTable entry size: 512
 CPUs: 12 total, 12 available
 Memory: 6005M
 Large Page Support: Disabled
 NUMA Support: Disabled
 Compressed Oops: Enabled (32-bit)
 Alignments: Space 512K, Generation 512K, Heap 2M
 Heap Min Capacity: 100M
 Heap Initial Capacity: 100M
 Heap Max Capacity: 2G
 Pre-touch: Disabled
 Parallel Workers: 10
Heap:
 PSYoungGen      total 5632K, used 800K [0x00000000d5580000, 0x00000000d5c00000, 0x0000000100000000)
  eden space 4608K, 0% used [0x00000000d5580000,0x00000000d5580000,0x00000000d5a00000)
  from space 1024K, 78% used [0x00000000d5b00000,0x00000000d5bc8000,0x00000000d5c00000)
  to   space 1024K, 0% used [0x00000000d5a00000,0x00000000d5a00000,0x00000000d5b00000)
 ParOldGen       total 400896K, used 400486K [0x0000000080000000, 0x0000000098780000, 0x00000000d5580000)
  object space 400896K, 99% used [0x0000000080000000,0x0000000098719bd0,0x0000000098780000)
 Metaspace       used 69623K, committed 71232K, reserved 1114112K
  class space    used 7046K, committed 7808K, reserved 1048576K
GC Heap History (20 events):
Event: 40.807 GC heap after
{Heap after GC invocations=547 (full 4):
 PSYoungGen      total 4608K, used 608K [0x00000000d5580000, 0x00000000d5b00000, 0x0000000100000000)
  eden space 3584K, 0% used [0x00000000d5580000,0x00000000d5580000,0x00000000d5900000)
  from space 1024K, 59% used [0x00000000d5900000,0x00000000d5998000,0x00000000d5a00000)
  to   space 1024K, 0% used [0x00000000d5a00000,0x00000000d5a00000,0x00000000d5b00000)
 ParOldGen       total 394752K, used 394427K [0x0000000080000000, 0x0000000098180000, 0x00000000d5580000)
  object space 394752K, 99% used [0x0000000080000000,0x000000009812ef68,0x0000000098180000)
 Metaspace       used 69099K, committed 70656K, reserved 1114112K
  class space    used 7003K, committed 7744K, reserved 1048576K
}
Event: 40.888 GC heap before
{Heap before GC invocations=548 (full 4):
 PSYoungGen      total 4608K, used 4192K [0x00000000d5580000, 0x00000000d5b00000, 0x0000000100000000)
  eden space 3584K, 100% used [0x00000000d5580000,0x00000000d5900000,0x00000000d5900000)
  from space 1024K, 59% used [0x00000000d5900000,0x00000000d5998000,0x00000000d5a00000)
  to   space 1024K, 0% used [0x00000000d5a00000,0x00000000d5a00000,0x00000000d5b00000)
 ParOldGen       total 394752K, used 394427K [0x0000000080000000, 0x0000000098180000, 0x00000000d5580000)
  object space 394752K, 99% used [0x0000000080000000,0x000000009812ef68,0x0000000098180000)
 Metaspace       used 69219K, committed 70784K, reserved 1114112K
  class space    used 7007K, committed 7744K, reserved 1048576K
}
Event: 40.892 GC heap after
{Heap after GC invocations=548 (full 4):
 PSYoungGen      total 4608K, used 634K [0x00000000d5580000, 0x00000000d5b00000, 0x0000000100000000)
  eden space 3584K, 0% used [0x00000000d5580000,0x00000000d5580000,0x00000000d5900000)
  from space 1024K, 61% used [0x00000000d5a00000,0x00000000d5a9e8c8,0x00000000d5b00000)
  to   space 1024K, 0% used [0x00000000d5900000,0x00000000d5900000,0x00000000d5a00000)
 ParOldGen       total 395264K, used 394843K [0x0000000080000000, 0x0000000098200000, 0x00000000d5580000)
  object space 395264K, 99% used [0x0000000080000000,0x0000000098196f68,0x0000000098200000)
 Metaspace       used 69219K, committed 70784K, reserved 1114112K
  class space    used 7007K, committed 7744K, reserved 1048576K
}
Event: 40.939 GC heap before
{Heap before GC invocations=549 (full 4):
 PSYoungGen      total 4608K, used 4217K [0x00000000d5580000, 0x00000000d5b00000, 0x0000000100000000)
  eden space 3584K, 99% used [0x00000000d5580000,0x00000000d58ffd28,0x00000000d5900000)
  from space 1024K, 61% used [0x00000000d5a00000,0x00000000d5a9e8c8,0x00000000d5b00000)
  to   space 1024K, 0% used [0x00000000d5900000,0x00000000d5900000,0x00000000d5a00000)
 ParOldGen       total 395264K, used 394843K [0x0000000080000000, 0x0000000098200000, 0x00000000d5580000)
  object space 395264K, 99% used [0x0000000080000000,0x0000000098196f68,0x0000000098200000)
 Metaspace       used 69355K, committed 70912K, reserved 1114112K
  class space    used 7022K, committed 7744K, reserved 1048576K
}
Event: 40.944 GC heap after
{Heap after GC invocations=549 (full 4):
 PSYoungGen      total 4608K, used 728K [0x00000000d5580000, 0x00000000d5b00000, 0x0000000100000000)
  eden space 3584K, 0% used [0x00000000d5580000,0x00000000d5580000,0x00000000d5900000)
  from space 1024K, 71% used [0x00000000d5900000,0x00000000d59b6008,0x00000000d5a00000)
  to   space 1024K, 0% used [0x00000000d5a00000,0x00000000d5a00000,0x00000000d5b00000)
 ParOldGen       total 395776K, used 395306K [0x0000000080000000, 0x0000000098280000, 0x00000000d5580000)
  object space 395776K, 99% used [0x0000000080000000,0x000000009820a9d8,0x0000000098280000)
 Metaspace       used 69355K, committed 70912K, reserved 1114112K
  class space    used 7022K, committed 7744K, reserved 1048576K
}
Event: 40.991 GC heap before
{Heap before GC invocations=550 (full 4):
 PSYoungGen      total 4608K, used 4312K [0x00000000d5580000, 0x00000000d5b00000, 0x0000000100000000)
  eden space 3584K, 100% used [0x00000000d5580000,0x00000000d5900000,0x00000000d5900000)
  from space 1024K, 71% used [0x00000000d5900000,0x00000000d59b6008,0x00000000d5a00000)
  to   space 1024K, 0% used [0x00000000d5a00000,0x00000000d5a00000,0x00000000d5b00000)
 ParOldGen       total 395776K, used 395306K [0x0000000080000000, 0x0000000098280000, 0x00000000d5580000)
  object space 395776K, 99% used [0x0000000080000000,0x000000009820a9d8,0x0000000098280000)
 Metaspace       used 69479K, committed 71040K, reserved 1114112K
  class space    used 7034K, committed 7744K, reserved 1048576K
}
Event: 40.996 GC heap after
{Heap after GC invocations=550 (full 4):
 PSYoungGen      total 4608K, used 592K [0x00000000d5580000, 0x00000000d5b00000, 0x0000000100000000)
  eden space 3584K, 0% used [0x00000000d5580000,0x00000000d5580000,0x00000000d5900000)
  from space 1024K, 57% used [0x00000000d5a00000,0x00000000d5a94010,0x00000000d5b00000)
  to   space 1024K, 0% used [0x00000000d5900000,0x00000000d5900000,0x00000000d5a00000)
 ParOldGen       total 396288K, used 395882K [0x0000000080000000, 0x0000000098300000, 0x00000000d5580000)
  object space 396288K, 99% used [0x0000000080000000,0x000000009829aa00,0x0000000098300000)
 Metaspace       used 69479K, committed 71040K, reserved 1114112K
  class space    used 7034K, committed 7744K, reserved 1048576K
}
Event: 41.099 GC heap before
{Heap before GC invocations=551 (full 4):
 PSYoungGen      total 4608K, used 4176K [0x00000000d5580000, 0x00000000d5b00000, 0x0000000100000000)
  eden space 3584K, 100% used [0x00000000d5580000,0x00000000d5900000,0x00000000d5900000)
  from space 1024K, 57% used [0x00000000d5a00000,0x00000000d5a94010,0x00000000d5b00000)
  to   space 1024K, 0% used [0x00000000d5900000,0x00000000d5900000,0x00000000d5a00000)
 ParOldGen       total 396288K, used 395882K [0x0000000080000000, 0x0000000098300000, 0x00000000d5580000)
  object space 396288K, 99% used [0x0000000080000000,0x000000009829aa00,0x0000000098300000)
 Metaspace       used 69495K, committed 71040K, reserved 1114112K
  class space    used 7035K, committed 7744K, reserved 1048576K
}
Event: 41.102 GC heap after
{Heap after GC invocations=551 (full 4):
 PSYoungGen      total 4608K, used 544K [0x00000000d5580000, 0x00000000d5b00000, 0x0000000100000000)
  eden space 3584K, 0% used [0x00000000d5580000,0x00000000d5580000,0x00000000d5900000)
  from space 1024K, 53% used [0x00000000d5900000,0x00000000d5988000,0x00000000d5a00000)
  to   space 1024K, 0% used [0x00000000d5a00000,0x00000000d5a00000,0x00000000d5b00000)
 ParOldGen       total 396288K, used 396258K [0x0000000080000000, 0x0000000098300000, 0x00000000d5580000)
  object space 396288K, 99% used [0x0000000080000000,0x00000000982f8a10,0x0000000098300000)
 Metaspace       used 69495K, committed 71040K, reserved 1114112K
  class space    used 7035K, committed 7744K, reserved 1048576K
}
Event: 41.250 GC heap before
{Heap before GC invocations=552 (full 4):
 PSYoungGen      total 4608K, used 4128K [0x00000000d5580000, 0x00000000d5b00000, 0x0000000100000000)
  eden space 3584K, 100% used [0x00000000d5580000,0x00000000d5900000,0x00000000d5900000)
  from space 1024K, 53% used [0x00000000d5900000,0x00000000d5988000,0x00000000d5a00000)
  to   space 1024K, 0% used [0x00000000d5a00000,0x00000000d5a00000,0x00000000d5b00000)
 ParOldGen       total 396288K, used 396258K [0x0000000080000000, 0x0000000098300000, 0x00000000d5580000)
  object space 396288K, 99% used [0x0000000080000000,0x00000000982f8a10,0x0000000098300000)
 Metaspace       used 69505K, committed 71040K, reserved 1114112K
  class space    used 7036K, committed 7744K, reserved 1048576K
}
Event: 41.253 GC heap after
{Heap after GC invocations=552 (full 4):
 PSYoungGen      total 4608K, used 608K [0x00000000d5580000, 0x00000000d5b00000, 0x0000000100000000)
  eden space 3584K, 0% used [0x00000000d5580000,0x00000000d5580000,0x00000000d5900000)
  from space 1024K, 59% used [0x00000000d5a00000,0x00000000d5a98000,0x00000000d5b00000)
  to   space 1024K, 0% used [0x00000000d5900000,0x00000000d5900000,0x00000000d5a00000)
 ParOldGen       total 396800K, used 396634K [0x0000000080000000, 0x0000000098380000, 0x00000000d5580000)
  object space 396800K, 99% used [0x0000000080000000,0x0000000098356a10,0x0000000098380000)
 Metaspace       used 69505K, committed 71040K, reserved 1114112K
  class space    used 7036K, committed 7744K, reserved 1048576K
}
Event: 41.325 GC heap before
{Heap before GC invocations=553 (full 4):
 PSYoungGen      total 4608K, used 4192K [0x00000000d5580000, 0x00000000d5b00000, 0x0000000100000000)
  eden space 3584K, 100% used [0x00000000d5580000,0x00000000d5900000,0x00000000d5900000)
  from space 1024K, 59% used [0x00000000d5a00000,0x00000000d5a98000,0x00000000d5b00000)
  to   space 1024K, 0% used [0x00000000d5900000,0x00000000d5900000,0x00000000d5a00000)
 ParOldGen       total 396800K, used 396634K [0x0000000080000000, 0x0000000098380000, 0x00000000d5580000)
  object space 396800K, 99% used [0x0000000080000000,0x0000000098356a10,0x0000000098380000)
 Metaspace       used 69517K, committed 71040K, reserved 1114112K
  class space    used 7036K, committed 7744K, reserved 1048576K
}
Event: 41.329 GC heap after
{Heap after GC invocations=553 (full 4):
 PSYoungGen      total 4608K, used 544K [0x00000000d5580000, 0x00000000d5b00000, 0x0000000100000000)
  eden space 3584K, 0% used [0x00000000d5580000,0x00000000d5580000,0x00000000d5900000)
  from space 1024K, 53% used [0x00000000d5900000,0x00000000d5988000,0x00000000d5a00000)
  to   space 1024K, 0% used [0x00000000d5a00000,0x00000000d5a00000,0x00000000d5b00000)
 ParOldGen       total 397312K, used 397018K [0x0000000080000000, 0x0000000098400000, 0x00000000d5580000)
  object space 397312K, 99% used [0x0000000080000000,0x00000000983b6a10,0x0000000098400000)
 Metaspace       used 69517K, committed 71040K, reserved 1114112K
  class space    used 7036K, committed 7744K, reserved 1048576K
}
Event: 41.424 GC heap before
{Heap before GC invocations=554 (full 4):
 PSYoungGen      total 4608K, used 4127K [0x00000000d5580000, 0x00000000d5b00000, 0x0000000100000000)
  eden space 3584K, 99% used [0x00000000d5580000,0x00000000d58ffff8,0x00000000d5900000)
  from space 1024K, 53% used [0x00000000d5900000,0x00000000d5988000,0x00000000d5a00000)
  to   space 1024K, 0% used [0x00000000d5a00000,0x00000000d5a00000,0x00000000d5b00000)
 ParOldGen       total 397312K, used 397018K [0x0000000080000000, 0x0000000098400000, 0x00000000d5580000)
  object space 397312K, 99% used [0x0000000080000000,0x00000000983b6a10,0x0000000098400000)
 Metaspace       used 69523K, committed 71040K, reserved 1114112K
  class space    used 7036K, committed 7744K, reserved 1048576K
}
Event: 41.426 GC heap after
{Heap after GC invocations=554 (full 4):
 PSYoungGen      total 4608K, used 608K [0x00000000d5580000, 0x00000000d5b00000, 0x0000000100000000)
  eden space 3584K, 0% used [0x00000000d5580000,0x00000000d5580000,0x00000000d5900000)
  from space 1024K, 59% used [0x00000000d5a00000,0x00000000d5a98000,0x00000000d5b00000)
  to   space 1024K, 0% used [0x00000000d5900000,0x00000000d5900000,0x00000000d5a00000)
 ParOldGen       total 397824K, used 397402K [0x0000000080000000, 0x0000000098480000, 0x00000000d5580000)
  object space 397824K, 99% used [0x0000000080000000,0x0000000098416a10,0x0000000098480000)
 Metaspace       used 69523K, committed 71040K, reserved 1114112K
  class space    used 7036K, committed 7744K, reserved 1048576K
}
Event: 41.579 GC heap before
{Heap before GC invocations=555 (full 4):
 PSYoungGen      total 4608K, used 4192K [0x00000000d5580000, 0x00000000d5b00000, 0x0000000100000000)
  eden space 3584K, 100% used [0x00000000d5580000,0x00000000d5900000,0x00000000d5900000)
  from space 1024K, 59% used [0x00000000d5a00000,0x00000000d5a98000,0x00000000d5b00000)
  to   space 1024K, 0% used [0x00000000d5900000,0x00000000d5900000,0x00000000d5a00000)
 ParOldGen       total 397824K, used 397402K [0x0000000080000000, 0x0000000098480000, 0x00000000d5580000)
  object space 397824K, 99% used [0x0000000080000000,0x0000000098416a10,0x0000000098480000)
 Metaspace       used 69537K, committed 71168K, reserved 1114112K
  class space    used 7036K, committed 7808K, reserved 1048576K
}
Event: 41.584 GC heap after
{Heap after GC invocations=555 (full 4):
 PSYoungGen      total 4608K, used 1020K [0x00000000d5580000, 0x00000000d5e00000, 0x0000000100000000)
  eden space 3584K, 0% used [0x00000000d5580000,0x00000000d5580000,0x00000000d5900000)
  from space 1024K, 99% used [0x00000000d5900000,0x00000000d59ff000,0x00000000d5a00000)
  to   space 2560K, 0% used [0x00000000d5b80000,0x00000000d5b80000,0x00000000d5e00000)
 ParOldGen       total 398336K, used 398246K [0x0000000080000000, 0x0000000098500000, 0x00000000d5580000)
  object space 398336K, 99% used [0x0000000080000000,0x00000000984e9b28,0x0000000098500000)
 Metaspace       used 69537K, committed 71168K, reserved 1114112K
  class space    used 7036K, committed 7808K, reserved 1048576K
}
Event: 43.039 GC heap before
{Heap before GC invocations=556 (full 4):
 PSYoungGen      total 4608K, used 4604K [0x00000000d5580000, 0x00000000d5e00000, 0x0000000100000000)
  eden space 3584K, 100% used [0x00000000d5580000,0x00000000d5900000,0x00000000d5900000)
  from space 1024K, 99% used [0x00000000d5900000,0x00000000d59ff000,0x00000000d5a00000)
  to   space 2560K, 0% used [0x00000000d5b80000,0x00000000d5b80000,0x00000000d5e00000)
 ParOldGen       total 398336K, used 398246K [0x0000000080000000, 0x0000000098500000, 0x00000000d5580000)
  object space 398336K, 99% used [0x0000000080000000,0x00000000984e9b28,0x0000000098500000)
 Metaspace       used 69565K, committed 71168K, reserved 1114112K
  class space    used 7039K, committed 7808K, reserved 1048576K
}
Event: 44.043 GC heap after
{Heap after GC invocations=556 (full 4):
 PSYoungGen      total 5120K, used 1293K [0x00000000d5580000, 0x00000000d5d00000, 0x0000000100000000)
  eden space 3584K, 0% used [0x00000000d5580000,0x00000000d5580000,0x00000000d5900000)
  from space 1536K, 84% used [0x00000000d5b80000,0x00000000d5cc3550,0x00000000d5d00000)
  to   space 1536K, 0% used [0x00000000d5a00000,0x00000000d5a00000,0x00000000d5b80000)
 ParOldGen       total 398848K, used 398816K [0x0000000080000000, 0x0000000098580000, 0x00000000d5580000)
  object space 398848K, 99% used [0x0000000080000000,0x00000000985781d0,0x0000000098580000)
 Metaspace       used 69565K, committed 71168K, reserved 1114112K
  class space    used 7039K, committed 7808K, reserved 1048576K
}
Event: 44.118 GC heap before
{Heap before GC invocations=557 (full 4):
 PSYoungGen      total 5120K, used 4877K [0x00000000d5580000, 0x00000000d5d00000, 0x0000000100000000)
  eden space 3584K, 100% used [0x00000000d5580000,0x00000000d5900000,0x00000000d5900000)
  from space 1536K, 84% used [0x00000000d5b80000,0x00000000d5cc3550,0x00000000d5d00000)
  to   space 1536K, 0% used [0x00000000d5a00000,0x00000000d5a00000,0x00000000d5b80000)
 ParOldGen       total 398848K, used 398816K [0x0000000080000000, 0x0000000098580000, 0x00000000d5580000)
  object space 398848K, 99% used [0x0000000080000000,0x00000000985781d0,0x0000000098580000)
 Metaspace       used 69584K, committed 71168K, reserved 1114112K
  class space    used 7042K, committed 7808K, reserved 1048576K
}

