# JRE version: OpenJDK Runtime Environment Temurin-21.0.7+6 (21.0.7+6) (build 21.0.7+6-LTS)
# Java VM: OpenJDK 64-Bit Server VM Temurin-21.0.7+6 (21.0.7+6-LTS, mixed mode, sharing, tiered, compressed oops, compressed class ptrs, parallel gc, windows-amd64)
GC Precious Log:
 CardTable entry size: 512
 CPUs: 12 total, 12 available
 Memory: 6005M
 Large Page Support: Disabled
 NUMA Support: Disabled
 Compressed Oops: Enabled (32-bit)
 Alignments: Space 512K, Generation 512K, Heap 2M
 Heap Min Capacity: 100M
 Heap Initial Capacity: 100M
 Heap Max Capacity: 2G
 Pre-touch: Disabled
 Parallel Workers: 10
Heap:
 PSYoungGen      total 16896K, used 14408K [0x00000000d5580000, 0x00000000d6700000, 0x0000000100000000)
  eden space 15872K, 85% used [0x00000000d5580000,0x00000000d62ae330,0x00000000d6500000)
  from space 1024K, 89% used [0x00000000d6500000,0x00000000d65e4050,0x00000000d6600000)
  to   space 1024K, 0% used [0x00000000d6600000,0x00000000d6600000,0x00000000d6700000)
 ParOldGen       total 216064K, used 205544K [0x0000000080000000, 0x000000008d300000, 0x00000000d5580000)
  object space 216064K, 95% used [0x0000000080000000,0x000000008c8ba290,0x000000008d300000)
 Metaspace       used 71303K, committed 73216K, reserved 1179648K
  class space    used 7024K, committed 7936K, reserved 1048576K
GC Heap History (20 events):
Event: 2194.292 GC heap before
{Heap before GC invocations=1607 (full 4):
 PSYoungGen      total 17408K, used 17088K [0x00000000d5580000, 0x00000000d6800000, 0x0000000100000000)
  eden space 15872K, 100% used [0x00000000d5580000,0x00000000d6500000,0x00000000d6500000)
  from space 1536K, 79% used [0x00000000d6680000,0x00000000d67b00c0,0x00000000d6800000)
  to   space 1536K, 0% used [0x00000000d6500000,0x00000000d6500000,0x00000000d6680000)
 ParOldGen       total 446464K, used 444423K [0x0000000080000000, 0x000000009b400000, 0x00000000d5580000)
  object space 446464K, 99% used [0x0000000080000000,0x000000009b201c10,0x000000009b400000)
 Metaspace       used 71221K, committed 72960K, reserved 1179648K
  class space    used 7092K, committed 7936K, reserved 1048576K
}
Event: 2194.308 GC heap after
{Heap after GC invocations=1607 (full 4):
 PSYoungGen      total 17408K, used 944K [0x00000000d5580000, 0x00000000d6800000, 0x0000000100000000)
  eden space 15872K, 0% used [0x00000000d5580000,0x00000000d5580000,0x00000000d6500000)
  from space 1536K, 61% used [0x00000000d6500000,0x00000000d65ec0b0,0x00000000d6680000)
  to   space 1536K, 0% used [0x00000000d6680000,0x00000000d6680000,0x00000000d6800000)
 ParOldGen       total 446464K, used 444575K [0x0000000080000000, 0x000000009b400000, 0x00000000d5580000)
  object space 446464K, 99% used [0x0000000080000000,0x000000009b227c10,0x000000009b400000)
 Metaspace       used 71221K, committed 72960K, reserved 1179648K
  class space    used 7092K, committed 7936K, reserved 1048576K
}
Event: 2203.221 GC heap before
{Heap before GC invocations=1608 (full 4):
 PSYoungGen      total 17408K, used 16813K [0x00000000d5580000, 0x00000000d6800000, 0x0000000100000000)
  eden space 15872K, 99% used [0x00000000d5580000,0x00000000d64ff358,0x00000000d6500000)
  from space 1536K, 61% used [0x00000000d6500000,0x00000000d65ec0b0,0x00000000d6680000)
  to   space 1536K, 0% used [0x00000000d6680000,0x00000000d6680000,0x00000000d6800000)
 ParOldGen       total 470016K, used 467615K [0x0000000080000000, 0x000000009cb00000, 0x00000000d5580000)
  object space 470016K, 99% used [0x0000000080000000,0x000000009c8a7c30,0x000000009cb00000)
 Metaspace       used 71271K, committed 73024K, reserved 1179648K
  class space    used 7092K, committed 7936K, reserved 1048576K
}
Event: 2203.364 GC heap after
{Heap after GC invocations=1608 (full 4):
 PSYoungGen      total 17408K, used 1072K [0x00000000d5580000, 0x00000000d6800000, 0x0000000100000000)
  eden space 15872K, 0% used [0x00000000d5580000,0x00000000d5580000,0x00000000d6500000)
  from space 1536K, 69% used [0x00000000d6680000,0x00000000d678c0b0,0x00000000d6800000)
  to   space 1536K, 0% used [0x00000000d6500000,0x00000000d6500000,0x00000000d6680000)
 ParOldGen       total 470016K, used 467711K [0x0000000080000000, 0x000000009cb00000, 0x00000000d5580000)
  object space 470016K, 99% used [0x0000000080000000,0x000000009c8bfc30,0x000000009cb00000)
 Metaspace       used 71271K, committed 73024K, reserved 1179648K
  class space    used 7092K, committed 7936K, reserved 1048576K
}
Event: 2208.227 GC heap before
{Heap before GC invocations=1609 (full 4):
 PSYoungGen      total 17408K, used 11072K [0x00000000d5580000, 0x00000000d6800000, 0x0000000100000000)
  eden space 15872K, 63% used [0x00000000d5580000,0x00000000d5f44068,0x00000000d6500000)
  from space 1536K, 69% used [0x00000000d6680000,0x00000000d678c0b0,0x00000000d6800000)
  to   space 1536K, 0% used [0x00000000d6500000,0x00000000d6500000,0x00000000d6680000)
 ParOldGen       total 470016K, used 467711K [0x0000000080000000, 0x000000009cb00000, 0x00000000d5580000)
  object space 470016K, 99% used [0x0000000080000000,0x000000009c8bfc30,0x000000009cb00000)
 Metaspace       used 71291K, committed 73024K, reserved 1179648K
  class space    used 7092K, committed 7936K, reserved 1048576K
}
Event: 2212.260 GC heap after
{Heap after GC invocations=1609 (full 4):
 PSYoungGen      total 17408K, used 11072K [0x00000000d5580000, 0x00000000d6800000, 0x0000000100000000)
  eden space 15872K, 63% used [0x00000000d5580000,0x00000000d5f44068,0x00000000d6500000)
  from space 1536K, 69% used [0x00000000d6680000,0x00000000d678c0b0,0x00000000d6800000)
  to   space 1536K, 64% used [0x00000000d6500000,0x00000000d65f80c0,0x00000000d6680000)
 ParOldGen       total 470016K, used 467807K [0x0000000080000000, 0x000000009cb00000, 0x00000000d5580000)
  object space 470016K, 99% used [0x0000000080000000,0x000000009c8d7c30,0x000000009cb00000)
 Metaspace       used 71291K, committed 73024K, reserved 1179648K
  class space    used 7092K, committed 7936K, reserved 1048576K
}
Event: 2212.261 GC heap before
{Heap before GC invocations=1610 (full 5):
 PSYoungGen      total 17408K, used 11072K [0x00000000d5580000, 0x00000000d6800000, 0x0000000100000000)
  eden space 15872K, 63% used [0x00000000d5580000,0x00000000d5f44068,0x00000000d6500000)
  from space 1536K, 69% used [0x00000000d6680000,0x00000000d678c0b0,0x00000000d6800000)
  to   space 1536K, 64% used [0x00000000d6500000,0x00000000d65f80c0,0x00000000d6680000)
 ParOldGen       total 470016K, used 467807K [0x0000000080000000, 0x000000009cb00000, 0x00000000d5580000)
  object space 470016K, 99% used [0x0000000080000000,0x000000009c8d7c30,0x000000009cb00000)
 Metaspace       used 71291K, committed 73024K, reserved 1179648K
  class space    used 7092K, committed 7936K, reserved 1048576K
}
Event: 2226.965 GC heap after
{Heap after GC invocations=1610 (full 5):
 PSYoungGen      total 17408K, used 0K [0x00000000d5580000, 0x00000000d6800000, 0x0000000100000000)
  eden space 15872K, 0% used [0x00000000d5580000,0x00000000d5580000,0x00000000d6500000)
  from space 1536K, 0% used [0x00000000d6500000,0x00000000d6500000,0x00000000d6680000)
  to   space 1536K, 0% used [0x00000000d6680000,0x00000000d6680000,0x00000000d6800000)
 ParOldGen       total 145408K, used 113368K [0x0000000080000000, 0x0000000088e00000, 0x00000000d5580000)
  object space 145408K, 77% used [0x0000000080000000,0x0000000086eb6210,0x0000000088e00000)
 Metaspace       used 70855K, committed 73024K, reserved 1179648K
  class space    used 6977K, committed 7936K, reserved 1048576K
}
Event: 2228.433 GC heap before
{Heap before GC invocations=1611 (full 5):
 PSYoungGen      total 17408K, used 15871K [0x00000000d5580000, 0x00000000d6800000, 0x0000000100000000)
  eden space 15872K, 99% used [0x00000000d5580000,0x00000000d64fff18,0x00000000d6500000)
  from space 1536K, 0% used [0x00000000d6500000,0x00000000d6500000,0x00000000d6680000)
  to   space 1536K, 0% used [0x00000000d6680000,0x00000000d6680000,0x00000000d6800000)
 ParOldGen       total 145408K, used 124888K [0x0000000080000000, 0x0000000088e00000, 0x00000000d5580000)
  object space 145408K, 85% used [0x0000000080000000,0x00000000879f6220,0x0000000088e00000)
 Metaspace       used 70864K, committed 73024K, reserved 1179648K
  class space    used 6977K, committed 7936K, reserved 1048576K
}
Event: 2228.599 GC heap after
{Heap after GC invocations=1611 (full 5):
 PSYoungGen      total 16384K, used 288K [0x00000000d5580000, 0x00000000d6700000, 0x0000000100000000)
  eden space 15872K, 0% used [0x00000000d5580000,0x00000000d5580000,0x00000000d6500000)
  from space 512K, 56% used [0x00000000d6680000,0x00000000d66c8000,0x00000000d6700000)
  to   space 1024K, 0% used [0x00000000d6500000,0x00000000d6500000,0x00000000d6600000)
 ParOldGen       total 145408K, used 136416K [0x0000000080000000, 0x0000000088e00000, 0x00000000d5580000)
  object space 145408K, 93% used [0x0000000080000000,0x0000000088538230,0x0000000088e00000)
 Metaspace       used 70864K, committed 73024K, reserved 1179648K
  class space    used 6977K, committed 7936K, reserved 1048576K
}
Event: 2293.033 GC heap before
{Heap before GC invocations=1612 (full 5):
 PSYoungGen      total 16384K, used 13824K [0x00000000d5580000, 0x00000000d6700000, 0x0000000100000000)
  eden space 15872K, 85% used [0x00000000d5580000,0x00000000d62b82c8,0x00000000d6500000)
  from space 512K, 56% used [0x00000000d6680000,0x00000000d66c8000,0x00000000d6700000)
  to   space 1024K, 0% used [0x00000000d6500000,0x00000000d6500000,0x00000000d6600000)
 ParOldGen       total 145408K, used 136416K [0x0000000080000000, 0x0000000088e00000, 0x00000000d5580000)
  object space 145408K, 93% used [0x0000000080000000,0x0000000088538230,0x0000000088e00000)
 Metaspace       used 70898K, committed 73088K, reserved 1179648K
  class space    used 6977K, committed 7936K, reserved 1048576K
}
Event: 2293.142 GC heap after
{Heap after GC invocations=1612 (full 5):
 PSYoungGen      total 16896K, used 480K [0x00000000d5580000, 0x00000000d6700000, 0x0000000100000000)
  eden space 15872K, 0% used [0x00000000d5580000,0x00000000d5580000,0x00000000d6500000)
  from space 1024K, 46% used [0x00000000d6500000,0x00000000d6578000,0x00000000d6600000)
  to   space 1024K, 0% used [0x00000000d6600000,0x00000000d6600000,0x00000000d6700000)
 ParOldGen       total 145408K, used 136416K [0x0000000080000000, 0x0000000088e00000, 0x00000000d5580000)
  object space 145408K, 93% used [0x0000000080000000,0x0000000088538230,0x0000000088e00000)
 Metaspace       used 70898K, committed 73088K, reserved 1179648K
  class space    used 6977K, committed 7936K, reserved 1048576K
}
Event: 2297.083 GC heap before
{Heap before GC invocations=1613 (full 5):
 PSYoungGen      total 16896K, used 16351K [0x00000000d5580000, 0x00000000d6700000, 0x0000000100000000)
  eden space 15872K, 99% used [0x00000000d5580000,0x00000000d64fffa8,0x00000000d6500000)
  from space 1024K, 46% used [0x00000000d6500000,0x00000000d6578000,0x00000000d6600000)
  to   space 1024K, 0% used [0x00000000d6600000,0x00000000d6600000,0x00000000d6700000)
 ParOldGen       total 168960K, used 159456K [0x0000000080000000, 0x000000008a500000, 0x00000000d5580000)
  object space 168960K, 94% used [0x0000000080000000,0x0000000089bb8250,0x000000008a500000)
 Metaspace       used 70903K, committed 73088K, reserved 1179648K
  class space    used 6977K, committed 7936K, reserved 1048576K
}
Event: 2297.104 GC heap after
{Heap after GC invocations=1613 (full 5):
 PSYoungGen      total 16896K, used 688K [0x00000000d5580000, 0x00000000d6700000, 0x0000000100000000)
  eden space 15872K, 0% used [0x00000000d5580000,0x00000000d5580000,0x00000000d6500000)
  from space 1024K, 67% used [0x00000000d6600000,0x00000000d66ac010,0x00000000d6700000)
  to   space 1024K, 0% used [0x00000000d6500000,0x00000000d6500000,0x00000000d6600000)
 ParOldGen       total 168960K, used 159456K [0x0000000080000000, 0x000000008a500000, 0x00000000d5580000)
  object space 168960K, 94% used [0x0000000080000000,0x0000000089bb8250,0x000000008a500000)
 Metaspace       used 70903K, committed 73088K, reserved 1179648K
  class space    used 6977K, committed 7936K, reserved 1048576K
}
Event: 2302.307 GC heap before
{Heap before GC invocations=1614 (full 5):
 PSYoungGen      total 16896K, used 16551K [0x00000000d5580000, 0x00000000d6700000, 0x0000000100000000)
  eden space 15872K, 99% used [0x00000000d5580000,0x00000000d64fdc68,0x00000000d6500000)
  from space 1024K, 67% used [0x00000000d6600000,0x00000000d66ac010,0x00000000d6700000)
  to   space 1024K, 0% used [0x00000000d6500000,0x00000000d6500000,0x00000000d6600000)
 ParOldGen       total 192512K, used 182496K [0x0000000080000000, 0x000000008bc00000, 0x00000000d5580000)
  object space 192512K, 94% used [0x0000000080000000,0x000000008b238270,0x000000008bc00000)
 Metaspace       used 70913K, committed 73088K, reserved 1179648K
  class space    used 6977K, committed 7936K, reserved 1048576K
}
Event: 2302.363 GC heap after
{Heap after GC invocations=1614 (full 5):
 PSYoungGen      total 16896K, used 608K [0x00000000d5580000, 0x00000000d6700000, 0x0000000100000000)
  eden space 15872K, 0% used [0x00000000d5580000,0x00000000d5580000,0x00000000d6500000)
  from space 1024K, 59% used [0x00000000d6500000,0x00000000d6598000,0x00000000d6600000)
  to   space 1024K, 0% used [0x00000000d6600000,0x00000000d6600000,0x00000000d6700000)
 ParOldGen       total 192512K, used 182504K [0x0000000080000000, 0x000000008bc00000, 0x00000000d5580000)
  object space 192512K, 94% used [0x0000000080000000,0x000000008b23a270,0x000000008bc00000)
 Metaspace       used 70913K, committed 73088K, reserved 1179648K
  class space    used 6977K, committed 7936K, reserved 1048576K
}
Event: 2306.762 GC heap before
{Heap before GC invocations=1615 (full 5):
 PSYoungGen      total 16896K, used 16480K [0x00000000d5580000, 0x00000000d6700000, 0x0000000100000000)
  eden space 15872K, 100% used [0x00000000d5580000,0x00000000d6500000,0x00000000d6500000)
  from space 1024K, 59% used [0x00000000d6500000,0x00000000d6598000,0x00000000d6600000)
  to   space 1024K, 0% used [0x00000000d6600000,0x00000000d6600000,0x00000000d6700000)
 ParOldGen       total 216064K, used 205544K [0x0000000080000000, 0x000000008d300000, 0x00000000d5580000)
  object space 216064K, 95% used [0x0000000080000000,0x000000008c8ba290,0x000000008d300000)
 Metaspace       used 71005K, committed 73088K, reserved 1179648K
  class space    used 6995K, committed 7936K, reserved 1048576K
}
Event: 2306.796 GC heap after
{Heap after GC invocations=1615 (full 5):
 PSYoungGen      total 16896K, used 608K [0x00000000d5580000, 0x00000000d6700000, 0x0000000100000000)
  eden space 15872K, 0% used [0x00000000d5580000,0x00000000d5580000,0x00000000d6500000)
  from space 1024K, 59% used [0x00000000d6600000,0x00000000d6698020,0x00000000d6700000)
  to   space 1024K, 0% used [0x00000000d6500000,0x00000000d6500000,0x00000000d6600000)
 ParOldGen       total 216064K, used 205544K [0x0000000080000000, 0x000000008d300000, 0x00000000d5580000)
  object space 216064K, 95% used [0x0000000080000000,0x000000008c8ba290,0x000000008d300000)
 Metaspace       used 71005K, committed 73088K, reserved 1179648K
  class space    used 6995K, committed 7936K, reserved 1048576K
}
Event: 2309.593 GC heap before
{Heap before GC invocations=1616 (full 5):
 PSYoungGen      total 16896K, used 16363K [0x00000000d5580000, 0x00000000d6700000, 0x0000000100000000)
  eden space 15872K, 99% used [0x00000000d5580000,0x00000000d64e2ec0,0x00000000d6500000)
  from space 1024K, 59% used [0x00000000d6600000,0x00000000d6698020,0x00000000d6700000)
  to   space 1024K, 0% used [0x00000000d6500000,0x00000000d6500000,0x00000000d6600000)
 ParOldGen       total 216064K, used 205544K [0x0000000080000000, 0x000000008d300000, 0x00000000d5580000)
  object space 216064K, 95% used [0x0000000080000000,0x000000008c8ba290,0x000000008d300000)
 Metaspace       used 71049K, committed 73088K, reserved 1179648K
  class space    used 7003K, committed 7936K, reserved 1048576K
}
Event: 2309.601 GC heap after
{Heap after GC invocations=1616 (full 5):
 PSYoungGen      total 16896K, used 912K [0x00000000d5580000, 0x00000000d6700000, 0x0000000100000000)
  eden space 15872K, 0% used [0x00000000d5580000,0x00000000d5580000,0x00000000d6500000)
  from space 1024K, 89% used [0x00000000d6500000,0x00000000d65e4050,0x00000000d6600000)
  to   space 1024K, 0% used [0x00000000d6600000,0x00000000d6600000,0x00000000d6700000)
 ParOldGen       total 216064K, used 205544K [0x0000000080000000, 0x000000008d300000, 0x00000000d5580000)
  object space 216064K, 95% used [0x0000000080000000,0x000000008c8ba290,0x000000008d300000)
 Metaspace       used 71049K, committed 73088K, reserved 1179648K
  class space    used 7003K, committed 7936K, reserved 1048576K
}

