# JRE version: OpenJDK Runtime Environment Temurin-21.0.7+6 (21.0.7+6) (build 21.0.7+6-LTS)
# Java VM: OpenJDK 64-Bit Server VM Temurin-21.0.7+6 (21.0.7+6-LTS, mixed mode, sharing, tiered, compressed oops, compressed class ptrs, parallel gc, windows-amd64)
GC Precious Log:
 CardTable entry size: 512
 CPUs: 12 total, 12 available
 Memory: 6005M
 Large Page Support: Disabled
 NUMA Support: Disabled
 Compressed Oops: Enabled (32-bit)
 Alignments: Space 512K, Generation 512K, Heap 2M
 Heap Min Capacity: 100M
 Heap Initial Capacity: 100M
 Heap Max Capacity: 2G
 Pre-touch: Disabled
 Parallel Workers: 10
Heap:
 PSYoungGen      total 11264K, used 11034K [0x00000000d5580000, 0x00000000d6880000, 0x0000000100000000)
  eden space 9728K, 97% used [0x00000000d5580000,0x00000000d5ec9620,0x00000000d5f00000)
  from space 1536K, 99% used [0x00000000d6200000,0x00000000d637d540,0x00000000d6380000)
  to   space 3072K, 0% used [0x00000000d5f00000,0x00000000d5f00000,0x00000000d6200000)
 ParOldGen       total 875520K, used 875333K [0x0000000080000000, 0x00000000b5700000, 0x00000000d5580000)
  object space 875520K, 99% used [0x0000000080000000,0x00000000b56d1630,0x00000000b5700000)
 Metaspace       used 72635K, committed 74240K, reserved 1179648K
  class space    used 7333K, committed 8128K, reserved 1048576K
GC Heap History (20 events):
Event: 104.619 GC heap after
{Heap after GC invocations=1287 (full 3):
 PSYoungGen      total 12288K, used 1291K [0x00000000d5580000, 0x00000000d6300000, 0x0000000100000000)
  eden space 10752K, 0% used [0x00000000d5580000,0x00000000d5580000,0x00000000d6000000)
  from space 1536K, 84% used [0x00000000d6180000,0x00000000d62c2fc0,0x00000000d6300000)
  to   space 1536K, 0% used [0x00000000d6000000,0x00000000d6000000,0x00000000d6180000)
 ParOldGen       total 863744K, used 863539K [0x0000000080000000, 0x00000000b4b80000, 0x00000000d5580000)
  object space 863744K, 99% used [0x0000000080000000,0x00000000b4b4cc68,0x00000000b4b80000)
 Metaspace       used 72056K, committed 73536K, reserved 1179648K
  class space    used 7261K, committed 7936K, reserved 1048576K
}
Event: 104.654 GC heap before
{Heap before GC invocations=1288 (full 3):
 PSYoungGen      total 12288K, used 12043K [0x00000000d5580000, 0x00000000d6300000, 0x0000000100000000)
  eden space 10752K, 100% used [0x00000000d5580000,0x00000000d6000000,0x00000000d6000000)
  from space 1536K, 84% used [0x00000000d6180000,0x00000000d62c2fc0,0x00000000d6300000)
  to   space 1536K, 0% used [0x00000000d6000000,0x00000000d6000000,0x00000000d6180000)
 ParOldGen       total 863744K, used 863539K [0x0000000080000000, 0x00000000b4b80000, 0x00000000d5580000)
  object space 863744K, 99% used [0x0000000080000000,0x00000000b4b4cc68,0x00000000b4b80000)
 Metaspace       used 72184K, committed 73728K, reserved 1179648K
  class space    used 7283K, committed 8000K, reserved 1048576K
}
Event: 104.659 GC heap after
{Heap after GC invocations=1288 (full 3):
 PSYoungGen      total 12288K, used 1248K [0x00000000d5580000, 0x00000000d6300000, 0x0000000100000000)
  eden space 10752K, 0% used [0x00000000d5580000,0x00000000d5580000,0x00000000d6000000)
  from space 1536K, 81% used [0x00000000d6000000,0x00000000d6138000,0x00000000d6180000)
  to   space 1536K, 0% used [0x00000000d6180000,0x00000000d6180000,0x00000000d6300000)
 ParOldGen       total 864768K, used 864387K [0x0000000080000000, 0x00000000b4c80000, 0x00000000d5580000)
  object space 864768K, 99% used [0x0000000080000000,0x00000000b4c20c68,0x00000000b4c80000)
 Metaspace       used 72184K, committed 73728K, reserved 1179648K
  class space    used 7283K, committed 8000K, reserved 1048576K
}
Event: 104.697 GC heap before
{Heap before GC invocations=1289 (full 3):
 PSYoungGen      total 12288K, used 12000K [0x00000000d5580000, 0x00000000d6300000, 0x0000000100000000)
  eden space 10752K, 100% used [0x00000000d5580000,0x00000000d6000000,0x00000000d6000000)
  from space 1536K, 81% used [0x00000000d6000000,0x00000000d6138000,0x00000000d6180000)
  to   space 1536K, 0% used [0x00000000d6180000,0x00000000d6180000,0x00000000d6300000)
 ParOldGen       total 864768K, used 864387K [0x0000000080000000, 0x00000000b4c80000, 0x00000000d5580000)
  object space 864768K, 99% used [0x0000000080000000,0x00000000b4c20c68,0x00000000b4c80000)
 Metaspace       used 72215K, committed 73728K, reserved 1179648K
  class space    used 7288K, committed 8000K, reserved 1048576K
}
Event: 104.704 GC heap after
{Heap after GC invocations=1289 (full 3):
 PSYoungGen      total 12288K, used 1203K [0x00000000d5580000, 0x00000000d6300000, 0x0000000100000000)
  eden space 10752K, 0% used [0x00000000d5580000,0x00000000d5580000,0x00000000d6000000)
  from space 1536K, 78% used [0x00000000d6180000,0x00000000d62acfa0,0x00000000d6300000)
  to   space 1536K, 0% used [0x00000000d6000000,0x00000000d6000000,0x00000000d6180000)
 ParOldGen       total 865792K, used 865506K [0x0000000080000000, 0x00000000b4d80000, 0x00000000d5580000)
  object space 865792K, 99% used [0x0000000080000000,0x00000000b4d38a80,0x00000000b4d80000)
 Metaspace       used 72215K, committed 73728K, reserved 1179648K
  class space    used 7288K, committed 8000K, reserved 1048576K
}
Event: 104.764 GC heap before
{Heap before GC invocations=1290 (full 3):
 PSYoungGen      total 12288K, used 11955K [0x00000000d5580000, 0x00000000d6300000, 0x0000000100000000)
  eden space 10752K, 100% used [0x00000000d5580000,0x00000000d6000000,0x00000000d6000000)
  from space 1536K, 78% used [0x00000000d6180000,0x00000000d62acfa0,0x00000000d6300000)
  to   space 1536K, 0% used [0x00000000d6000000,0x00000000d6000000,0x00000000d6180000)
 ParOldGen       total 865792K, used 865506K [0x0000000080000000, 0x00000000b4d80000, 0x00000000d5580000)
  object space 865792K, 99% used [0x0000000080000000,0x00000000b4d38a80,0x00000000b4d80000)
 Metaspace       used 72219K, committed 73728K, reserved 1179648K
  class space    used 7288K, committed 8000K, reserved 1048576K
}
Event: 104.775 GC heap after
{Heap after GC invocations=1290 (full 3):
 PSYoungGen      total 12288K, used 1518K [0x00000000d5580000, 0x00000000d6800000, 0x0000000100000000)
  eden space 10752K, 0% used [0x00000000d5580000,0x00000000d5580000,0x00000000d6000000)
  from space 1536K, 98% used [0x00000000d6000000,0x00000000d617ba30,0x00000000d6180000)
  to   space 4096K, 0% used [0x00000000d6400000,0x00000000d6400000,0x00000000d6800000)
 ParOldGen       total 867840K, used 867509K [0x0000000080000000, 0x00000000b4f80000, 0x00000000d5580000)
  object space 867840K, 99% used [0x0000000080000000,0x00000000b4f2d448,0x00000000b4f80000)
 Metaspace       used 72219K, committed 73728K, reserved 1179648K
  class space    used 7288K, committed 8000K, reserved 1048576K
}
Event: 104.808 GC heap before
{Heap before GC invocations=1291 (full 3):
 PSYoungGen      total 12288K, used 12270K [0x00000000d5580000, 0x00000000d6800000, 0x0000000100000000)
  eden space 10752K, 100% used [0x00000000d5580000,0x00000000d6000000,0x00000000d6000000)
  from space 1536K, 98% used [0x00000000d6000000,0x00000000d617ba30,0x00000000d6180000)
  to   space 4096K, 0% used [0x00000000d6400000,0x00000000d6400000,0x00000000d6800000)
 ParOldGen       total 867840K, used 867509K [0x0000000080000000, 0x00000000b4f80000, 0x00000000d5580000)
  object space 867840K, 99% used [0x0000000080000000,0x00000000b4f2d448,0x00000000b4f80000)
 Metaspace       used 72229K, committed 73792K, reserved 1179648K
  class space    used 7291K, committed 8000K, reserved 1048576K
}
Event: 104.816 GC heap after
{Heap after GC invocations=1291 (full 3):
 PSYoungGen      total 12288K, used 1360K [0x00000000d5580000, 0x00000000d6580000, 0x0000000100000000)
  eden space 10752K, 0% used [0x00000000d5580000,0x00000000d5580000,0x00000000d6000000)
  from space 1536K, 88% used [0x00000000d6400000,0x00000000d6554020,0x00000000d6580000)
  to   space 2560K, 0% used [0x00000000d6080000,0x00000000d6080000,0x00000000d6300000)
 ParOldGen       total 869888K, used 869527K [0x0000000080000000, 0x00000000b5180000, 0x00000000d5580000)
  object space 869888K, 99% used [0x0000000080000000,0x00000000b5125e58,0x00000000b5180000)
 Metaspace       used 72229K, committed 73792K, reserved 1179648K
  class space    used 7291K, committed 8000K, reserved 1048576K
}
Event: 104.863 GC heap before
{Heap before GC invocations=1292 (full 3):
 PSYoungGen      total 12288K, used 12112K [0x00000000d5580000, 0x00000000d6580000, 0x0000000100000000)
  eden space 10752K, 100% used [0x00000000d5580000,0x00000000d6000000,0x00000000d6000000)
  from space 1536K, 88% used [0x00000000d6400000,0x00000000d6554020,0x00000000d6580000)
  to   space 2560K, 0% used [0x00000000d6080000,0x00000000d6080000,0x00000000d6300000)
 ParOldGen       total 869888K, used 869527K [0x0000000080000000, 0x00000000b5180000, 0x00000000d5580000)
  object space 869888K, 99% used [0x0000000080000000,0x00000000b5125e58,0x00000000b5180000)
 Metaspace       used 72255K, committed 73792K, reserved 1179648K
  class space    used 7293K, committed 8000K, reserved 1048576K
}
Event: 104.869 GC heap after
{Heap after GC invocations=1292 (full 3):
 PSYoungGen      total 13312K, used 1344K [0x00000000d5580000, 0x00000000d6480000, 0x0000000100000000)
  eden space 10752K, 0% used [0x00000000d5580000,0x00000000d5580000,0x00000000d6000000)
  from space 2560K, 52% used [0x00000000d6080000,0x00000000d61d0000,0x00000000d6300000)
  to   space 1536K, 0% used [0x00000000d6300000,0x00000000d6300000,0x00000000d6480000)
 ParOldGen       total 870912K, used 870656K [0x0000000080000000, 0x00000000b5280000, 0x00000000d5580000)
  object space 870912K, 99% used [0x0000000080000000,0x00000000b5240288,0x00000000b5280000)
 Metaspace       used 72255K, committed 73792K, reserved 1179648K
  class space    used 7293K, committed 8000K, reserved 1048576K
}
Event: 105.009 GC heap before
{Heap before GC invocations=1293 (full 3):
 PSYoungGen      total 13312K, used 12096K [0x00000000d5580000, 0x00000000d6480000, 0x0000000100000000)
  eden space 10752K, 100% used [0x00000000d5580000,0x00000000d6000000,0x00000000d6000000)
  from space 2560K, 52% used [0x00000000d6080000,0x00000000d61d0000,0x00000000d6300000)
  to   space 1536K, 0% used [0x00000000d6300000,0x00000000d6300000,0x00000000d6480000)
 ParOldGen       total 870912K, used 870656K [0x0000000080000000, 0x00000000b5280000, 0x00000000d5580000)
  object space 870912K, 99% used [0x0000000080000000,0x00000000b5240288,0x00000000b5280000)
 Metaspace       used 72530K, committed 74112K, reserved 1179648K
  class space    used 7325K, committed 8128K, reserved 1048576K
}
Event: 105.013 GC heap after
{Heap after GC invocations=1293 (full 3):
 PSYoungGen      total 11776K, used 803K [0x00000000d5580000, 0x00000000d6400000, 0x0000000100000000)
  eden space 10752K, 0% used [0x00000000d5580000,0x00000000d5580000,0x00000000d6000000)
  from space 1024K, 78% used [0x00000000d6300000,0x00000000d63c8d48,0x00000000d6400000)
  to   space 1024K, 0% used [0x00000000d6200000,0x00000000d6200000,0x00000000d6300000)
 ParOldGen       total 871936K, used 871672K [0x0000000080000000, 0x00000000b5380000, 0x00000000d5580000)
  object space 871936K, 99% used [0x0000000080000000,0x00000000b533e288,0x00000000b5380000)
 Metaspace       used 72530K, committed 74112K, reserved 1179648K
  class space    used 7325K, committed 8128K, reserved 1048576K
}
Event: 105.045 GC heap before
{Heap before GC invocations=1294 (full 3):
 PSYoungGen      total 11776K, used 11555K [0x00000000d5580000, 0x00000000d6400000, 0x0000000100000000)
  eden space 10752K, 100% used [0x00000000d5580000,0x00000000d6000000,0x00000000d6000000)
  from space 1024K, 78% used [0x00000000d6300000,0x00000000d63c8d48,0x00000000d6400000)
  to   space 1024K, 0% used [0x00000000d6200000,0x00000000d6200000,0x00000000d6300000)
 ParOldGen       total 871936K, used 871672K [0x0000000080000000, 0x00000000b5380000, 0x00000000d5580000)
  object space 871936K, 99% used [0x0000000080000000,0x00000000b533e288,0x00000000b5380000)
 Metaspace       used 72576K, committed 74176K, reserved 1179648K
  class space    used 7331K, committed 8128K, reserved 1048576K
}
Event: 105.049 GC heap after
{Heap after GC invocations=1294 (full 3):
 PSYoungGen      total 11776K, used 1014K [0x00000000d5580000, 0x00000000d6400000, 0x0000000100000000)
  eden space 10752K, 0% used [0x00000000d5580000,0x00000000d5580000,0x00000000d6000000)
  from space 1024K, 99% used [0x00000000d6200000,0x00000000d62fd808,0x00000000d6300000)
  to   space 1024K, 0% used [0x00000000d6300000,0x00000000d6300000,0x00000000d6400000)
 ParOldGen       total 872960K, used 872468K [0x0000000080000000, 0x00000000b5480000, 0x00000000d5580000)
  object space 872960K, 99% used [0x0000000080000000,0x00000000b5405190,0x00000000b5480000)
 Metaspace       used 72576K, committed 74176K, reserved 1179648K
  class space    used 7331K, committed 8128K, reserved 1048576K
}
Event: 105.124 GC heap before
{Heap before GC invocations=1295 (full 3):
 PSYoungGen      total 11776K, used 11766K [0x00000000d5580000, 0x00000000d6400000, 0x0000000100000000)
  eden space 10752K, 100% used [0x00000000d5580000,0x00000000d6000000,0x00000000d6000000)
  from space 1024K, 99% used [0x00000000d6200000,0x00000000d62fd808,0x00000000d6300000)
  to   space 1024K, 0% used [0x00000000d6300000,0x00000000d6300000,0x00000000d6400000)
 ParOldGen       total 872960K, used 872468K [0x0000000080000000, 0x00000000b5480000, 0x00000000d5580000)
  object space 872960K, 99% used [0x0000000080000000,0x00000000b5405190,0x00000000b5480000)
 Metaspace       used 72592K, committed 74240K, reserved 1179648K
  class space    used 7331K, committed 8128K, reserved 1048576K
}
Event: 105.128 GC heap after
{Heap after GC invocations=1295 (full 3):
 PSYoungGen      total 11776K, used 993K [0x00000000d5580000, 0x00000000d6500000, 0x0000000100000000)
  eden space 10752K, 0% used [0x00000000d5580000,0x00000000d5580000,0x00000000d6000000)
  from space 1024K, 97% used [0x00000000d6300000,0x00000000d63f85e0,0x00000000d6400000)
  to   space 2560K, 0% used [0x00000000d6000000,0x00000000d6000000,0x00000000d6280000)
 ParOldGen       total 873984K, used 873482K [0x0000000080000000, 0x00000000b5580000, 0x00000000d5580000)
  object space 873984K, 99% used [0x0000000080000000,0x00000000b5502998,0x00000000b5580000)
 Metaspace       used 72592K, committed 74240K, reserved 1179648K
  class space    used 7331K, committed 8128K, reserved 1048576K
}
Event: 105.205 GC heap before
{Heap before GC invocations=1296 (full 3):
 PSYoungGen      total 11776K, used 11745K [0x00000000d5580000, 0x00000000d6500000, 0x0000000100000000)
  eden space 10752K, 100% used [0x00000000d5580000,0x00000000d6000000,0x00000000d6000000)
  from space 1024K, 97% used [0x00000000d6300000,0x00000000d63f85e0,0x00000000d6400000)
  to   space 2560K, 0% used [0x00000000d6000000,0x00000000d6000000,0x00000000d6280000)
 ParOldGen       total 873984K, used 873482K [0x0000000080000000, 0x00000000b5580000, 0x00000000d5580000)
  object space 873984K, 99% used [0x0000000080000000,0x00000000b5502998,0x00000000b5580000)
 Metaspace       used 72603K, committed 74240K, reserved 1179648K
  class space    used 7331K, committed 8128K, reserved 1048576K
}
Event: 105.211 GC heap after
{Heap after GC invocations=1296 (full 3):
 PSYoungGen      total 12288K, used 1142K [0x00000000d5580000, 0x00000000d6380000, 0x0000000100000000)
  eden space 10752K, 0% used [0x00000000d5580000,0x00000000d5580000,0x00000000d6000000)
  from space 1536K, 74% used [0x00000000d6000000,0x00000000d611d808,0x00000000d6180000)
  to   space 1536K, 0% used [0x00000000d6200000,0x00000000d6200000,0x00000000d6380000)
 ParOldGen       total 874496K, used 874397K [0x0000000080000000, 0x00000000b5600000, 0x00000000d5580000)
  object space 874496K, 99% used [0x0000000080000000,0x00000000b55e7630,0x00000000b5600000)
 Metaspace       used 72603K, committed 74240K, reserved 1179648K
  class space    used 7331K, committed 8128K, reserved 1048576K
}
Event: 105.271 GC heap before
{Heap before GC invocations=1297 (full 3):
 PSYoungGen      total 12288K, used 11894K [0x00000000d5580000, 0x00000000d6380000, 0x0000000100000000)
  eden space 10752K, 100% used [0x00000000d5580000,0x00000000d6000000,0x00000000d6000000)
  from space 1536K, 74% used [0x00000000d6000000,0x00000000d611d808,0x00000000d6180000)
  to   space 1536K, 0% used [0x00000000d6200000,0x00000000d6200000,0x00000000d6380000)
 ParOldGen       total 874496K, used 874397K [0x0000000080000000, 0x00000000b5600000, 0x00000000d5580000)
  object space 874496K, 99% used [0x0000000080000000,0x00000000b55e7630,0x00000000b5600000)
 Metaspace       used 72604K, committed 74240K, reserved 1179648K
  class space    used 7331K, committed 8128K, reserved 1048576K
}

