# JRE version: OpenJDK Runtime Environment Temurin-21.0.7+6 (21.0.7+6) (build 21.0.7+6-LTS)
# Java VM: OpenJDK 64-Bit Server VM Temurin-21.0.7+6 (21.0.7+6-LTS, mixed mode, sharing, tiered, compressed oops, compressed class ptrs, parallel gc, windows-amd64)
GC Precious Log:
 CardTable entry size: 512
 CPUs: 12 total, 12 available
 Memory: 6005M
 Large Page Support: Disabled
 NUMA Support: Disabled
 Compressed Oops: Enabled (32-bit)
 Alignments: Space 512K, Generation 512K, Heap 2M
 Heap Min Capacity: 100M
 Heap Initial Capacity: 100M
 Heap Max Capacity: 2G
 Pre-touch: Disabled
 Parallel Workers: 10
Heap:
 PSYoungGen      total 22016K, used 1097K [0x00000000d5580000, 0x00000000d6c80000, 0x0000000100000000)
  eden space 20480K, 0% used [0x00000000d5580000,0x00000000d5580000,0x00000000d6980000)
  from space 1536K, 71% used [0x00000000d6980000,0x00000000d6a92410,0x00000000d6b00000)
  to   space 1024K, 0% used [0x00000000d6b80000,0x00000000d6b80000,0x00000000d6c80000)
 ParOldGen       total 549888K, used 549497K [0x0000000080000000, 0x00000000a1900000, 0x00000000d5580000)
  object space 549888K, 99% used [0x0000000080000000,0x00000000a189e410,0x00000000a1900000)
 Metaspace       used 72799K, committed 74368K, reserved 1179648K
  class space    used 7352K, committed 8064K, reserved 1048576K
GC Heap History (20 events):
Event: 47.391 GC heap before
{Heap before GC invocations=762 (full 3):
 PSYoungGen      total 9728K, used 9600K [0x00000000d5580000, 0x00000000d6100000, 0x0000000100000000)
  eden space 9216K, 100% used [0x00000000d5580000,0x00000000d5e80000,0x00000000d5e80000)
  from space 512K, 75% used [0x00000000d6080000,0x00000000d60e0230,0x00000000d6100000)
  to   space 512K, 0% used [0x00000000d6000000,0x00000000d6000000,0x00000000d6080000)
 ParOldGen       total 544768K, used 544567K [0x0000000080000000, 0x00000000a1400000, 0x00000000d5580000)
  object space 544768K, 99% used [0x0000000080000000,0x00000000a13cdc38,0x00000000a1400000)
 Metaspace       used 72783K, committed 74368K, reserved 1179648K
  class space    used 7352K, committed 8064K, reserved 1048576K
}
Event: 47.406 GC heap after
{Heap after GC invocations=762 (full 3):
 PSYoungGen      total 9728K, used 485K [0x00000000d5580000, 0x00000000d6100000, 0x0000000100000000)
  eden space 9216K, 0% used [0x00000000d5580000,0x00000000d5580000,0x00000000d5e80000)
  from space 512K, 94% used [0x00000000d6000000,0x00000000d6079700,0x00000000d6080000)
  to   space 512K, 0% used [0x00000000d6080000,0x00000000d6080000,0x00000000d6100000)
 ParOldGen       total 544768K, used 544723K [0x0000000080000000, 0x00000000a1400000, 0x00000000d5580000)
  object space 544768K, 99% used [0x0000000080000000,0x00000000a13f4d00,0x00000000a1400000)
 Metaspace       used 72783K, committed 74368K, reserved 1179648K
  class space    used 7352K, committed 8064K, reserved 1048576K
}
Event: 47.452 GC heap before
{Heap before GC invocations=763 (full 3):
 PSYoungGen      total 9728K, used 9701K [0x00000000d5580000, 0x00000000d6100000, 0x0000000100000000)
  eden space 9216K, 100% used [0x00000000d5580000,0x00000000d5e80000,0x00000000d5e80000)
  from space 512K, 94% used [0x00000000d6000000,0x00000000d6079700,0x00000000d6080000)
  to   space 512K, 0% used [0x00000000d6080000,0x00000000d6080000,0x00000000d6100000)
 ParOldGen       total 544768K, used 544723K [0x0000000080000000, 0x00000000a1400000, 0x00000000d5580000)
  object space 544768K, 99% used [0x0000000080000000,0x00000000a13f4d00,0x00000000a1400000)
 Metaspace       used 72789K, committed 74368K, reserved 1179648K
  class space    used 7352K, committed 8064K, reserved 1048576K
}
Event: 47.457 GC heap after
{Heap after GC invocations=763 (full 3):
 PSYoungGen      total 9728K, used 487K [0x00000000d5580000, 0x00000000d6100000, 0x0000000100000000)
  eden space 9216K, 0% used [0x00000000d5580000,0x00000000d5580000,0x00000000d5e80000)
  from space 512K, 95% used [0x00000000d6080000,0x00000000d60f9fb0,0x00000000d6100000)
  to   space 1024K, 0% used [0x00000000d5f00000,0x00000000d5f00000,0x00000000d6000000)
 ParOldGen       total 545280K, used 544988K [0x0000000080000000, 0x00000000a1480000, 0x00000000d5580000)
  object space 545280K, 99% used [0x0000000080000000,0x00000000a1437050,0x00000000a1480000)
 Metaspace       used 72789K, committed 74368K, reserved 1179648K
  class space    used 7352K, committed 8064K, reserved 1048576K
}
Event: 47.475 GC heap before
{Heap before GC invocations=764 (full 3):
 PSYoungGen      total 9728K, used 9703K [0x00000000d5580000, 0x00000000d6100000, 0x0000000100000000)
  eden space 9216K, 100% used [0x00000000d5580000,0x00000000d5e80000,0x00000000d5e80000)
  from space 512K, 95% used [0x00000000d6080000,0x00000000d60f9fb0,0x00000000d6100000)
  to   space 1024K, 0% used [0x00000000d5f00000,0x00000000d5f00000,0x00000000d6000000)
 ParOldGen       total 545280K, used 544988K [0x0000000080000000, 0x00000000a1480000, 0x00000000d5580000)
  object space 545280K, 99% used [0x0000000080000000,0x00000000a1437050,0x00000000a1480000)
 Metaspace       used 72789K, committed 74368K, reserved 1179648K
  class space    used 7352K, committed 8064K, reserved 1048576K
}
Event: 47.726 GC heap after
{Heap after GC invocations=764 (full 3):
 PSYoungGen      total 10752K, used 416K [0x00000000d5580000, 0x00000000d6280000, 0x0000000100000000)
  eden space 9728K, 0% used [0x00000000d5580000,0x00000000d5580000,0x00000000d5f00000)
  from space 1024K, 40% used [0x00000000d5f00000,0x00000000d5f68000,0x00000000d6000000)
  to   space 1024K, 0% used [0x00000000d6180000,0x00000000d6180000,0x00000000d6280000)
 ParOldGen       total 545792K, used 545340K [0x0000000080000000, 0x00000000a1500000, 0x00000000d5580000)
  object space 545792K, 99% used [0x0000000080000000,0x00000000a148f008,0x00000000a1500000)
 Metaspace       used 72789K, committed 74368K, reserved 1179648K
  class space    used 7352K, committed 8064K, reserved 1048576K
}
Event: 47.784 GC heap before
{Heap before GC invocations=765 (full 3):
 PSYoungGen      total 10752K, used 10143K [0x00000000d5580000, 0x00000000d6280000, 0x0000000100000000)
  eden space 9728K, 99% used [0x00000000d5580000,0x00000000d5effc10,0x00000000d5f00000)
  from space 1024K, 40% used [0x00000000d5f00000,0x00000000d5f68000,0x00000000d6000000)
  to   space 1024K, 0% used [0x00000000d6180000,0x00000000d6180000,0x00000000d6280000)
 ParOldGen       total 545792K, used 545340K [0x0000000080000000, 0x00000000a1500000, 0x00000000d5580000)
  object space 545792K, 99% used [0x0000000080000000,0x00000000a148f008,0x00000000a1500000)
 Metaspace       used 72795K, committed 74368K, reserved 1179648K
  class space    used 7352K, committed 8064K, reserved 1048576K
}
Event: 47.797 GC heap after
{Heap after GC invocations=765 (full 3):
 PSYoungGen      total 12288K, used 753K [0x00000000d5580000, 0x00000000d6300000, 0x0000000100000000)
  eden space 11264K, 0% used [0x00000000d5580000,0x00000000d5580000,0x00000000d6080000)
  from space 1024K, 73% used [0x00000000d6180000,0x00000000d623c560,0x00000000d6280000)
  to   space 1024K, 0% used [0x00000000d6080000,0x00000000d6080000,0x00000000d6180000)
 ParOldGen       total 545792K, used 545508K [0x0000000080000000, 0x00000000a1500000, 0x00000000d5580000)
  object space 545792K, 99% used [0x0000000080000000,0x00000000a14b9008,0x00000000a1500000)
 Metaspace       used 72795K, committed 74368K, reserved 1179648K
  class space    used 7352K, committed 8064K, reserved 1048576K
}
Event: 48.094 GC heap before
{Heap before GC invocations=766 (full 3):
 PSYoungGen      total 12288K, used 12017K [0x00000000d5580000, 0x00000000d6300000, 0x0000000100000000)
  eden space 11264K, 100% used [0x00000000d5580000,0x00000000d6080000,0x00000000d6080000)
  from space 1024K, 73% used [0x00000000d6180000,0x00000000d623c560,0x00000000d6280000)
  to   space 1024K, 0% used [0x00000000d6080000,0x00000000d6080000,0x00000000d6180000)
 ParOldGen       total 545792K, used 545508K [0x0000000080000000, 0x00000000a1500000, 0x00000000d5580000)
  object space 545792K, 99% used [0x0000000080000000,0x00000000a14b9008,0x00000000a1500000)
 Metaspace       used 72795K, committed 74368K, reserved 1179648K
  class space    used 7352K, committed 8064K, reserved 1048576K
}
Event: 48.107 GC heap after
{Heap after GC invocations=766 (full 3):
 PSYoungGen      total 12288K, used 320K [0x00000000d5580000, 0x00000000d6400000, 0x0000000100000000)
  eden space 11264K, 0% used [0x00000000d5580000,0x00000000d5580000,0x00000000d6080000)
  from space 1024K, 31% used [0x00000000d6080000,0x00000000d60d0000,0x00000000d6180000)
  to   space 512K, 0% used [0x00000000d6380000,0x00000000d6380000,0x00000000d6400000)
 ParOldGen       total 546304K, used 546061K [0x0000000080000000, 0x00000000a1580000, 0x00000000d5580000)
  object space 546304K, 99% used [0x0000000080000000,0x00000000a15434e0,0x00000000a1580000)
 Metaspace       used 72795K, committed 74368K, reserved 1179648K
  class space    used 7352K, committed 8064K, reserved 1048576K
}
Event: 48.241 GC heap before
{Heap before GC invocations=767 (full 3):
 PSYoungGen      total 12288K, used 11584K [0x00000000d5580000, 0x00000000d6400000, 0x0000000100000000)
  eden space 11264K, 100% used [0x00000000d5580000,0x00000000d6080000,0x00000000d6080000)
  from space 1024K, 31% used [0x00000000d6080000,0x00000000d60d0000,0x00000000d6180000)
  to   space 512K, 0% used [0x00000000d6380000,0x00000000d6380000,0x00000000d6400000)
 ParOldGen       total 546304K, used 546061K [0x0000000080000000, 0x00000000a1580000, 0x00000000d5580000)
  object space 546304K, 99% used [0x0000000080000000,0x00000000a15434e0,0x00000000a1580000)
 Metaspace       used 72799K, committed 74368K, reserved 1179648K
  class space    used 7352K, committed 8064K, reserved 1048576K
}
Event: 49.315 GC heap after
{Heap after GC invocations=767 (full 3):
 PSYoungGen      total 14336K, used 465K [0x00000000d5580000, 0x00000000d6400000, 0x0000000100000000)
  eden space 13824K, 0% used [0x00000000d5580000,0x00000000d5580000,0x00000000d6300000)
  from space 512K, 90% used [0x00000000d6380000,0x00000000d63f44c0,0x00000000d6400000)
  to   space 512K, 0% used [0x00000000d6300000,0x00000000d6300000,0x00000000d6380000)
 ParOldGen       total 546816K, used 546708K [0x0000000080000000, 0x00000000a1600000, 0x00000000d5580000)
  object space 546816K, 99% used [0x0000000080000000,0x00000000a15e5230,0x00000000a1600000)
 Metaspace       used 72799K, committed 74368K, reserved 1179648K
  class space    used 7352K, committed 8064K, reserved 1048576K
}
Event: 49.376 GC heap before
{Heap before GC invocations=768 (full 3):
 PSYoungGen      total 14336K, used 14289K [0x00000000d5580000, 0x00000000d6400000, 0x0000000100000000)
  eden space 13824K, 100% used [0x00000000d5580000,0x00000000d6300000,0x00000000d6300000)
  from space 512K, 90% used [0x00000000d6380000,0x00000000d63f44c0,0x00000000d6400000)
  to   space 512K, 0% used [0x00000000d6300000,0x00000000d6300000,0x00000000d6380000)
 ParOldGen       total 546816K, used 546708K [0x0000000080000000, 0x00000000a1600000, 0x00000000d5580000)
  object space 546816K, 99% used [0x0000000080000000,0x00000000a15e5230,0x00000000a1600000)
 Metaspace       used 72799K, committed 74368K, reserved 1179648K
  class space    used 7352K, committed 8064K, reserved 1048576K
}
Event: 49.389 GC heap after
{Heap after GC invocations=768 (full 3):
 PSYoungGen      total 14336K, used 512K [0x00000000d5580000, 0x00000000d6800000, 0x0000000100000000)
  eden space 13824K, 0% used [0x00000000d5580000,0x00000000d5580000,0x00000000d6300000)
  from space 512K, 100% used [0x00000000d6300000,0x00000000d6380000,0x00000000d6380000)
  to   space 1024K, 0% used [0x00000000d6700000,0x00000000d6700000,0x00000000d6800000)
 ParOldGen       total 547328K, used 547000K [0x0000000080000000, 0x00000000a1680000, 0x00000000d5580000)
  object space 547328K, 99% used [0x0000000080000000,0x00000000a162e068,0x00000000a1680000)
 Metaspace       used 72799K, committed 74368K, reserved 1179648K
  class space    used 7352K, committed 8064K, reserved 1048576K
}
Event: 49.452 GC heap before
{Heap before GC invocations=769 (full 3):
 PSYoungGen      total 14336K, used 14336K [0x00000000d5580000, 0x00000000d6800000, 0x0000000100000000)
  eden space 13824K, 100% used [0x00000000d5580000,0x00000000d6300000,0x00000000d6300000)
  from space 512K, 100% used [0x00000000d6300000,0x00000000d6380000,0x00000000d6380000)
  to   space 1024K, 0% used [0x00000000d6700000,0x00000000d6700000,0x00000000d6800000)
 ParOldGen       total 547328K, used 547000K [0x0000000080000000, 0x00000000a1680000, 0x00000000d5580000)
  object space 547328K, 99% used [0x0000000080000000,0x00000000a162e068,0x00000000a1680000)
 Metaspace       used 72799K, committed 74368K, reserved 1179648K
  class space    used 7352K, committed 8064K, reserved 1048576K
}
Event: 49.541 GC heap after
{Heap after GC invocations=769 (full 3):
 PSYoungGen      total 17920K, used 608K [0x00000000d5580000, 0x00000000d6800000, 0x0000000100000000)
  eden space 16896K, 0% used [0x00000000d5580000,0x00000000d5580000,0x00000000d6600000)
  from space 1024K, 59% used [0x00000000d6700000,0x00000000d6798000,0x00000000d6800000)
  to   space 1024K, 0% used [0x00000000d6600000,0x00000000d6600000,0x00000000d6700000)
 ParOldGen       total 547840K, used 547453K [0x0000000080000000, 0x00000000a1700000, 0x00000000d5580000)
  object space 547840K, 99% used [0x0000000080000000,0x00000000a169f670,0x00000000a1700000)
 Metaspace       used 72799K, committed 74368K, reserved 1179648K
  class space    used 7352K, committed 8064K, reserved 1048576K
}
Event: 49.990 GC heap before
{Heap before GC invocations=770 (full 3):
 PSYoungGen      total 17920K, used 17504K [0x00000000d5580000, 0x00000000d6800000, 0x0000000100000000)
  eden space 16896K, 100% used [0x00000000d5580000,0x00000000d6600000,0x00000000d6600000)
  from space 1024K, 59% used [0x00000000d6700000,0x00000000d6798000,0x00000000d6800000)
  to   space 1024K, 0% used [0x00000000d6600000,0x00000000d6600000,0x00000000d6700000)
 ParOldGen       total 547840K, used 547453K [0x0000000080000000, 0x00000000a1700000, 0x00000000d5580000)
  object space 547840K, 99% used [0x0000000080000000,0x00000000a169f670,0x00000000a1700000)
 Metaspace       used 72799K, committed 74368K, reserved 1179648K
  class space    used 7352K, committed 8064K, reserved 1048576K
}
Event: 50.008 GC heap after
{Heap after GC invocations=770 (full 3):
 PSYoungGen      total 17920K, used 1021K [0x00000000d5580000, 0x00000000d6d80000, 0x0000000100000000)
  eden space 16896K, 0% used [0x00000000d5580000,0x00000000d5580000,0x00000000d6600000)
  from space 1024K, 99% used [0x00000000d6600000,0x00000000d66ff680,0x00000000d6700000)
  to   space 2048K, 0% used [0x00000000d6b80000,0x00000000d6b80000,0x00000000d6d80000)
 ParOldGen       total 548352K, used 548074K [0x0000000080000000, 0x00000000a1780000, 0x00000000d5580000)
  object space 548352K, 99% used [0x0000000080000000,0x00000000a173a898,0x00000000a1780000)
 Metaspace       used 72799K, committed 74368K, reserved 1179648K
  class space    used 7352K, committed 8064K, reserved 1048576K
}
Event: 50.439 GC heap before
{Heap before GC invocations=771 (full 3):
 PSYoungGen      total 17920K, used 17917K [0x00000000d5580000, 0x00000000d6d80000, 0x0000000100000000)
  eden space 16896K, 100% used [0x00000000d5580000,0x00000000d6600000,0x00000000d6600000)
  from space 1024K, 99% used [0x00000000d6600000,0x00000000d66ff680,0x00000000d6700000)
  to   space 2048K, 0% used [0x00000000d6b80000,0x00000000d6b80000,0x00000000d6d80000)
 ParOldGen       total 548352K, used 548074K [0x0000000080000000, 0x00000000a1780000, 0x00000000d5580000)
  object space 548352K, 99% used [0x0000000080000000,0x00000000a173a898,0x00000000a1780000)
 Metaspace       used 72799K, committed 74368K, reserved 1179648K
  class space    used 7352K, committed 8064K, reserved 1048576K
}
Event: 51.469 GC heap after
{Heap after GC invocations=771 (full 3):
 PSYoungGen      total 21504K, used 790K [0x00000000d5580000, 0x00000000d6c80000, 0x0000000100000000)
  eden space 20480K, 0% used [0x00000000d5580000,0x00000000d5580000,0x00000000d6980000)
  from space 1024K, 77% used [0x00000000d6b80000,0x00000000d6c45808,0x00000000d6c80000)
  to   space 1536K, 0% used [0x00000000d6980000,0x00000000d6980000,0x00000000d6b00000)
 ParOldGen       total 549376K, used 548923K [0x0000000080000000, 0x00000000a1880000, 0x00000000d5580000)
  object space 549376K, 99% used [0x0000000080000000,0x00000000a180ec08,0x00000000a1880000)
 Metaspace       used 72799K, committed 74368K, reserved 1179648K
  class space    used 7352K, committed 8064K, reserved 1048576K
}

