# JRE version: OpenJDK Runtime Environment Temurin-21.0.7+6 (21.0.7+6) (build 21.0.7+6-LTS)
# Java VM: OpenJDK 64-Bit Server VM Temurin-21.0.7+6 (21.0.7+6-LTS, mixed mode, sharing, tiered, compressed oops, compressed class ptrs, parallel gc, windows-amd64)
GC Precious Log:
 CardTable entry size: 512
 CPUs: 12 total, 12 available
 Memory: 6005M
 Large Page Support: Disabled
 NUMA Support: Disabled
 Compressed Oops: Enabled (32-bit)
 Alignments: Space 512K, Generation 512K, Heap 2M
 Heap Min Capacity: 100M
 Heap Initial Capacity: 100M
 Heap Max Capacity: 2G
 Pre-touch: Disabled
 Parallel Workers: 10
Heap:
 PSYoungGen      total 7168K, used 6571K [0x00000000d5580000, 0x00000000d5d80000, 0x0000000100000000)
  eden space 6144K, 100% used [0x00000000d5580000,0x00000000d5b80000,0x00000000d5b80000)
  from space 1024K, 41% used [0x00000000d5c80000,0x00000000d5ceafb0,0x00000000d5d80000)
  to   space 1024K, 96% used [0x00000000d5b80000,0x00000000d5c78000,0x00000000d5c80000)
 ParOldGen       total 368640K, used 368638K [0x0000000080000000, 0x0000000096800000, 0x00000000d5580000)
  object space 368640K, 99% used [0x0000000080000000,0x00000000967ff918,0x0000000096800000)
 Metaspace       used 69629K, committed 71040K, reserved 1114112K
  class space    used 6962K, committed 7616K, reserved 1048576K
GC Heap History (20 events):
Event: 82.047 GC heap after
{Heap after GC invocations=1311 (full 4):
 PSYoungGen      total 5120K, used 726K [0x00000000d5580000, 0x00000000d5c80000, 0x0000000100000000)
  eden space 4096K, 0% used [0x00000000d5580000,0x00000000d5580000,0x00000000d5980000)
  from space 1024K, 70% used [0x00000000d5980000,0x00000000d5a35808,0x00000000d5a80000)
  to   space 1024K, 0% used [0x00000000d5b80000,0x00000000d5b80000,0x00000000d5c80000)
 ParOldGen       total 363008K, used 362530K [0x0000000080000000, 0x0000000096280000, 0x00000000d5580000)
  object space 363008K, 99% used [0x0000000080000000,0x0000000096208b40,0x0000000096280000)
 Metaspace       used 69629K, committed 71040K, reserved 1114112K
  class space    used 6962K, committed 7616K, reserved 1048576K
}
Event: 82.061 GC heap before
{Heap before GC invocations=1312 (full 4):
 PSYoungGen      total 5120K, used 4822K [0x00000000d5580000, 0x00000000d5c80000, 0x0000000100000000)
  eden space 4096K, 100% used [0x00000000d5580000,0x00000000d5980000,0x00000000d5980000)
  from space 1024K, 70% used [0x00000000d5980000,0x00000000d5a35808,0x00000000d5a80000)
  to   space 1024K, 0% used [0x00000000d5b80000,0x00000000d5b80000,0x00000000d5c80000)
 ParOldGen       total 363008K, used 362530K [0x0000000080000000, 0x0000000096280000, 0x00000000d5580000)
  object space 363008K, 99% used [0x0000000080000000,0x0000000096208b40,0x0000000096280000)
 Metaspace       used 69629K, committed 71040K, reserved 1114112K
  class space    used 6962K, committed 7616K, reserved 1048576K
}
Event: 82.063 GC heap after
{Heap after GC invocations=1312 (full 4):
 PSYoungGen      total 6144K, used 608K [0x00000000d5580000, 0x00000000d5c80000, 0x0000000100000000)
  eden space 5120K, 0% used [0x00000000d5580000,0x00000000d5580000,0x00000000d5a80000)
  from space 1024K, 59% used [0x00000000d5b80000,0x00000000d5c18000,0x00000000d5c80000)
  to   space 1024K, 0% used [0x00000000d5a80000,0x00000000d5a80000,0x00000000d5b80000)
 ParOldGen       total 363520K, used 363112K [0x0000000080000000, 0x0000000096300000, 0x00000000d5580000)
  object space 363520K, 99% used [0x0000000080000000,0x000000009629a348,0x0000000096300000)
 Metaspace       used 69629K, committed 71040K, reserved 1114112K
  class space    used 6962K, committed 7616K, reserved 1048576K
}
Event: 82.089 GC heap before
{Heap before GC invocations=1313 (full 4):
 PSYoungGen      total 6144K, used 5728K [0x00000000d5580000, 0x00000000d5c80000, 0x0000000100000000)
  eden space 5120K, 100% used [0x00000000d5580000,0x00000000d5a80000,0x00000000d5a80000)
  from space 1024K, 59% used [0x00000000d5b80000,0x00000000d5c18000,0x00000000d5c80000)
  to   space 1024K, 0% used [0x00000000d5a80000,0x00000000d5a80000,0x00000000d5b80000)
 ParOldGen       total 363520K, used 363112K [0x0000000080000000, 0x0000000096300000, 0x00000000d5580000)
  object space 363520K, 99% used [0x0000000080000000,0x000000009629a348,0x0000000096300000)
 Metaspace       used 69629K, committed 71040K, reserved 1114112K
  class space    used 6962K, committed 7616K, reserved 1048576K
}
Event: 82.092 GC heap after
{Heap after GC invocations=1313 (full 4):
 PSYoungGen      total 6144K, used 780K [0x00000000d5580000, 0x00000000d5d80000, 0x0000000100000000)
  eden space 5120K, 0% used [0x00000000d5580000,0x00000000d5580000,0x00000000d5a80000)
  from space 1024K, 76% used [0x00000000d5a80000,0x00000000d5b43008,0x00000000d5b80000)
  to   space 1024K, 0% used [0x00000000d5c80000,0x00000000d5c80000,0x00000000d5d80000)
 ParOldGen       total 364032K, used 363616K [0x0000000080000000, 0x0000000096380000, 0x00000000d5580000)
  object space 364032K, 99% used [0x0000000080000000,0x0000000096318348,0x0000000096380000)
 Metaspace       used 69629K, committed 71040K, reserved 1114112K
  class space    used 6962K, committed 7616K, reserved 1048576K
}
Event: 82.112 GC heap before
{Heap before GC invocations=1314 (full 4):
 PSYoungGen      total 6144K, used 5900K [0x00000000d5580000, 0x00000000d5d80000, 0x0000000100000000)
  eden space 5120K, 100% used [0x00000000d5580000,0x00000000d5a80000,0x00000000d5a80000)
  from space 1024K, 76% used [0x00000000d5a80000,0x00000000d5b43008,0x00000000d5b80000)
  to   space 1024K, 0% used [0x00000000d5c80000,0x00000000d5c80000,0x00000000d5d80000)
 ParOldGen       total 364032K, used 363616K [0x0000000080000000, 0x0000000096380000, 0x00000000d5580000)
  object space 364032K, 99% used [0x0000000080000000,0x0000000096318348,0x0000000096380000)
 Metaspace       used 69629K, committed 71040K, reserved 1114112K
  class space    used 6962K, committed 7616K, reserved 1048576K
}
Event: 82.131 GC heap after
{Heap after GC invocations=1314 (full 4):
 PSYoungGen      total 7168K, used 736K [0x00000000d5580000, 0x00000000d5d80000, 0x0000000100000000)
  eden space 6144K, 0% used [0x00000000d5580000,0x00000000d5580000,0x00000000d5b80000)
  from space 1024K, 71% used [0x00000000d5c80000,0x00000000d5d38000,0x00000000d5d80000)
  to   space 1024K, 0% used [0x00000000d5b80000,0x00000000d5b80000,0x00000000d5c80000)
 ParOldGen       total 364544K, used 364260K [0x0000000080000000, 0x0000000096400000, 0x00000000d5580000)
  object space 364544K, 99% used [0x0000000080000000,0x00000000963b9350,0x0000000096400000)
 Metaspace       used 69629K, committed 71040K, reserved 1114112K
  class space    used 6962K, committed 7616K, reserved 1048576K
}
Event: 82.151 GC heap before
{Heap before GC invocations=1315 (full 4):
 PSYoungGen      total 7168K, used 6880K [0x00000000d5580000, 0x00000000d5d80000, 0x0000000100000000)
  eden space 6144K, 100% used [0x00000000d5580000,0x00000000d5b80000,0x00000000d5b80000)
  from space 1024K, 71% used [0x00000000d5c80000,0x00000000d5d38000,0x00000000d5d80000)
  to   space 1024K, 0% used [0x00000000d5b80000,0x00000000d5b80000,0x00000000d5c80000)
 ParOldGen       total 364544K, used 364260K [0x0000000080000000, 0x0000000096400000, 0x00000000d5580000)
  object space 364544K, 99% used [0x0000000080000000,0x00000000963b9350,0x0000000096400000)
 Metaspace       used 69629K, committed 71040K, reserved 1114112K
  class space    used 6962K, committed 7616K, reserved 1048576K
}
Event: 84.168 GC heap after
{Heap after GC invocations=1315 (full 4):
 PSYoungGen      total 7168K, used 896K [0x00000000d5580000, 0x00000000d5d80000, 0x0000000100000000)
  eden space 6144K, 0% used [0x00000000d5580000,0x00000000d5580000,0x00000000d5b80000)
  from space 1024K, 87% used [0x00000000d5b80000,0x00000000d5c60000,0x00000000d5c80000)
  to   space 1024K, 0% used [0x00000000d5c80000,0x00000000d5c80000,0x00000000d5d80000)
 ParOldGen       total 365056K, used 364844K [0x0000000080000000, 0x0000000096480000, 0x00000000d5580000)
  object space 365056K, 99% used [0x0000000080000000,0x000000009644b350,0x0000000096480000)
 Metaspace       used 69629K, committed 71040K, reserved 1114112K
  class space    used 6962K, committed 7616K, reserved 1048576K
}
Event: 84.461 GC heap before
{Heap before GC invocations=1316 (full 4):
 PSYoungGen      total 7168K, used 7040K [0x00000000d5580000, 0x00000000d5d80000, 0x0000000100000000)
  eden space 6144K, 100% used [0x00000000d5580000,0x00000000d5b80000,0x00000000d5b80000)
  from space 1024K, 87% used [0x00000000d5b80000,0x00000000d5c60000,0x00000000d5c80000)
  to   space 1024K, 0% used [0x00000000d5c80000,0x00000000d5c80000,0x00000000d5d80000)
 ParOldGen       total 365056K, used 364844K [0x0000000080000000, 0x0000000096480000, 0x00000000d5580000)
  object space 365056K, 99% used [0x0000000080000000,0x000000009644b350,0x0000000096480000)
 Metaspace       used 69629K, committed 71040K, reserved 1114112K
  class space    used 6962K, committed 7616K, reserved 1048576K
}
Event: 84.463 GC heap after
{Heap after GC invocations=1316 (full 4):
 PSYoungGen      total 7168K, used 736K [0x00000000d5580000, 0x00000000d5f00000, 0x0000000100000000)
  eden space 6144K, 0% used [0x00000000d5580000,0x00000000d5580000,0x00000000d5b80000)
  from space 1024K, 71% used [0x00000000d5c80000,0x00000000d5d38000,0x00000000d5d80000)
  to   space 1024K, 0% used [0x00000000d5b80000,0x00000000d5b80000,0x00000000d5c80000)
 ParOldGen       total 365568K, used 365546K [0x0000000080000000, 0x0000000096500000, 0x00000000d5580000)
  object space 365568K, 99% used [0x0000000080000000,0x00000000964fa960,0x0000000096500000)
 Metaspace       used 69629K, committed 71040K, reserved 1114112K
  class space    used 6962K, committed 7616K, reserved 1048576K
}
Event: 84.483 GC heap before
{Heap before GC invocations=1317 (full 4):
 PSYoungGen      total 7168K, used 6880K [0x00000000d5580000, 0x00000000d5f00000, 0x0000000100000000)
  eden space 6144K, 100% used [0x00000000d5580000,0x00000000d5b80000,0x00000000d5b80000)
  from space 1024K, 71% used [0x00000000d5c80000,0x00000000d5d38000,0x00000000d5d80000)
  to   space 1024K, 0% used [0x00000000d5b80000,0x00000000d5b80000,0x00000000d5c80000)
 ParOldGen       total 365568K, used 365546K [0x0000000080000000, 0x0000000096500000, 0x00000000d5580000)
  object space 365568K, 99% used [0x0000000080000000,0x00000000964fa960,0x0000000096500000)
 Metaspace       used 69629K, committed 71040K, reserved 1114112K
  class space    used 6962K, committed 7616K, reserved 1048576K
}
Event: 84.485 GC heap after
{Heap after GC invocations=1317 (full 4):
 PSYoungGen      total 7168K, used 864K [0x00000000d5580000, 0x00000000d5d80000, 0x0000000100000000)
  eden space 6144K, 0% used [0x00000000d5580000,0x00000000d5580000,0x00000000d5b80000)
  from space 1024K, 84% used [0x00000000d5b80000,0x00000000d5c58000,0x00000000d5c80000)
  to   space 1024K, 0% used [0x00000000d5c80000,0x00000000d5c80000,0x00000000d5d80000)
 ParOldGen       total 366592K, used 366146K [0x0000000080000000, 0x0000000096600000, 0x00000000d5580000)
  object space 366592K, 99% used [0x0000000080000000,0x0000000096590960,0x0000000096600000)
 Metaspace       used 69629K, committed 71040K, reserved 1114112K
  class space    used 6962K, committed 7616K, reserved 1048576K
}
Event: 84.513 GC heap before
{Heap before GC invocations=1318 (full 4):
 PSYoungGen      total 7168K, used 7008K [0x00000000d5580000, 0x00000000d5d80000, 0x0000000100000000)
  eden space 6144K, 100% used [0x00000000d5580000,0x00000000d5b80000,0x00000000d5b80000)
  from space 1024K, 84% used [0x00000000d5b80000,0x00000000d5c58000,0x00000000d5c80000)
  to   space 1024K, 0% used [0x00000000d5c80000,0x00000000d5c80000,0x00000000d5d80000)
 ParOldGen       total 366592K, used 366146K [0x0000000080000000, 0x0000000096600000, 0x00000000d5580000)
  object space 366592K, 99% used [0x0000000080000000,0x0000000096590960,0x0000000096600000)
 Metaspace       used 69629K, committed 71040K, reserved 1114112K
  class space    used 6962K, committed 7616K, reserved 1048576K
}
Event: 84.516 GC heap after
{Heap after GC invocations=1318 (full 4):
 PSYoungGen      total 7168K, used 920K [0x00000000d5580000, 0x00000000d5d80000, 0x0000000100000000)
  eden space 6144K, 0% used [0x00000000d5580000,0x00000000d5580000,0x00000000d5b80000)
  from space 1024K, 89% used [0x00000000d5c80000,0x00000000d5d66008,0x00000000d5d80000)
  to   space 1024K, 0% used [0x00000000d5b80000,0x00000000d5b80000,0x00000000d5c80000)
 ParOldGen       total 367104K, used 366842K [0x0000000080000000, 0x0000000096680000, 0x00000000d5580000)
  object space 367104K, 99% used [0x0000000080000000,0x000000009663e960,0x0000000096680000)
 Metaspace       used 69629K, committed 71040K, reserved 1114112K
  class space    used 6962K, committed 7616K, reserved 1048576K
}
Event: 84.540 GC heap before
{Heap before GC invocations=1319 (full 4):
 PSYoungGen      total 7168K, used 7064K [0x00000000d5580000, 0x00000000d5d80000, 0x0000000100000000)
  eden space 6144K, 100% used [0x00000000d5580000,0x00000000d5b80000,0x00000000d5b80000)
  from space 1024K, 89% used [0x00000000d5c80000,0x00000000d5d66008,0x00000000d5d80000)
  to   space 1024K, 0% used [0x00000000d5b80000,0x00000000d5b80000,0x00000000d5c80000)
 ParOldGen       total 367104K, used 366842K [0x0000000080000000, 0x0000000096680000, 0x00000000d5580000)
  object space 367104K, 99% used [0x0000000080000000,0x000000009663e960,0x0000000096680000)
 Metaspace       used 69629K, committed 71040K, reserved 1114112K
  class space    used 6962K, committed 7616K, reserved 1048576K
}
Event: 84.543 GC heap after
{Heap after GC invocations=1319 (full 4):
 PSYoungGen      total 7168K, used 864K [0x00000000d5580000, 0x00000000d5d80000, 0x0000000100000000)
  eden space 6144K, 0% used [0x00000000d5580000,0x00000000d5580000,0x00000000d5b80000)
  from space 1024K, 84% used [0x00000000d5b80000,0x00000000d5c58000,0x00000000d5c80000)
  to   space 1024K, 0% used [0x00000000d5c80000,0x00000000d5c80000,0x00000000d5d80000)
 ParOldGen       total 368128K, used 367682K [0x0000000080000000, 0x0000000096780000, 0x00000000d5580000)
  object space 368128K, 99% used [0x0000000080000000,0x0000000096710968,0x0000000096780000)
 Metaspace       used 69629K, committed 71040K, reserved 1114112K
  class space    used 6962K, committed 7616K, reserved 1048576K
}
Event: 84.667 GC heap before
{Heap before GC invocations=1320 (full 4):
 PSYoungGen      total 7168K, used 7008K [0x00000000d5580000, 0x00000000d5d80000, 0x0000000100000000)
  eden space 6144K, 100% used [0x00000000d5580000,0x00000000d5b80000,0x00000000d5b80000)
  from space 1024K, 84% used [0x00000000d5b80000,0x00000000d5c58000,0x00000000d5c80000)
  to   space 1024K, 0% used [0x00000000d5c80000,0x00000000d5c80000,0x00000000d5d80000)
 ParOldGen       total 368128K, used 367682K [0x0000000080000000, 0x0000000096780000, 0x00000000d5580000)
  object space 368128K, 99% used [0x0000000080000000,0x0000000096710968,0x0000000096780000)
 Metaspace       used 69629K, committed 71040K, reserved 1114112K
  class space    used 6962K, committed 7616K, reserved 1048576K
}
Event: 87.697 GC heap after
{Heap after GC invocations=1320 (full 4):
 PSYoungGen      total 7168K, used 427K [0x00000000d5580000, 0x00000000d5d80000, 0x0000000100000000)
  eden space 6144K, 0% used [0x00000000d5580000,0x00000000d5580000,0x00000000d5b80000)
  from space 1024K, 41% used [0x00000000d5c80000,0x00000000d5ceafb0,0x00000000d5d80000)
  to   space 1024K, 0% used [0x00000000d5b80000,0x00000000d5b80000,0x00000000d5c80000)
 ParOldGen       total 368640K, used 368426K [0x0000000080000000, 0x0000000096800000, 0x00000000d5580000)
  object space 368640K, 99% used [0x0000000080000000,0x00000000967ca968,0x0000000096800000)
 Metaspace       used 69629K, committed 71040K, reserved 1114112K
  class space    used 6962K, committed 7616K, reserved 1048576K
}
Event: 87.716 GC heap before
{Heap before GC invocations=1321 (full 4):
 PSYoungGen      total 7168K, used 6571K [0x00000000d5580000, 0x00000000d5d80000, 0x0000000100000000)
  eden space 6144K, 100% used [0x00000000d5580000,0x00000000d5b80000,0x00000000d5b80000)
  from space 1024K, 41% used [0x00000000d5c80000,0x00000000d5ceafb0,0x00000000d5d80000)
  to   space 1024K, 0% used [0x00000000d5b80000,0x00000000d5b80000,0x00000000d5c80000)
 ParOldGen       total 368640K, used 368426K [0x0000000080000000, 0x0000000096800000, 0x00000000d5580000)
  object space 368640K, 99% used [0x0000000080000000,0x00000000967ca968,0x0000000096800000)
 Metaspace       used 69629K, committed 71040K, reserved 1114112K
  class space    used 6962K, committed 7616K, reserved 1048576K
}

