# JRE version: OpenJDK Runtime Environment Temurin-21.0.7+6 (21.0.7+6) (build 21.0.7+6-LTS)
# Java VM: OpenJDK 64-Bit Server VM Temurin-21.0.7+6 (21.0.7+6-LTS, mixed mode, sharing, tiered, compressed oops, compressed class ptrs, parallel gc, windows-amd64)
GC Precious Log:
 CardTable entry size: 512
 CPUs: 12 total, 12 available
 Memory: 6005M
 Large Page Support: Disabled
 NUMA Support: Disabled
 Compressed Oops: Enabled (32-bit)
 Alignments: Space 512K, Generation 512K, Heap 2M
 Heap Min Capacity: 100M
 Heap Initial Capacity: 100M
 Heap Max Capacity: 2G
 Pre-touch: Disabled
 Parallel Workers: 10
Heap:
 PSYoungGen      total 24064K, used 23684K [0x00000000d5580000, 0x00000000d7200000, 0x0000000100000000)
  eden space 20480K, 100% used [0x00000000d5580000,0x00000000d6980000,0x00000000d6980000)
  from space 3584K, 89% used [0x00000000d6e80000,0x00000000d71a1040,0x00000000d7200000)
  to   space 4096K, 34% used [0x00000000d6a00000,0x00000000d6b62ea0,0x00000000d6e00000)
 ParOldGen       total 524800K, used 524792K [0x0000000080000000, 0x00000000a0080000, 0x00000000d5580000)
  object space 524800K, 99% used [0x0000000080000000,0x00000000a007e340,0x00000000a0080000)
 Metaspace       used 70188K, committed 71744K, reserved 1114112K
  class space    used 6938K, committed 7680K, reserved 1048576K
GC Heap History (20 events):
Event: 83.212 GC heap before
{Heap before GC invocations=847 (full 4):
 PSYoungGen      total 24576K, used 24310K [0x00000000d5580000, 0x00000000d7400000, 0x0000000100000000)
  eden space 22528K, 100% used [0x00000000d5580000,0x00000000d6b80000,0x00000000d6b80000)
  from space 2048K, 87% used [0x00000000d7200000,0x00000000d73bd848,0x00000000d7400000)
  to   space 2560K, 0% used [0x00000000d6f00000,0x00000000d6f00000,0x00000000d7180000)
 ParOldGen       total 503296K, used 502804K [0x0000000080000000, 0x000000009eb80000, 0x00000000d5580000)
  object space 503296K, 99% used [0x0000000080000000,0x000000009eb050b0,0x000000009eb80000)
 Metaspace       used 68932K, committed 70464K, reserved 1114112K
  class space    used 6848K, committed 7552K, reserved 1048576K
}
Event: 83.227 GC heap after
{Heap after GC invocations=847 (full 4):
 PSYoungGen      total 25088K, used 2231K [0x00000000d5580000, 0x00000000d7280000, 0x0000000100000000)
  eden space 22528K, 0% used [0x00000000d5580000,0x00000000d5580000,0x00000000d6b80000)
  from space 2560K, 87% used [0x00000000d6f00000,0x00000000d712dfe8,0x00000000d7180000)
  to   space 1024K, 0% used [0x00000000d7180000,0x00000000d7180000,0x00000000d7280000)
 ParOldGen       total 504832K, used 504482K [0x0000000080000000, 0x000000009ed00000, 0x00000000d5580000)
  object space 504832K, 99% used [0x0000000080000000,0x000000009eca88f8,0x000000009ed00000)
 Metaspace       used 68932K, committed 70464K, reserved 1114112K
  class space    used 6848K, committed 7552K, reserved 1048576K
}
Event: 83.378 GC heap before
{Heap before GC invocations=848 (full 4):
 PSYoungGen      total 25088K, used 24759K [0x00000000d5580000, 0x00000000d7280000, 0x0000000100000000)
  eden space 22528K, 100% used [0x00000000d5580000,0x00000000d6b80000,0x00000000d6b80000)
  from space 2560K, 87% used [0x00000000d6f00000,0x00000000d712dfe8,0x00000000d7180000)
  to   space 1024K, 0% used [0x00000000d7180000,0x00000000d7180000,0x00000000d7280000)
 ParOldGen       total 504832K, used 504483K [0x0000000080000000, 0x000000009ed00000, 0x00000000d5580000)
  object space 504832K, 99% used [0x0000000080000000,0x000000009eca8e20,0x000000009ed00000)
 Metaspace       used 68943K, committed 70464K, reserved 1114112K
  class space    used 6848K, committed 7552K, reserved 1048576K
}
Event: 83.387 GC heap after
{Heap after GC invocations=848 (full 4):
 PSYoungGen      total 23552K, used 1024K [0x00000000d5580000, 0x00000000d7580000, 0x0000000100000000)
  eden space 22528K, 0% used [0x00000000d5580000,0x00000000d5580000,0x00000000d6b80000)
  from space 1024K, 100% used [0x00000000d7180000,0x00000000d7280000,0x00000000d7280000)
  to   space 5120K, 0% used [0x00000000d6b80000,0x00000000d6b80000,0x00000000d7080000)
 ParOldGen       total 507904K, used 507827K [0x0000000080000000, 0x000000009f000000, 0x00000000d5580000)
  object space 507904K, 99% used [0x0000000080000000,0x000000009efecfd8,0x000000009f000000)
 Metaspace       used 68943K, committed 70464K, reserved 1114112K
  class space    used 6848K, committed 7552K, reserved 1048576K
}
Event: 83.701 GC heap before
{Heap before GC invocations=849 (full 4):
 PSYoungGen      total 23552K, used 23552K [0x00000000d5580000, 0x00000000d7580000, 0x0000000100000000)
  eden space 22528K, 100% used [0x00000000d5580000,0x00000000d6b80000,0x00000000d6b80000)
  from space 1024K, 100% used [0x00000000d7180000,0x00000000d7280000,0x00000000d7280000)
  to   space 5120K, 0% used [0x00000000d6b80000,0x00000000d6b80000,0x00000000d7080000)
 ParOldGen       total 507904K, used 507845K [0x0000000080000000, 0x000000009f000000, 0x00000000d5580000)
  object space 507904K, 99% used [0x0000000080000000,0x000000009eff17e0,0x000000009f000000)
 Metaspace       used 68977K, committed 70528K, reserved 1114112K
  class space    used 6848K, committed 7552K, reserved 1048576K
}
Event: 83.711 GC heap after
{Heap after GC invocations=849 (full 4):
 PSYoungGen      total 26112K, used 3130K [0x00000000d5580000, 0x00000000d7280000, 0x0000000100000000)
  eden space 22528K, 0% used [0x00000000d5580000,0x00000000d5580000,0x00000000d6b80000)
  from space 3584K, 87% used [0x00000000d6b80000,0x00000000d6e8e818,0x00000000d6f00000)
  to   space 3584K, 0% used [0x00000000d6f00000,0x00000000d6f00000,0x00000000d7280000)
 ParOldGen       total 508928K, used 508845K [0x0000000080000000, 0x000000009f100000, 0x00000000d5580000)
  object space 508928K, 99% used [0x0000000080000000,0x000000009f0eb7e0,0x000000009f100000)
 Metaspace       used 68977K, committed 70528K, reserved 1114112K
  class space    used 6848K, committed 7552K, reserved 1048576K
}
Event: 84.035 GC heap before
{Heap before GC invocations=850 (full 4):
 PSYoungGen      total 26112K, used 25658K [0x00000000d5580000, 0x00000000d7280000, 0x0000000100000000)
  eden space 22528K, 100% used [0x00000000d5580000,0x00000000d6b80000,0x00000000d6b80000)
  from space 3584K, 87% used [0x00000000d6b80000,0x00000000d6e8e818,0x00000000d6f00000)
  to   space 3584K, 0% used [0x00000000d6f00000,0x00000000d6f00000,0x00000000d7280000)
 ParOldGen       total 508928K, used 508845K [0x0000000080000000, 0x000000009f100000, 0x00000000d5580000)
  object space 508928K, 99% used [0x0000000080000000,0x000000009f0eb7e0,0x000000009f100000)
 Metaspace       used 69004K, committed 70528K, reserved 1114112K
  class space    used 6848K, committed 7552K, reserved 1048576K
}
Event: 84.045 GC heap after
{Heap after GC invocations=850 (full 4):
 PSYoungGen      total 25088K, used 2353K [0x00000000d5580000, 0x00000000d7180000, 0x0000000100000000)
  eden space 22528K, 0% used [0x00000000d5580000,0x00000000d5580000,0x00000000d6b80000)
  from space 2560K, 91% used [0x00000000d6f00000,0x00000000d714c780,0x00000000d7180000)
  to   space 3072K, 0% used [0x00000000d6b80000,0x00000000d6b80000,0x00000000d6e80000)
 ParOldGen       total 511488K, used 511450K [0x0000000080000000, 0x000000009f380000, 0x00000000d5580000)
  object space 511488K, 99% used [0x0000000080000000,0x000000009f376ba0,0x000000009f380000)
 Metaspace       used 69004K, committed 70528K, reserved 1114112K
  class space    used 6848K, committed 7552K, reserved 1048576K
}
Event: 84.674 GC heap before
{Heap before GC invocations=851 (full 4):
 PSYoungGen      total 25088K, used 24881K [0x00000000d5580000, 0x00000000d7180000, 0x0000000100000000)
  eden space 22528K, 100% used [0x00000000d5580000,0x00000000d6b80000,0x00000000d6b80000)
  from space 2560K, 91% used [0x00000000d6f00000,0x00000000d714c780,0x00000000d7180000)
  to   space 3072K, 0% used [0x00000000d6b80000,0x00000000d6b80000,0x00000000d6e80000)
 ParOldGen       total 511488K, used 511450K [0x0000000080000000, 0x000000009f380000, 0x00000000d5580000)
  object space 511488K, 99% used [0x0000000080000000,0x000000009f376ba0,0x000000009f380000)
 Metaspace       used 69173K, committed 70656K, reserved 1114112K
  class space    used 6862K, committed 7552K, reserved 1048576K
}
Event: 84.697 GC heap after
{Heap after GC invocations=851 (full 4):
 PSYoungGen      total 25088K, used 2377K [0x00000000d5580000, 0x00000000d7080000, 0x0000000100000000)
  eden space 22528K, 0% used [0x00000000d5580000,0x00000000d5580000,0x00000000d6b80000)
  from space 2560K, 92% used [0x00000000d6b80000,0x00000000d6dd2400,0x00000000d6e00000)
  to   space 2560K, 0% used [0x00000000d6e00000,0x00000000d6e00000,0x00000000d7080000)
 ParOldGen       total 514048K, used 513645K [0x0000000080000000, 0x000000009f600000, 0x00000000d5580000)
  object space 514048K, 99% used [0x0000000080000000,0x000000009f59b590,0x000000009f600000)
 Metaspace       used 69173K, committed 70656K, reserved 1114112K
  class space    used 6862K, committed 7552K, reserved 1048576K
}
Event: 84.891 GC heap before
{Heap before GC invocations=852 (full 4):
 PSYoungGen      total 25088K, used 24905K [0x00000000d5580000, 0x00000000d7080000, 0x0000000100000000)
  eden space 22528K, 100% used [0x00000000d5580000,0x00000000d6b80000,0x00000000d6b80000)
  from space 2560K, 92% used [0x00000000d6b80000,0x00000000d6dd2400,0x00000000d6e00000)
  to   space 2560K, 0% used [0x00000000d6e00000,0x00000000d6e00000,0x00000000d7080000)
 ParOldGen       total 514048K, used 513645K [0x0000000080000000, 0x000000009f600000, 0x00000000d5580000)
  object space 514048K, 99% used [0x0000000080000000,0x000000009f59b590,0x000000009f600000)
 Metaspace       used 69311K, committed 70784K, reserved 1114112K
  class space    used 6870K, committed 7552K, reserved 1048576K
}
Event: 84.898 GC heap after
{Heap after GC invocations=852 (full 4):
 PSYoungGen      total 22528K, used 2545K [0x00000000d5580000, 0x00000000d7580000, 0x0000000100000000)
  eden space 19968K, 0% used [0x00000000d5580000,0x00000000d5580000,0x00000000d6900000)
  from space 2560K, 99% used [0x00000000d6e00000,0x00000000d707c418,0x00000000d7080000)
  to   space 5120K, 0% used [0x00000000d6900000,0x00000000d6900000,0x00000000d6e00000)
 ParOldGen       total 515584K, used 515509K [0x0000000080000000, 0x000000009f780000, 0x00000000d5580000)
  object space 515584K, 99% used [0x0000000080000000,0x000000009f76d6e8,0x000000009f780000)
 Metaspace       used 69311K, committed 70784K, reserved 1114112K
  class space    used 6870K, committed 7552K, reserved 1048576K
}
Event: 85.143 GC heap before
{Heap before GC invocations=853 (full 4):
 PSYoungGen      total 22528K, used 22513K [0x00000000d5580000, 0x00000000d7580000, 0x0000000100000000)
  eden space 19968K, 99% used [0x00000000d5580000,0x00000000d68ffff8,0x00000000d6900000)
  from space 2560K, 99% used [0x00000000d6e00000,0x00000000d707c418,0x00000000d7080000)
  to   space 5120K, 0% used [0x00000000d6900000,0x00000000d6900000,0x00000000d6e00000)
 ParOldGen       total 515584K, used 515509K [0x0000000080000000, 0x000000009f780000, 0x00000000d5580000)
  object space 515584K, 99% used [0x0000000080000000,0x000000009f76d6e8,0x000000009f780000)
 Metaspace       used 69568K, committed 71104K, reserved 1114112K
  class space    used 6892K, committed 7616K, reserved 1048576K
}
Event: 86.160 GC heap after
{Heap after GC invocations=853 (full 4):
 PSYoungGen      total 25088K, used 2300K [0x00000000d5580000, 0x00000000d7280000, 0x0000000100000000)
  eden space 19968K, 0% used [0x00000000d5580000,0x00000000d5580000,0x00000000d6900000)
  from space 5120K, 44% used [0x00000000d6900000,0x00000000d6b3f008,0x00000000d6e00000)
  to   space 3072K, 0% used [0x00000000d6f80000,0x00000000d6f80000,0x00000000d7280000)
 ParOldGen       total 518144K, used 517921K [0x0000000080000000, 0x000000009fa00000, 0x00000000d5580000)
  object space 518144K, 99% used [0x0000000080000000,0x000000009f9c8468,0x000000009fa00000)
 Metaspace       used 69568K, committed 71104K, reserved 1114112K
  class space    used 6892K, committed 7616K, reserved 1048576K
}
Event: 86.757 GC heap before
{Heap before GC invocations=854 (full 4):
 PSYoungGen      total 25088K, used 22268K [0x00000000d5580000, 0x00000000d7280000, 0x0000000100000000)
  eden space 19968K, 100% used [0x00000000d5580000,0x00000000d6900000,0x00000000d6900000)
  from space 5120K, 44% used [0x00000000d6900000,0x00000000d6b3f008,0x00000000d6e00000)
  to   space 3072K, 0% used [0x00000000d6f80000,0x00000000d6f80000,0x00000000d7280000)
 ParOldGen       total 518144K, used 517921K [0x0000000080000000, 0x000000009fa00000, 0x00000000d5580000)
  object space 518144K, 99% used [0x0000000080000000,0x000000009f9c8468,0x000000009fa00000)
 Metaspace       used 70047K, committed 71616K, reserved 1114112K
  class space    used 6934K, committed 7680K, reserved 1048576K
}
Event: 86.767 GC heap after
{Heap after GC invocations=854 (full 4):
 PSYoungGen      total 23552K, used 3056K [0x00000000d5580000, 0x00000000d7880000, 0x0000000100000000)
  eden space 20480K, 0% used [0x00000000d5580000,0x00000000d5580000,0x00000000d6980000)
  from space 3072K, 99% used [0x00000000d6f80000,0x00000000d727c098,0x00000000d7280000)
  to   space 6144K, 0% used [0x00000000d6980000,0x00000000d6980000,0x00000000d6f80000)
 ParOldGen       total 520192K, used 520167K [0x0000000080000000, 0x000000009fc00000, 0x00000000d5580000)
  object space 520192K, 99% used [0x0000000080000000,0x000000009fbf9fa0,0x000000009fc00000)
 Metaspace       used 70047K, committed 71616K, reserved 1114112K
  class space    used 6934K, committed 7680K, reserved 1048576K
}
Event: 87.174 GC heap before
{Heap before GC invocations=855 (full 4):
 PSYoungGen      total 23552K, used 23536K [0x00000000d5580000, 0x00000000d7880000, 0x0000000100000000)
  eden space 20480K, 100% used [0x00000000d5580000,0x00000000d6980000,0x00000000d6980000)
  from space 3072K, 99% used [0x00000000d6f80000,0x00000000d727c098,0x00000000d7280000)
  to   space 6144K, 0% used [0x00000000d6980000,0x00000000d6980000,0x00000000d6f80000)
 ParOldGen       total 520192K, used 520167K [0x0000000080000000, 0x000000009fc00000, 0x00000000d5580000)
  object space 520192K, 99% used [0x0000000080000000,0x000000009fbf9fa0,0x000000009fc00000)
 Metaspace       used 70105K, committed 71680K, reserved 1114112K
  class space    used 6935K, committed 7680K, reserved 1048576K
}
Event: 87.180 GC heap after
{Heap after GC invocations=855 (full 4):
 PSYoungGen      total 25088K, used 4242K [0x00000000d5580000, 0x00000000d7380000, 0x0000000100000000)
  eden space 20480K, 0% used [0x00000000d5580000,0x00000000d5580000,0x00000000d6980000)
  from space 4608K, 92% used [0x00000000d6980000,0x00000000d6da49c0,0x00000000d6e00000)
  to   space 5120K, 0% used [0x00000000d6e80000,0x00000000d6e80000,0x00000000d7380000)
 ParOldGen       total 521728K, used 521712K [0x0000000080000000, 0x000000009fd80000, 0x00000000d5580000)
  object space 521728K, 99% used [0x0000000080000000,0x000000009fd7c380,0x000000009fd80000)
 Metaspace       used 70105K, committed 71680K, reserved 1114112K
  class space    used 6935K, committed 7680K, reserved 1048576K
}
Event: 87.392 GC heap before
{Heap before GC invocations=856 (full 4):
 PSYoungGen      total 25088K, used 24720K [0x00000000d5580000, 0x00000000d7380000, 0x0000000100000000)
  eden space 20480K, 99% used [0x00000000d5580000,0x00000000d697f7f8,0x00000000d6980000)
  from space 4608K, 92% used [0x00000000d6980000,0x00000000d6da49c0,0x00000000d6e00000)
  to   space 5120K, 0% used [0x00000000d6e80000,0x00000000d6e80000,0x00000000d7380000)
 ParOldGen       total 521728K, used 521712K [0x0000000080000000, 0x000000009fd80000, 0x00000000d5580000)
  object space 521728K, 99% used [0x0000000080000000,0x000000009fd7c380,0x000000009fd80000)
 Metaspace       used 70132K, committed 71680K, reserved 1114112K
  class space    used 6935K, committed 7680K, reserved 1048576K
}
Event: 87.401 GC heap after
{Heap after GC invocations=856 (full 4):
 PSYoungGen      total 24064K, used 3204K [0x00000000d5580000, 0x00000000d7200000, 0x0000000100000000)
  eden space 20480K, 0% used [0x00000000d5580000,0x00000000d5580000,0x00000000d6980000)
  from space 3584K, 89% used [0x00000000d6e80000,0x00000000d71a1040,0x00000000d7200000)
  to   space 4096K, 0% used [0x00000000d6a00000,0x00000000d6a00000,0x00000000d6e00000)
 ParOldGen       total 524288K, used 524221K [0x0000000080000000, 0x00000000a0000000, 0x00000000d5580000)
  object space 524288K, 99% used [0x0000000080000000,0x000000009ffef660,0x00000000a0000000)
 Metaspace       used 70132K, committed 71680K, reserved 1114112K
  class space    used 6935K, committed 7680K, reserved 1048576K
}

