# JRE version: OpenJDK Runtime Environment Temurin-21.0.7+6 (21.0.7+6) (build 21.0.7+6-LTS)
# Java VM: OpenJDK 64-Bit Server VM Temurin-21.0.7+6 (21.0.7+6-LTS, mixed mode, sharing, tiered, compressed oops, compressed class ptrs, parallel gc, windows-amd64)
GC Precious Log:
 CardTable entry size: 512
 CPUs: 12 total, 12 available
 Memory: 6005M
 Large Page Support: Disabled
 NUMA Support: Disabled
 Compressed Oops: Enabled (32-bit)
 Alignments: Space 512K, Generation 512K, Heap 2M
 Heap Min Capacity: 100M
 Heap Initial Capacity: 100M
 Heap Max Capacity: 2G
 Pre-touch: Disabled
 Parallel Workers: 10
Heap:
 PSYoungGen      total 8192K, used 1941K [0x00000000d5580000, 0x00000000d6100000, 0x0000000100000000)
  eden space 6144K, 2% used [0x00000000d5580000,0x00000000d559ed20,0x00000000d5b80000)
  from space 2048K, 88% used [0x00000000d5b80000,0x00000000d5d468d8,0x00000000d5d80000)
  to   space 2048K, 0% used [0x00000000d5f00000,0x00000000d5f00000,0x00000000d6100000)
 ParOldGen       total 109056K, used 108597K [0x0000000080000000, 0x0000000086a80000, 0x00000000d5580000)
  object space 109056K, 99% used [0x0000000080000000,0x0000000086a0d450,0x0000000086a80000)
 Metaspace       used 56911K, committed 58304K, reserved 1114112K
  class space    used 6086K, committed 6720K, reserved 1048576K
GC Heap History (20 events):
Event: 16.509 GC heap after
{Heap after GC invocations=50 (full 2):
 PSYoungGen      total 10240K, used 1828K [0x00000000d5580000, 0x00000000d6200000, 0x0000000100000000)
  eden space 8192K, 0% used [0x00000000d5580000,0x00000000d5580000,0x00000000d5d80000)
  from space 2048K, 89% used [0x00000000d6000000,0x00000000d61c9048,0x00000000d6200000)
  to   space 2048K, 0% used [0x00000000d5d80000,0x00000000d5d80000,0x00000000d5f80000)
 ParOldGen       total 90624K, used 90420K [0x0000000080000000, 0x0000000085880000, 0x00000000d5580000)
  object space 90624K, 99% used [0x0000000080000000,0x000000008584d198,0x0000000085880000)
 Metaspace       used 56425K, committed 57792K, reserved 1114112K
  class space    used 6046K, committed 6656K, reserved 1048576K
}
Event: 16.596 GC heap before
{Heap before GC invocations=51 (full 2):
 PSYoungGen      total 10240K, used 10003K [0x00000000d5580000, 0x00000000d6200000, 0x0000000100000000)
  eden space 8192K, 99% used [0x00000000d5580000,0x00000000d5d7be60,0x00000000d5d80000)
  from space 2048K, 89% used [0x00000000d6000000,0x00000000d61c9048,0x00000000d6200000)
  to   space 2048K, 0% used [0x00000000d5d80000,0x00000000d5d80000,0x00000000d5f80000)
 ParOldGen       total 90624K, used 90420K [0x0000000080000000, 0x0000000085880000, 0x00000000d5580000)
  object space 90624K, 99% used [0x0000000080000000,0x000000008584d198,0x0000000085880000)
 Metaspace       used 56726K, committed 58112K, reserved 1114112K
  class space    used 6058K, committed 6720K, reserved 1048576K
}
Event: 16.601 GC heap after
{Heap after GC invocations=51 (full 2):
 PSYoungGen      total 10240K, used 1654K [0x00000000d5580000, 0x00000000d6180000, 0x0000000100000000)
  eden space 8192K, 0% used [0x00000000d5580000,0x00000000d5580000,0x00000000d5d80000)
  from space 2048K, 80% used [0x00000000d5d80000,0x00000000d5f1d918,0x00000000d5f80000)
  to   space 2048K, 0% used [0x00000000d5f80000,0x00000000d5f80000,0x00000000d6180000)
 ParOldGen       total 92160K, used 92004K [0x0000000080000000, 0x0000000085a00000, 0x00000000d5580000)
  object space 92160K, 99% used [0x0000000080000000,0x00000000859d92a0,0x0000000085a00000)
 Metaspace       used 56726K, committed 58112K, reserved 1114112K
  class space    used 6058K, committed 6720K, reserved 1048576K
}
Event: 16.681 GC heap before
{Heap before GC invocations=52 (full 2):
 PSYoungGen      total 10240K, used 9846K [0x00000000d5580000, 0x00000000d6180000, 0x0000000100000000)
  eden space 8192K, 100% used [0x00000000d5580000,0x00000000d5d80000,0x00000000d5d80000)
  from space 2048K, 80% used [0x00000000d5d80000,0x00000000d5f1d918,0x00000000d5f80000)
  to   space 2048K, 0% used [0x00000000d5f80000,0x00000000d5f80000,0x00000000d6180000)
 ParOldGen       total 92160K, used 92004K [0x0000000080000000, 0x0000000085a00000, 0x00000000d5580000)
  object space 92160K, 99% used [0x0000000080000000,0x00000000859d92a0,0x0000000085a00000)
 Metaspace       used 56840K, committed 58240K, reserved 1114112K
  class space    used 6078K, committed 6720K, reserved 1048576K
}
Event: 16.688 GC heap after
{Heap after GC invocations=52 (full 2):
 PSYoungGen      total 8192K, used 2016K [0x00000000d5580000, 0x00000000d6580000, 0x0000000100000000)
  eden space 6144K, 0% used [0x00000000d5580000,0x00000000d5580000,0x00000000d5b80000)
  from space 2048K, 98% used [0x00000000d5f80000,0x00000000d6178088,0x00000000d6180000)
  to   space 4096K, 0% used [0x00000000d5b80000,0x00000000d5b80000,0x00000000d5f80000)
 ParOldGen       total 93696K, used 93505K [0x0000000080000000, 0x0000000085b80000, 0x00000000d5580000)
  object space 93696K, 99% used [0x0000000080000000,0x0000000085b50640,0x0000000085b80000)
 Metaspace       used 56840K, committed 58240K, reserved 1114112K
  class space    used 6078K, committed 6720K, reserved 1048576K
}
Event: 16.760 GC heap before
{Heap before GC invocations=53 (full 2):
 PSYoungGen      total 8192K, used 8160K [0x00000000d5580000, 0x00000000d6580000, 0x0000000100000000)
  eden space 6144K, 100% used [0x00000000d5580000,0x00000000d5b80000,0x00000000d5b80000)
  from space 2048K, 98% used [0x00000000d5f80000,0x00000000d6178088,0x00000000d6180000)
  to   space 4096K, 0% used [0x00000000d5b80000,0x00000000d5b80000,0x00000000d5f80000)
 ParOldGen       total 93696K, used 93505K [0x0000000080000000, 0x0000000085b80000, 0x00000000d5580000)
  object space 93696K, 99% used [0x0000000080000000,0x0000000085b50640,0x0000000085b80000)
 Metaspace       used 56841K, committed 58240K, reserved 1114112K
  class space    used 6078K, committed 6720K, reserved 1048576K
}
Event: 16.765 GC heap after
{Heap after GC invocations=53 (full 2):
 PSYoungGen      total 8192K, used 1800K [0x00000000d5580000, 0x00000000d6080000, 0x0000000100000000)
  eden space 6144K, 0% used [0x00000000d5580000,0x00000000d5580000,0x00000000d5b80000)
  from space 2048K, 87% used [0x00000000d5b80000,0x00000000d5d42360,0x00000000d5d80000)
  to   space 2560K, 0% used [0x00000000d5e00000,0x00000000d5e00000,0x00000000d6080000)
 ParOldGen       total 95744K, used 95430K [0x0000000080000000, 0x0000000085d80000, 0x00000000d5580000)
  object space 95744K, 99% used [0x0000000080000000,0x0000000085d319d0,0x0000000085d80000)
 Metaspace       used 56841K, committed 58240K, reserved 1114112K
  class space    used 6078K, committed 6720K, reserved 1048576K
}
Event: 16.811 GC heap before
{Heap before GC invocations=54 (full 2):
 PSYoungGen      total 8192K, used 7944K [0x00000000d5580000, 0x00000000d6080000, 0x0000000100000000)
  eden space 6144K, 100% used [0x00000000d5580000,0x00000000d5b80000,0x00000000d5b80000)
  from space 2048K, 87% used [0x00000000d5b80000,0x00000000d5d42360,0x00000000d5d80000)
  to   space 2560K, 0% used [0x00000000d5e00000,0x00000000d5e00000,0x00000000d6080000)
 ParOldGen       total 95744K, used 95430K [0x0000000080000000, 0x0000000085d80000, 0x00000000d5580000)
  object space 95744K, 99% used [0x0000000080000000,0x0000000085d319d0,0x0000000085d80000)
 Metaspace       used 56841K, committed 58240K, reserved 1114112K
  class space    used 6078K, committed 6720K, reserved 1048576K
}
Event: 16.816 GC heap after
{Heap after GC invocations=54 (full 2):
 PSYoungGen      total 8192K, used 1604K [0x00000000d5580000, 0x00000000d6000000, 0x0000000100000000)
  eden space 6144K, 0% used [0x00000000d5580000,0x00000000d5580000,0x00000000d5b80000)
  from space 2048K, 78% used [0x00000000d5e00000,0x00000000d5f911c8,0x00000000d6000000)
  to   space 2048K, 0% used [0x00000000d5b80000,0x00000000d5b80000,0x00000000d5d80000)
 ParOldGen       total 97280K, used 97097K [0x0000000080000000, 0x0000000085f00000, 0x00000000d5580000)
  object space 97280K, 99% used [0x0000000080000000,0x0000000085ed2400,0x0000000085f00000)
 Metaspace       used 56841K, committed 58240K, reserved 1114112K
  class space    used 6078K, committed 6720K, reserved 1048576K
}
Event: 16.897 GC heap before
{Heap before GC invocations=55 (full 2):
 PSYoungGen      total 8192K, used 7748K [0x00000000d5580000, 0x00000000d6000000, 0x0000000100000000)
  eden space 6144K, 100% used [0x00000000d5580000,0x00000000d5b80000,0x00000000d5b80000)
  from space 2048K, 78% used [0x00000000d5e00000,0x00000000d5f911c8,0x00000000d6000000)
  to   space 2048K, 0% used [0x00000000d5b80000,0x00000000d5b80000,0x00000000d5d80000)
 ParOldGen       total 97280K, used 97097K [0x0000000080000000, 0x0000000085f00000, 0x00000000d5580000)
  object space 97280K, 99% used [0x0000000080000000,0x0000000085ed2400,0x0000000085f00000)
 Metaspace       used 56843K, committed 58240K, reserved 1114112K
  class space    used 6078K, committed 6720K, reserved 1048576K
}
Event: 16.900 GC heap after
{Heap after GC invocations=55 (full 2):
 PSYoungGen      total 8192K, used 1797K [0x00000000d5580000, 0x00000000d5f80000, 0x0000000100000000)
  eden space 6144K, 0% used [0x00000000d5580000,0x00000000d5580000,0x00000000d5b80000)
  from space 2048K, 87% used [0x00000000d5b80000,0x00000000d5d414c8,0x00000000d5d80000)
  to   space 2048K, 0% used [0x00000000d5d80000,0x00000000d5d80000,0x00000000d5f80000)
 ParOldGen       total 98816K, used 98592K [0x0000000080000000, 0x0000000086080000, 0x00000000d5580000)
  object space 98816K, 99% used [0x0000000080000000,0x0000000086048030,0x0000000086080000)
 Metaspace       used 56843K, committed 58240K, reserved 1114112K
  class space    used 6078K, committed 6720K, reserved 1048576K
}
Event: 16.935 GC heap before
{Heap before GC invocations=56 (full 2):
 PSYoungGen      total 8192K, used 7941K [0x00000000d5580000, 0x00000000d5f80000, 0x0000000100000000)
  eden space 6144K, 100% used [0x00000000d5580000,0x00000000d5b80000,0x00000000d5b80000)
  from space 2048K, 87% used [0x00000000d5b80000,0x00000000d5d414c8,0x00000000d5d80000)
  to   space 2048K, 0% used [0x00000000d5d80000,0x00000000d5d80000,0x00000000d5f80000)
 ParOldGen       total 98816K, used 98592K [0x0000000080000000, 0x0000000086080000, 0x00000000d5580000)
  object space 98816K, 99% used [0x0000000080000000,0x0000000086048030,0x0000000086080000)
 Metaspace       used 56843K, committed 58240K, reserved 1114112K
  class space    used 6078K, committed 6720K, reserved 1048576K
}
Event: 16.940 GC heap after
{Heap after GC invocations=56 (full 2):
 PSYoungGen      total 8192K, used 1820K [0x00000000d5580000, 0x00000000d5f80000, 0x0000000100000000)
  eden space 6144K, 0% used [0x00000000d5580000,0x00000000d5580000,0x00000000d5b80000)
  from space 2048K, 88% used [0x00000000d5d80000,0x00000000d5f47238,0x00000000d5f80000)
  to   space 2048K, 0% used [0x00000000d5b80000,0x00000000d5b80000,0x00000000d5d80000)
 ParOldGen       total 100352K, used 100225K [0x0000000080000000, 0x0000000086200000, 0x00000000d5580000)
  object space 100352K, 99% used [0x0000000080000000,0x00000000861e04c0,0x0000000086200000)
 Metaspace       used 56843K, committed 58240K, reserved 1114112K
  class space    used 6078K, committed 6720K, reserved 1048576K
}
Event: 16.968 GC heap before
{Heap before GC invocations=57 (full 2):
 PSYoungGen      total 8192K, used 7964K [0x00000000d5580000, 0x00000000d5f80000, 0x0000000100000000)
  eden space 6144K, 100% used [0x00000000d5580000,0x00000000d5b80000,0x00000000d5b80000)
  from space 2048K, 88% used [0x00000000d5d80000,0x00000000d5f47238,0x00000000d5f80000)
  to   space 2048K, 0% used [0x00000000d5b80000,0x00000000d5b80000,0x00000000d5d80000)
 ParOldGen       total 100352K, used 100225K [0x0000000080000000, 0x0000000086200000, 0x00000000d5580000)
  object space 100352K, 99% used [0x0000000080000000,0x00000000861e04c0,0x0000000086200000)
 Metaspace       used 56843K, committed 58240K, reserved 1114112K
  class space    used 6078K, committed 6720K, reserved 1048576K
}
Event: 16.972 GC heap after
{Heap after GC invocations=57 (full 2):
 PSYoungGen      total 8192K, used 1748K [0x00000000d5580000, 0x00000000d5f80000, 0x0000000100000000)
  eden space 6144K, 0% used [0x00000000d5580000,0x00000000d5580000,0x00000000d5b80000)
  from space 2048K, 85% used [0x00000000d5b80000,0x00000000d5d35280,0x00000000d5d80000)
  to   space 2048K, 0% used [0x00000000d5d80000,0x00000000d5d80000,0x00000000d5f80000)
 ParOldGen       total 101888K, used 101855K [0x0000000080000000, 0x0000000086380000, 0x00000000d5580000)
  object space 101888K, 99% used [0x0000000080000000,0x0000000086377d38,0x0000000086380000)
 Metaspace       used 56843K, committed 58240K, reserved 1114112K
  class space    used 6078K, committed 6720K, reserved 1048576K
}
Event: 17.001 GC heap before
{Heap before GC invocations=58 (full 2):
 PSYoungGen      total 8192K, used 7892K [0x00000000d5580000, 0x00000000d5f80000, 0x0000000100000000)
  eden space 6144K, 100% used [0x00000000d5580000,0x00000000d5b80000,0x00000000d5b80000)
  from space 2048K, 85% used [0x00000000d5b80000,0x00000000d5d35280,0x00000000d5d80000)
  to   space 2048K, 0% used [0x00000000d5d80000,0x00000000d5d80000,0x00000000d5f80000)
 ParOldGen       total 101888K, used 101855K [0x0000000080000000, 0x0000000086380000, 0x00000000d5580000)
  object space 101888K, 99% used [0x0000000080000000,0x0000000086377d38,0x0000000086380000)
 Metaspace       used 56845K, committed 58240K, reserved 1114112K
  class space    used 6078K, committed 6720K, reserved 1048576K
}
Event: 17.005 GC heap after
{Heap after GC invocations=58 (full 2):
 PSYoungGen      total 8192K, used 1967K [0x00000000d5580000, 0x00000000d5f80000, 0x0000000100000000)
  eden space 6144K, 0% used [0x00000000d5580000,0x00000000d5580000,0x00000000d5b80000)
  from space 2048K, 96% used [0x00000000d5d80000,0x00000000d5f6bca8,0x00000000d5f80000)
  to   space 2048K, 0% used [0x00000000d5b80000,0x00000000d5b80000,0x00000000d5d80000)
 ParOldGen       total 103936K, used 103440K [0x0000000080000000, 0x0000000086580000, 0x00000000d5580000)
  object space 103936K, 99% used [0x0000000080000000,0x0000000086504008,0x0000000086580000)
 Metaspace       used 56845K, committed 58240K, reserved 1114112K
  class space    used 6078K, committed 6720K, reserved 1048576K
}
Event: 17.032 GC heap before
{Heap before GC invocations=59 (full 2):
 PSYoungGen      total 8192K, used 8111K [0x00000000d5580000, 0x00000000d5f80000, 0x0000000100000000)
  eden space 6144K, 100% used [0x00000000d5580000,0x00000000d5b80000,0x00000000d5b80000)
  from space 2048K, 96% used [0x00000000d5d80000,0x00000000d5f6bca8,0x00000000d5f80000)
  to   space 2048K, 0% used [0x00000000d5b80000,0x00000000d5b80000,0x00000000d5d80000)
 ParOldGen       total 103936K, used 103440K [0x0000000080000000, 0x0000000086580000, 0x00000000d5580000)
  object space 103936K, 99% used [0x0000000080000000,0x0000000086504008,0x0000000086580000)
 Metaspace       used 56846K, committed 58240K, reserved 1114112K
  class space    used 6078K, committed 6720K, reserved 1048576K
}
Event: 17.035 GC heap after
{Heap after GC invocations=59 (full 2):
 PSYoungGen      total 8192K, used 1800K [0x00000000d5580000, 0x00000000d5f80000, 0x0000000100000000)
  eden space 6144K, 0% used [0x00000000d5580000,0x00000000d5580000,0x00000000d5b80000)
  from space 2048K, 87% used [0x00000000d5b80000,0x00000000d5d42290,0x00000000d5d80000)
  to   space 2048K, 0% used [0x00000000d5d80000,0x00000000d5d80000,0x00000000d5f80000)
 ParOldGen       total 105472K, used 105279K [0x0000000080000000, 0x0000000086700000, 0x00000000d5580000)
  object space 105472K, 99% used [0x0000000080000000,0x00000000866cfe30,0x0000000086700000)
 Metaspace       used 56846K, committed 58240K, reserved 1114112K
  class space    used 6078K, committed 6720K, reserved 1048576K
}
Event: 17.073 GC heap before
{Heap before GC invocations=60 (full 2):
 PSYoungGen      total 8192K, used 7944K [0x00000000d5580000, 0x00000000d5f80000, 0x0000000100000000)
  eden space 6144K, 100% used [0x00000000d5580000,0x00000000d5b80000,0x00000000d5b80000)
  from space 2048K, 87% used [0x00000000d5b80000,0x00000000d5d42290,0x00000000d5d80000)
  to   space 2048K, 0% used [0x00000000d5d80000,0x00000000d5d80000,0x00000000d5f80000)
 ParOldGen       total 105472K, used 105279K [0x0000000080000000, 0x0000000086700000, 0x00000000d5580000)
  object space 105472K, 99% used [0x0000000080000000,0x00000000866cfe30,0x0000000086700000)
 Metaspace       used 56849K, committed 58240K, reserved 1114112K
  class space    used 6078K, committed 6720K, reserved 1048576K
}

