# JRE version: OpenJDK Runtime Environment Temurin-21.0.7+6 (21.0.7+6) (build 21.0.7+6-LTS)
# Java VM: OpenJDK 64-Bit Server VM Temurin-21.0.7+6 (21.0.7+6-LTS, mixed mode, sharing, tiered, compressed oops, compressed class ptrs, parallel gc, windows-amd64)
GC Precious Log:
 CardTable entry size: 512
 CPUs: 12 total, 12 available
 Memory: 6005M
 Large Page Support: Disabled
 NUMA Support: Disabled
 Compressed Oops: Enabled (32-bit)
 Alignments: Space 512K, Generation 512K, Heap 2M
 Heap Min Capacity: 100M
 Heap Initial Capacity: 100M
 Heap Max Capacity: 2G
 Pre-touch: Disabled
 Parallel Workers: 10
Heap:
 PSYoungGen      total 13312K, used 4883K [0x00000000d5580000, 0x00000000d6b00000, 0x0000000100000000)
  eden space 10752K, 21% used [0x00000000d5580000,0x00000000d57cd3b0,0x00000000d6000000)
  from space 2560K, 99% used [0x00000000d6100000,0x00000000d637f090,0x00000000d6380000)
  to   space 5632K, 0% used [0x00000000d6580000,0x00000000d6580000,0x00000000d6b00000)
 ParOldGen       total 138240K, used 137820K [0x0000000080000000, 0x0000000088700000, 0x00000000d5580000)
  object space 138240K, 99% used [0x0000000080000000,0x00000000886970d8,0x0000000088700000)
 Metaspace       used 56900K, committed 58176K, reserved 1114112K
  class space    used 6082K, committed 6656K, reserved 1048576K
GC Heap History (20 events):
Event: 11.806 GC heap before
{Heap before GC invocations=52 (full 2):
 PSYoungGen      total 13824K, used 13565K [0x00000000d5580000, 0x00000000d6580000, 0x0000000100000000)
  eden space 11264K, 99% used [0x00000000d5580000,0x00000000d607f680,0x00000000d6080000)
  from space 2560K, 90% used [0x00000000d6080000,0x00000000d62c0030,0x00000000d6300000)
  to   space 2560K, 0% used [0x00000000d6300000,0x00000000d6300000,0x00000000d6580000)
 ParOldGen       total 110080K, used 109877K [0x0000000080000000, 0x0000000086b80000, 0x00000000d5580000)
  object space 110080K, 99% used [0x0000000080000000,0x0000000086b4d588,0x0000000086b80000)
 Metaspace       used 55708K, committed 56896K, reserved 1114112K
  class space    used 5973K, committed 6528K, reserved 1048576K
}
Event: 11.811 GC heap after
{Heap after GC invocations=52 (full 2):
 PSYoungGen      total 13824K, used 2340K [0x00000000d5580000, 0x00000000d6580000, 0x0000000100000000)
  eden space 11264K, 0% used [0x00000000d5580000,0x00000000d5580000,0x00000000d6080000)
  from space 2560K, 91% used [0x00000000d6300000,0x00000000d6549020,0x00000000d6580000)
  to   space 2560K, 0% used [0x00000000d6080000,0x00000000d6080000,0x00000000d6300000)
 ParOldGen       total 112128K, used 111915K [0x0000000080000000, 0x0000000086d80000, 0x00000000d5580000)
  object space 112128K, 99% used [0x0000000080000000,0x0000000086d4ad10,0x0000000086d80000)
 Metaspace       used 55708K, committed 56896K, reserved 1114112K
  class space    used 5973K, committed 6528K, reserved 1048576K
}
Event: 11.896 GC heap before
{Heap before GC invocations=53 (full 2):
 PSYoungGen      total 13824K, used 13604K [0x00000000d5580000, 0x00000000d6580000, 0x0000000100000000)
  eden space 11264K, 100% used [0x00000000d5580000,0x00000000d6080000,0x00000000d6080000)
  from space 2560K, 91% used [0x00000000d6300000,0x00000000d6549020,0x00000000d6580000)
  to   space 2560K, 0% used [0x00000000d6080000,0x00000000d6080000,0x00000000d6300000)
 ParOldGen       total 112128K, used 111915K [0x0000000080000000, 0x0000000086d80000, 0x00000000d5580000)
  object space 112128K, 99% used [0x0000000080000000,0x0000000086d4ad10,0x0000000086d80000)
 Metaspace       used 55795K, committed 57088K, reserved 1114112K
  class space    used 5977K, committed 6528K, reserved 1048576K
}
Event: 11.901 GC heap after
{Heap after GC invocations=53 (full 2):
 PSYoungGen      total 13824K, used 2539K [0x00000000d5580000, 0x00000000d6a80000, 0x0000000100000000)
  eden space 11264K, 0% used [0x00000000d5580000,0x00000000d5580000,0x00000000d6080000)
  from space 2560K, 99% used [0x00000000d6080000,0x00000000d62fad68,0x00000000d6300000)
  to   space 5120K, 0% used [0x00000000d6580000,0x00000000d6580000,0x00000000d6a80000)
 ParOldGen       total 114176K, used 114086K [0x0000000080000000, 0x0000000086f80000, 0x00000000d5580000)
  object space 114176K, 99% used [0x0000000080000000,0x0000000086f69910,0x0000000086f80000)
 Metaspace       used 55795K, committed 57088K, reserved 1114112K
  class space    used 5977K, committed 6528K, reserved 1048576K
}
Event: 11.989 GC heap before
{Heap before GC invocations=54 (full 2):
 PSYoungGen      total 13824K, used 13803K [0x00000000d5580000, 0x00000000d6a80000, 0x0000000100000000)
  eden space 11264K, 100% used [0x00000000d5580000,0x00000000d6080000,0x00000000d6080000)
  from space 2560K, 99% used [0x00000000d6080000,0x00000000d62fad68,0x00000000d6300000)
  to   space 5120K, 0% used [0x00000000d6580000,0x00000000d6580000,0x00000000d6a80000)
 ParOldGen       total 114176K, used 114086K [0x0000000080000000, 0x0000000086f80000, 0x00000000d5580000)
  object space 114176K, 99% used [0x0000000080000000,0x0000000086f69910,0x0000000086f80000)
 Metaspace       used 55946K, committed 57280K, reserved 1114112K
  class space    used 5988K, committed 6592K, reserved 1048576K
}
Event: 11.995 GC heap after
{Heap after GC invocations=54 (full 2):
 PSYoungGen      total 14336K, used 2601K [0x00000000d5580000, 0x00000000d6880000, 0x0000000100000000)
  eden space 11264K, 0% used [0x00000000d5580000,0x00000000d5580000,0x00000000d6080000)
  from space 3072K, 84% used [0x00000000d6580000,0x00000000d680a640,0x00000000d6880000)
  to   space 3584K, 0% used [0x00000000d6180000,0x00000000d6180000,0x00000000d6500000)
 ParOldGen       total 116736K, used 116513K [0x0000000080000000, 0x0000000087200000, 0x00000000d5580000)
  object space 116736K, 99% used [0x0000000080000000,0x00000000871c87a8,0x0000000087200000)
 Metaspace       used 55946K, committed 57280K, reserved 1114112K
  class space    used 5988K, committed 6592K, reserved 1048576K
}
Event: 12.067 GC heap before
{Heap before GC invocations=55 (full 2):
 PSYoungGen      total 14336K, used 13194K [0x00000000d5580000, 0x00000000d6880000, 0x0000000100000000)
  eden space 11264K, 94% used [0x00000000d5580000,0x00000000d5fd8348,0x00000000d6080000)
  from space 3072K, 84% used [0x00000000d6580000,0x00000000d680a640,0x00000000d6880000)
  to   space 3584K, 0% used [0x00000000d6180000,0x00000000d6180000,0x00000000d6500000)
 ParOldGen       total 116736K, used 116513K [0x0000000080000000, 0x0000000087200000, 0x00000000d5580000)
  object space 116736K, 99% used [0x0000000080000000,0x00000000871c87a8,0x0000000087200000)
 Metaspace       used 56049K, committed 57344K, reserved 1114112K
  class space    used 6000K, committed 6592K, reserved 1048576K
}
Event: 12.072 GC heap after
{Heap after GC invocations=55 (full 2):
 PSYoungGen      total 13824K, used 2263K [0x00000000d5580000, 0x00000000d6600000, 0x0000000100000000)
  eden space 11264K, 0% used [0x00000000d5580000,0x00000000d5580000,0x00000000d6080000)
  from space 2560K, 88% used [0x00000000d6180000,0x00000000d63b5d80,0x00000000d6400000)
  to   space 2048K, 0% used [0x00000000d6400000,0x00000000d6400000,0x00000000d6600000)
 ParOldGen       total 119296K, used 118793K [0x0000000080000000, 0x0000000087480000, 0x00000000d5580000)
  object space 119296K, 99% used [0x0000000080000000,0x0000000087402508,0x0000000087480000)
 Metaspace       used 56049K, committed 57344K, reserved 1114112K
  class space    used 6000K, committed 6592K, reserved 1048576K
}
Event: 12.237 GC heap before
{Heap before GC invocations=56 (full 2):
 PSYoungGen      total 13824K, used 13527K [0x00000000d5580000, 0x00000000d6600000, 0x0000000100000000)
  eden space 11264K, 100% used [0x00000000d5580000,0x00000000d6080000,0x00000000d6080000)
  from space 2560K, 88% used [0x00000000d6180000,0x00000000d63b5d80,0x00000000d6400000)
  to   space 2048K, 0% used [0x00000000d6400000,0x00000000d6400000,0x00000000d6600000)
 ParOldGen       total 119296K, used 118793K [0x0000000080000000, 0x0000000087480000, 0x00000000d5580000)
  object space 119296K, 99% used [0x0000000080000000,0x0000000087402508,0x0000000087480000)
 Metaspace       used 56209K, committed 57472K, reserved 1114112K
  class space    used 6020K, committed 6592K, reserved 1048576K
}
Event: 12.246 GC heap after
{Heap after GC invocations=56 (full 2):
 PSYoungGen      total 12800K, used 1529K [0x00000000d5580000, 0x00000000d6580000, 0x0000000100000000)
  eden space 11264K, 0% used [0x00000000d5580000,0x00000000d5580000,0x00000000d6080000)
  from space 1536K, 99% used [0x00000000d6400000,0x00000000d657e7b8,0x00000000d6580000)
  to   space 2048K, 0% used [0x00000000d6180000,0x00000000d6180000,0x00000000d6380000)
 ParOldGen       total 122880K, used 122673K [0x0000000080000000, 0x0000000087800000, 0x00000000d5580000)
  object space 122880K, 99% used [0x0000000080000000,0x00000000877cc570,0x0000000087800000)
 Metaspace       used 56209K, committed 57472K, reserved 1114112K
  class space    used 6020K, committed 6592K, reserved 1048576K
}
Event: 12.420 GC heap before
{Heap before GC invocations=57 (full 2):
 PSYoungGen      total 12800K, used 12793K [0x00000000d5580000, 0x00000000d6580000, 0x0000000100000000)
  eden space 11264K, 100% used [0x00000000d5580000,0x00000000d6080000,0x00000000d6080000)
  from space 1536K, 99% used [0x00000000d6400000,0x00000000d657e7b8,0x00000000d6580000)
  to   space 2048K, 0% used [0x00000000d6180000,0x00000000d6180000,0x00000000d6380000)
 ParOldGen       total 122880K, used 122673K [0x0000000080000000, 0x0000000087800000, 0x00000000d5580000)
  object space 122880K, 99% used [0x0000000080000000,0x00000000877cc570,0x0000000087800000)
 Metaspace       used 56423K, committed 57728K, reserved 1114112K
  class space    used 6040K, committed 6656K, reserved 1048576K
}
Event: 12.426 GC heap after
{Heap after GC invocations=57 (full 2):
 PSYoungGen      total 13312K, used 2043K [0x00000000d5580000, 0x00000000d6880000, 0x0000000100000000)
  eden space 11264K, 0% used [0x00000000d5580000,0x00000000d5580000,0x00000000d6080000)
  from space 2048K, 99% used [0x00000000d6180000,0x00000000d637edc8,0x00000000d6380000)
  to   space 4096K, 0% used [0x00000000d6480000,0x00000000d6480000,0x00000000d6880000)
 ParOldGen       total 124416K, used 124045K [0x0000000080000000, 0x0000000087980000, 0x00000000d5580000)
  object space 124416K, 99% used [0x0000000080000000,0x0000000087923460,0x0000000087980000)
 Metaspace       used 56423K, committed 57728K, reserved 1114112K
  class space    used 6040K, committed 6656K, reserved 1048576K
}
Event: 12.656 GC heap before
{Heap before GC invocations=58 (full 2):
 PSYoungGen      total 13312K, used 13196K [0x00000000d5580000, 0x00000000d6880000, 0x0000000100000000)
  eden space 11264K, 99% used [0x00000000d5580000,0x00000000d60644e8,0x00000000d6080000)
  from space 2048K, 99% used [0x00000000d6180000,0x00000000d637edc8,0x00000000d6380000)
  to   space 4096K, 0% used [0x00000000d6480000,0x00000000d6480000,0x00000000d6880000)
 ParOldGen       total 124416K, used 124045K [0x0000000080000000, 0x0000000087980000, 0x00000000d5580000)
  object space 124416K, 99% used [0x0000000080000000,0x0000000087923460,0x0000000087980000)
 Metaspace       used 56615K, committed 57920K, reserved 1114112K
  class space    used 6054K, committed 6656K, reserved 1048576K
}
Event: 12.663 GC heap after
{Heap after GC invocations=58 (full 2):
 PSYoungGen      total 13824K, used 2267K [0x00000000d5580000, 0x00000000d6700000, 0x0000000100000000)
  eden space 11264K, 0% used [0x00000000d5580000,0x00000000d5580000,0x00000000d6080000)
  from space 2560K, 88% used [0x00000000d6480000,0x00000000d66b6fd0,0x00000000d6700000)
  to   space 3072K, 0% used [0x00000000d6100000,0x00000000d6100000,0x00000000d6400000)
 ParOldGen       total 125952K, used 125932K [0x0000000080000000, 0x0000000087b00000, 0x00000000d5580000)
  object space 125952K, 99% used [0x0000000080000000,0x0000000087afb170,0x0000000087b00000)
 Metaspace       used 56615K, committed 57920K, reserved 1114112K
  class space    used 6054K, committed 6656K, reserved 1048576K
}
Event: 12.835 GC heap before
{Heap before GC invocations=59 (full 2):
 PSYoungGen      total 13824K, used 13531K [0x00000000d5580000, 0x00000000d6700000, 0x0000000100000000)
  eden space 11264K, 100% used [0x00000000d5580000,0x00000000d6080000,0x00000000d6080000)
  from space 2560K, 88% used [0x00000000d6480000,0x00000000d66b6fd0,0x00000000d6700000)
  to   space 3072K, 0% used [0x00000000d6100000,0x00000000d6100000,0x00000000d6400000)
 ParOldGen       total 125952K, used 125932K [0x0000000080000000, 0x0000000087b00000, 0x00000000d5580000)
  object space 125952K, 99% used [0x0000000080000000,0x0000000087afb170,0x0000000087b00000)
 Metaspace       used 56899K, committed 58176K, reserved 1114112K
  class space    used 6082K, committed 6656K, reserved 1048576K
}
Event: 12.843 GC heap after
{Heap after GC invocations=59 (full 2):
 PSYoungGen      total 14336K, used 2764K [0x00000000d5580000, 0x00000000d6680000, 0x0000000100000000)
  eden space 11264K, 0% used [0x00000000d5580000,0x00000000d5580000,0x00000000d6080000)
  from space 3072K, 89% used [0x00000000d6100000,0x00000000d63b3200,0x00000000d6400000)
  to   space 2560K, 0% used [0x00000000d6400000,0x00000000d6400000,0x00000000d6680000)
 ParOldGen       total 128000K, used 127867K [0x0000000080000000, 0x0000000087d00000, 0x00000000d5580000)
  object space 128000K, 99% used [0x0000000080000000,0x0000000087cdee08,0x0000000087d00000)
 Metaspace       used 56899K, committed 58176K, reserved 1114112K
  class space    used 6082K, committed 6656K, reserved 1048576K
}
Event: 13.019 GC heap before
{Heap before GC invocations=60 (full 2):
 PSYoungGen      total 14336K, used 14028K [0x00000000d5580000, 0x00000000d6680000, 0x0000000100000000)
  eden space 11264K, 100% used [0x00000000d5580000,0x00000000d6080000,0x00000000d6080000)
  from space 3072K, 89% used [0x00000000d6100000,0x00000000d63b3200,0x00000000d6400000)
  to   space 2560K, 0% used [0x00000000d6400000,0x00000000d6400000,0x00000000d6680000)
 ParOldGen       total 128000K, used 127867K [0x0000000080000000, 0x0000000087d00000, 0x00000000d5580000)
  object space 128000K, 99% used [0x0000000080000000,0x0000000087cdee08,0x0000000087d00000)
 Metaspace       used 56899K, committed 58176K, reserved 1114112K
  class space    used 6082K, committed 6656K, reserved 1048576K
}
Event: 13.027 GC heap after
{Heap after GC invocations=60 (full 2):
 PSYoungGen      total 11264K, used 2557K [0x00000000d5580000, 0x00000000d6c80000, 0x0000000100000000)
  eden space 8704K, 0% used [0x00000000d5580000,0x00000000d5580000,0x00000000d5e00000)
  from space 2560K, 99% used [0x00000000d6400000,0x00000000d667f710,0x00000000d6680000)
  to   space 6144K, 0% used [0x00000000d5e00000,0x00000000d5e00000,0x00000000d6400000)
 ParOldGen       total 131072K, used 130845K [0x0000000080000000, 0x0000000088000000, 0x00000000d5580000)
  object space 131072K, 99% used [0x0000000080000000,0x0000000087fc7678,0x0000000088000000)
 Metaspace       used 56899K, committed 58176K, reserved 1114112K
  class space    used 6082K, committed 6656K, reserved 1048576K
}
Event: 13.108 GC heap before
{Heap before GC invocations=61 (full 2):
 PSYoungGen      total 11264K, used 11261K [0x00000000d5580000, 0x00000000d6c80000, 0x0000000100000000)
  eden space 8704K, 100% used [0x00000000d5580000,0x00000000d5e00000,0x00000000d5e00000)
  from space 2560K, 99% used [0x00000000d6400000,0x00000000d667f710,0x00000000d6680000)
  to   space 6144K, 0% used [0x00000000d5e00000,0x00000000d5e00000,0x00000000d6400000)
 ParOldGen       total 131072K, used 130845K [0x0000000080000000, 0x0000000088000000, 0x00000000d5580000)
  object space 131072K, 99% used [0x0000000080000000,0x0000000087fc7678,0x0000000088000000)
 Metaspace       used 56899K, committed 58176K, reserved 1114112K
  class space    used 6082K, committed 6656K, reserved 1048576K
}
Event: 14.128 GC heap after
{Heap after GC invocations=61 (full 2):
 PSYoungGen      total 11264K, used 2433K [0x00000000d5580000, 0x00000000d6700000, 0x0000000100000000)
  eden space 8704K, 0% used [0x00000000d5580000,0x00000000d5580000,0x00000000d5e00000)
  from space 2560K, 95% used [0x00000000d5e00000,0x00000000d6060430,0x00000000d6080000)
  to   space 3584K, 0% used [0x00000000d6380000,0x00000000d6380000,0x00000000d6700000)
 ParOldGen       total 133632K, used 133331K [0x0000000080000000, 0x0000000088280000, 0x00000000d5580000)
  object space 133632K, 99% used [0x0000000080000000,0x0000000088234ef8,0x0000000088280000)
 Metaspace       used 56899K, committed 58176K, reserved 1114112K
  class space    used 6082K, committed 6656K, reserved 1048576K
}

